[0.013s] Invoking command in '/home/quentin/Bureau/roomba_virtuel/build/custom_interfaces': CMAKE_PREFIX_PATH=${CMAKE_PREFIX_PATH}:/opt/ros/jazzy DEBUGINFOD_URLS=https://debuginfod.ubuntu.com /usr/bin/cmake /home/quentin/Bureau/roomba_virtuel/src/custom_interfaces -DCMAKE_INSTALL_PREFIX=/home/quentin/Bureau/roomba_virtuel/install/custom_interfaces
[0.128s] -- The C compiler identification is GNU 13.3.0
[0.241s] -- The CXX compiler identification is GNU 13.3.0
[0.273s] -- Detecting C compiler ABI info
[0.384s] -- Detecting C compiler ABI info - done
[0.406s] -- Check for working C compiler: /usr/bin/cc - skipped
[0.407s] -- Detecting C compile features
[0.408s] -- Detecting C compile features - done
[0.423s] -- Detecting CXX compiler ABI info
[0.531s] -- Detecting CXX compiler ABI info - done
[0.556s] -- Check for working CXX compiler: /usr/bin/c++ - skipped
[0.557s] -- Detecting CXX compile features
[0.558s] -- Detecting CXX compile features - done
[0.566s] -- Found ament_cmake: 2.5.6 (/opt/ros/jazzy/share/ament_cmake/cmake)
[0.713s] -- Found Python3: /usr/bin/python3 (found version "3.12.3") found components: Interpreter 
[0.832s] -- Found ament_lint_auto: 0.17.5 (/opt/ros/jazzy/share/ament_lint_auto/cmake)
[0.967s] -- Found rosidl_default_generators: 1.6.0 (/opt/ros/jazzy/share/rosidl_default_generators/cmake)
[0.975s] -- Using all available rosidl_typesupport_c: rosidl_typesupport_fastrtps_c;rosidl_typesupport_introspection_c
[1.030s] -- Using all available rosidl_typesupport_cpp: rosidl_typesupport_fastrtps_cpp;rosidl_typesupport_introspection_cpp
[1.080s] -- Found rosidl_adapter: 4.6.7 (/opt/ros/jazzy/share/rosidl_adapter/cmake)
[1.737s] -- Found ament_cmake_ros: 0.12.0 (/opt/ros/jazzy/share/ament_cmake_ros/cmake)
[2.328s] -- Using all available rosidl_typesupport_c: rosidl_typesupport_fastrtps_c;rosidl_typesupport_introspection_c
[3.164s] -- Using all available rosidl_typesupport_cpp: rosidl_typesupport_fastrtps_cpp;rosidl_typesupport_introspection_cpp
[3.172s] -- Found python_cmake_module: 0.11.1 (/opt/ros/jazzy/share/python_cmake_module/cmake)
[3.348s] -- Found PythonExtra: /usr/bin/python3  
[3.878s] -- Found Python3: /usr/bin/python3 (found version "3.12.3") found components: Interpreter Development NumPy Development.Module Development.Embed 
[3.979s] -- Found Python3: /usr/bin/python3 (found version "3.12.3") found components: Interpreter 
[3.993s] -- Added test 'lint_cmake' to check CMake code style
[3.998s] -- Added test 'xmllint' to check XML markup files
[4.016s] -- Configuring done (4.0s)
[4.058s] -- Generating done (0.0s)
[4.070s] -- Build files have been written to: /home/quentin/Bureau/roomba_virtuel/build/custom_interfaces
[4.084s] Invoked command in '/home/quentin/Bureau/roomba_virtuel/build/custom_interfaces' returned '0': CMAKE_PREFIX_PATH=${CMAKE_PREFIX_PATH}:/opt/ros/jazzy DEBUGINFOD_URLS=https://debuginfod.ubuntu.com /usr/bin/cmake /home/quentin/Bureau/roomba_virtuel/src/custom_interfaces -DCMAKE_INSTALL_PREFIX=/home/quentin/Bureau/roomba_virtuel/install/custom_interfaces
[4.086s] Invoking command in '/home/quentin/Bureau/roomba_virtuel/build/custom_interfaces': CMAKE_PREFIX_PATH=${CMAKE_PREFIX_PATH}:/opt/ros/jazzy DEBUGINFOD_URLS=https://debuginfod.ubuntu.com /usr/bin/cmake --build /home/quentin/Bureau/roomba_virtuel/build/custom_interfaces -- -j16 -l16
[4.190s] [  1%] [34m[1mGenerating type hashes for ROS interfaces[0m
[4.192s] [  3%] [34m[1mGenerating Rust code for ROS interfaces[0m
[4.202s] [  3%] Built target ament_cmake_python_copy_custom_interfaces
[4.384s] running egg_info
[4.384s] creating custom_interfaces.egg-info
[4.401s] writing custom_interfaces.egg-info/PKG-INFO
[4.401s] writing dependency_links to custom_interfaces.egg-info/dependency_links.txt
[4.401s] writing top-level names to custom_interfaces.egg-info/top_level.txt
[4.401s] writing manifest file 'custom_interfaces.egg-info/SOURCES.txt'
[4.435s] [  3%] Built target custom_interfaces__rosidl_generator_type_description
[4.449s] [  5%] [34m[1mGenerating C code for ROS interfaces[0m
[4.450s] reading manifest file 'custom_interfaces.egg-info/SOURCES.txt'
[4.451s] writing manifest file 'custom_interfaces.egg-info/SOURCES.txt'
[4.460s] [  7%] [34m[1mGenerating C++ code for ROS interfaces[0m
[4.476s] [  7%] Built target custom_interfaces__rs
[4.489s] [  7%] Built target ament_cmake_python_build_custom_interfaces_egg
[4.834s] [  7%] Built target custom_interfaces__cpp
[4.880s] [ 10%] [32mBuilding C object CMakeFiles/custom_interfaces__rosidl_generator_c.dir/rosidl_generator_c/custom_interfaces/msg/detail/roomba_state__type_support.c.o[0m
[4.880s] [ 10%] [32mBuilding C object CMakeFiles/custom_interfaces__rosidl_generator_c.dir/rosidl_generator_c/custom_interfaces/msg/detail/roomba_state__description.c.o[0m
[4.880s] [ 14%] [32mBuilding C object CMakeFiles/custom_interfaces__rosidl_generator_c.dir/rosidl_generator_c/custom_interfaces/srv/detail/toggle_cleaning__description.c.o[0m
[4.880s] [ 14%] [32mBuilding C object CMakeFiles/custom_interfaces__rosidl_generator_c.dir/rosidl_generator_c/custom_interfaces/msg/detail/roomba_state__functions.c.o[0m
[4.880s] [ 16%] [32mBuilding C object CMakeFiles/custom_interfaces__rosidl_generator_c.dir/rosidl_generator_c/custom_interfaces/srv/detail/set_power_mode__type_support.c.o[0m
[4.880s] [ 20%] [32mBuilding C object CMakeFiles/custom_interfaces__rosidl_generator_c.dir/rosidl_generator_c/custom_interfaces/srv/detail/set_power_mode__functions.c.o[0m
[4.880s] [ 20%] [32mBuilding C object CMakeFiles/custom_interfaces__rosidl_generator_c.dir/rosidl_generator_c/custom_interfaces/srv/detail/set_power_mode__description.c.o[0m
[4.883s] [ 23%] [32mBuilding C object CMakeFiles/custom_interfaces__rosidl_generator_c.dir/rosidl_generator_c/custom_interfaces/srv/detail/toggle_cleaning__functions.c.o[0m
[4.883s] [ 23%] [32mBuilding C object CMakeFiles/custom_interfaces__rosidl_generator_c.dir/rosidl_generator_c/custom_interfaces/srv/detail/toggle_cleaning__type_support.c.o[0m
[4.956s] [ 25%] [32m[1mLinking C shared library libcustom_interfaces__rosidl_generator_c.so[0m
[5.003s] [ 25%] Built target custom_interfaces__rosidl_generator_c
[5.015s] [ 30%] [34m[1mGenerating C type support for eProsima Fast-RTPS[0m
[5.016s] [ 30%] [34m[1mGenerating C++ type support dispatch for ROS interfaces[0m
[5.016s] [ 30%] [34m[1mGenerating C++ type support for eProsima Fast-RTPS[0m
[5.016s] [ 32%] [34m[1mGenerating C++ introspection for ROS interfaces[0m
[5.017s] [ 34%] [34m[1mGenerating C type support dispatch for ROS interfaces[0m
[5.018s] [ 36%] [34m[1mGenerating C introspection for ROS interfaces[0m
[5.316s] [ 38%] [32mBuilding CXX object CMakeFiles/custom_interfaces__rosidl_typesupport_c.dir/rosidl_typesupport_c/custom_interfaces/msg/roomba_state__type_support.cpp.o[0m
[5.320s] [ 40%] [32mBuilding CXX object CMakeFiles/custom_interfaces__rosidl_typesupport_c.dir/rosidl_typesupport_c/custom_interfaces/srv/toggle_cleaning__type_support.cpp.o[0m
[5.323s] [ 43%] [32mBuilding CXX object CMakeFiles/custom_interfaces__rosidl_typesupport_c.dir/rosidl_typesupport_c/custom_interfaces/srv/set_power_mode__type_support.cpp.o[0m
[5.323s] [ 43%] [32mBuilding CXX object CMakeFiles/custom_interfaces__rosidl_typesupport_cpp.dir/rosidl_typesupport_cpp/custom_interfaces/msg/roomba_state__type_support.cpp.o[0m
[5.325s] [ 47%] [32mBuilding CXX object CMakeFiles/custom_interfaces__rosidl_typesupport_cpp.dir/rosidl_typesupport_cpp/custom_interfaces/srv/set_power_mode__type_support.cpp.o[0m
[5.327s] [ 47%] [32mBuilding CXX object CMakeFiles/custom_interfaces__rosidl_typesupport_cpp.dir/rosidl_typesupport_cpp/custom_interfaces/srv/toggle_cleaning__type_support.cpp.o[0m
[5.356s] [ 49%] [32mBuilding CXX object CMakeFiles/custom_interfaces__rosidl_typesupport_introspection_cpp.dir/rosidl_typesupport_introspection_cpp/custom_interfaces/srv/detail/toggle_cleaning__type_support.cpp.o[0m
[5.356s] [ 50%] [32mBuilding CXX object CMakeFiles/custom_interfaces__rosidl_typesupport_introspection_cpp.dir/rosidl_typesupport_introspection_cpp/custom_interfaces/msg/detail/roomba_state__type_support.cpp.o[0m
[5.357s] [ 52%] [32mBuilding CXX object CMakeFiles/custom_interfaces__rosidl_typesupport_introspection_cpp.dir/rosidl_typesupport_introspection_cpp/custom_interfaces/srv/detail/set_power_mode__type_support.cpp.o[0m
[5.375s] [ 56%] [32mBuilding C object CMakeFiles/custom_interfaces__rosidl_typesupport_introspection_c.dir/rosidl_typesupport_introspection_c/custom_interfaces/srv/detail/toggle_cleaning__type_support.c.o[0m
[5.375s] [ 56%] [32mBuilding C object CMakeFiles/custom_interfaces__rosidl_typesupport_introspection_c.dir/rosidl_typesupport_introspection_c/custom_interfaces/srv/detail/set_power_mode__type_support.c.o[0m
[5.376s] [ 58%] [32mBuilding C object CMakeFiles/custom_interfaces__rosidl_typesupport_introspection_c.dir/rosidl_typesupport_introspection_c/custom_interfaces/msg/detail/roomba_state__type_support.c.o[0m
[5.385s] [ 60%] [32m[1mLinking CXX shared library libcustom_interfaces__rosidl_typesupport_c.so[0m
[5.429s] [ 60%] Built target custom_interfaces__rosidl_typesupport_c
[5.432s] [ 61%] [32m[1mLinking C shared library libcustom_interfaces__rosidl_typesupport_introspection_c.so[0m
[5.469s] [ 61%] Built target custom_interfaces__rosidl_typesupport_introspection_c
[5.500s] [ 63%] [32mBuilding CXX object CMakeFiles/custom_interfaces__rosidl_typesupport_fastrtps_cpp.dir/rosidl_typesupport_fastrtps_cpp/custom_interfaces/msg/detail/dds_fastrtps/roomba_state__type_support.cpp.o[0m
[5.501s] [ 65%] [32mBuilding CXX object CMakeFiles/custom_interfaces__rosidl_typesupport_fastrtps_cpp.dir/rosidl_typesupport_fastrtps_cpp/custom_interfaces/srv/detail/dds_fastrtps/toggle_cleaning__type_support.cpp.o[0m
[5.501s] [ 67%] [32mBuilding CXX object CMakeFiles/custom_interfaces__rosidl_typesupport_fastrtps_cpp.dir/rosidl_typesupport_fastrtps_cpp/custom_interfaces/srv/detail/dds_fastrtps/set_power_mode__type_support.cpp.o[0m
[5.522s] [ 69%] [32mBuilding CXX object CMakeFiles/custom_interfaces__rosidl_typesupport_fastrtps_c.dir/rosidl_typesupport_fastrtps_c/custom_interfaces/msg/detail/roomba_state__type_support_c.cpp.o[0m
[5.523s] [ 72%] [32mBuilding CXX object CMakeFiles/custom_interfaces__rosidl_typesupport_fastrtps_c.dir/rosidl_typesupport_fastrtps_c/custom_interfaces/srv/detail/set_power_mode__type_support_c.cpp.o[0m
[5.524s] [ 72%] [32mBuilding CXX object CMakeFiles/custom_interfaces__rosidl_typesupport_fastrtps_c.dir/rosidl_typesupport_fastrtps_c/custom_interfaces/srv/detail/toggle_cleaning__type_support_c.cpp.o[0m
[5.767s] [ 74%] [32m[1mLinking CXX shared library libcustom_interfaces__rosidl_typesupport_cpp.so[0m
[5.877s] [ 74%] Built target custom_interfaces__rosidl_typesupport_cpp
[5.919s] [ 76%] [32m[1mLinking CXX shared library libcustom_interfaces__rosidl_typesupport_introspection_cpp.so[0m
[6.022s] [ 76%] Built target custom_interfaces__rosidl_typesupport_introspection_cpp
[6.092s] [ 78%] [32m[1mLinking CXX shared library libcustom_interfaces__rosidl_typesupport_fastrtps_c.so[0m
[6.193s] [ 80%] [32m[1mLinking CXX shared library libcustom_interfaces__rosidl_typesupport_fastrtps_cpp.so[0m
[6.194s] [ 80%] Built target custom_interfaces__rosidl_typesupport_fastrtps_c
[6.291s] [ 80%] Built target custom_interfaces__rosidl_typesupport_fastrtps_cpp
[6.314s] [ 80%] Built target custom_interfaces
[6.338s] [ 81%] [34m[1mGenerating Python code for ROS interfaces[0m
[6.895s] [ 81%] Built target custom_interfaces__py
[6.920s] [ 87%] [32mBuilding C object CMakeFiles/custom_interfaces__rosidl_generator_py.dir/rosidl_generator_py/custom_interfaces/srv/_set_power_mode_s.c.o[0m
[6.920s] [ 87%] [32mBuilding C object CMakeFiles/custom_interfaces__rosidl_generator_py.dir/rosidl_generator_py/custom_interfaces/msg/_roomba_state_s.c.o[0m
[6.920s] [ 87%] [32mBuilding C object CMakeFiles/custom_interfaces__rosidl_generator_py.dir/rosidl_generator_py/custom_interfaces/srv/_toggle_cleaning_s.c.o[0m
[7.075s] [ 89%] [32m[1mLinking C shared library libcustom_interfaces__rosidl_generator_py.so[0m
[7.134s] [ 89%] Built target custom_interfaces__rosidl_generator_py
[7.154s] [ 90%] [32mBuilding C object CMakeFiles/custom_interfaces_s__rosidl_typesupport_fastrtps_c.dir/rosidl_generator_py/custom_interfaces/_custom_interfaces_s.ep.rosidl_typesupport_fastrtps_c.c.o[0m
[7.154s] [ 92%] [32mBuilding C object CMakeFiles/custom_interfaces_s__rosidl_typesupport_introspection_c.dir/rosidl_generator_py/custom_interfaces/_custom_interfaces_s.ep.rosidl_typesupport_introspection_c.c.o[0m
[7.159s] [ 94%] [32mBuilding C object CMakeFiles/custom_interfaces_s__rosidl_typesupport_c.dir/rosidl_generator_py/custom_interfaces/_custom_interfaces_s.ep.rosidl_typesupport_c.c.o[0m
[7.262s] [ 96%] [32m[1mLinking C shared module rosidl_generator_py/custom_interfaces/custom_interfaces_s__rosidl_typesupport_fastrtps_c.so[0m
[7.265s] [ 98%] [32m[1mLinking C shared module rosidl_generator_py/custom_interfaces/custom_interfaces_s__rosidl_typesupport_introspection_c.so[0m
[7.284s] [100%] [32m[1mLinking C shared module rosidl_generator_py/custom_interfaces/custom_interfaces_s__rosidl_typesupport_c.so[0m
[7.308s] [100%] Built target custom_interfaces_s__rosidl_typesupport_introspection_c
[7.311s] [100%] Built target custom_interfaces_s__rosidl_typesupport_fastrtps_c
[7.327s] [100%] Built target custom_interfaces_s__rosidl_typesupport_c
[7.340s] Invoked command in '/home/quentin/Bureau/roomba_virtuel/build/custom_interfaces' returned '0': CMAKE_PREFIX_PATH=${CMAKE_PREFIX_PATH}:/opt/ros/jazzy DEBUGINFOD_URLS=https://debuginfod.ubuntu.com /usr/bin/cmake --build /home/quentin/Bureau/roomba_virtuel/build/custom_interfaces -- -j16 -l16
[7.360s] Invoking command in '/home/quentin/Bureau/roomba_virtuel/build/custom_interfaces': CMAKE_PREFIX_PATH=${CMAKE_PREFIX_PATH}:/opt/ros/jazzy DEBUGINFOD_URLS=https://debuginfod.ubuntu.com /usr/bin/cmake --install /home/quentin/Bureau/roomba_virtuel/build/custom_interfaces
[7.368s] -- Install configuration: ""
[7.368s] -- Installing: /home/quentin/Bureau/roomba_virtuel/install/custom_interfaces/share/ament_index/resource_index/rosidl_interfaces/custom_interfaces
[7.369s] -- Installing: /home/quentin/Bureau/roomba_virtuel/install/custom_interfaces/share/custom_interfaces/msg/RoombaState.json
[7.369s] -- Installing: /home/quentin/Bureau/roomba_virtuel/install/custom_interfaces/share/custom_interfaces/srv/SetPowerMode.json
[7.369s] -- Installing: /home/quentin/Bureau/roomba_virtuel/install/custom_interfaces/share/custom_interfaces/srv/ToggleCleaning.json
[7.369s] -- Installing: /home/quentin/Bureau/roomba_virtuel/install/custom_interfaces/include/custom_interfaces/custom_interfaces
[7.370s] -- Installing: /home/quentin/Bureau/roomba_virtuel/install/custom_interfaces/include/custom_interfaces/custom_interfaces/srv
[7.370s] -- Installing: /home/quentin/Bureau/roomba_virtuel/install/custom_interfaces/include/custom_interfaces/custom_interfaces/srv/detail
[7.370s] -- Installing: /home/quentin/Bureau/roomba_virtuel/install/custom_interfaces/include/custom_interfaces/custom_interfaces/srv/detail/set_power_mode__functions.h
[7.370s] -- Installing: /home/quentin/Bureau/roomba_virtuel/install/custom_interfaces/include/custom_interfaces/custom_interfaces/srv/detail/toggle_cleaning__struct.h
[7.370s] -- Installing: /home/quentin/Bureau/roomba_virtuel/install/custom_interfaces/include/custom_interfaces/custom_interfaces/srv/detail/toggle_cleaning__functions.c
[7.371s] -- Installing: /home/quentin/Bureau/roomba_virtuel/install/custom_interfaces/include/custom_interfaces/custom_interfaces/srv/detail/set_power_mode__description.c
[7.371s] -- Installing: /home/quentin/Bureau/roomba_virtuel/install/custom_interfaces/include/custom_interfaces/custom_interfaces/srv/detail/set_power_mode__type_support.h
[7.371s] -- Installing: /home/quentin/Bureau/roomba_virtuel/install/custom_interfaces/include/custom_interfaces/custom_interfaces/srv/detail/toggle_cleaning__type_support.h
[7.371s] -- Installing: /home/quentin/Bureau/roomba_virtuel/install/custom_interfaces/include/custom_interfaces/custom_interfaces/srv/detail/set_power_mode__functions.c
[7.372s] -- Installing: /home/quentin/Bureau/roomba_virtuel/install/custom_interfaces/include/custom_interfaces/custom_interfaces/srv/detail/set_power_mode__struct.h
[7.372s] -- Installing: /home/quentin/Bureau/roomba_virtuel/install/custom_interfaces/include/custom_interfaces/custom_interfaces/srv/detail/set_power_mode__type_support.c
[7.372s] -- Installing: /home/quentin/Bureau/roomba_virtuel/install/custom_interfaces/include/custom_interfaces/custom_interfaces/srv/detail/toggle_cleaning__description.c
[7.372s] -- Installing: /home/quentin/Bureau/roomba_virtuel/install/custom_interfaces/include/custom_interfaces/custom_interfaces/srv/detail/toggle_cleaning__type_support.c
[7.372s] -- Installing: /home/quentin/Bureau/roomba_virtuel/install/custom_interfaces/include/custom_interfaces/custom_interfaces/srv/detail/toggle_cleaning__functions.h
[7.373s] -- Installing: /home/quentin/Bureau/roomba_virtuel/install/custom_interfaces/include/custom_interfaces/custom_interfaces/srv/set_power_mode.h
[7.373s] -- Installing: /home/quentin/Bureau/roomba_virtuel/install/custom_interfaces/include/custom_interfaces/custom_interfaces/srv/toggle_cleaning.h
[7.373s] -- Installing: /home/quentin/Bureau/roomba_virtuel/install/custom_interfaces/include/custom_interfaces/custom_interfaces/msg
[7.373s] -- Installing: /home/quentin/Bureau/roomba_virtuel/install/custom_interfaces/include/custom_interfaces/custom_interfaces/msg/detail
[7.373s] -- Installing: /home/quentin/Bureau/roomba_virtuel/install/custom_interfaces/include/custom_interfaces/custom_interfaces/msg/detail/roomba_state__type_support.c
[7.374s] -- Installing: /home/quentin/Bureau/roomba_virtuel/install/custom_interfaces/include/custom_interfaces/custom_interfaces/msg/detail/roomba_state__type_support.h
[7.374s] -- Installing: /home/quentin/Bureau/roomba_virtuel/install/custom_interfaces/include/custom_interfaces/custom_interfaces/msg/detail/roomba_state__functions.h
[7.374s] -- Installing: /home/quentin/Bureau/roomba_virtuel/install/custom_interfaces/include/custom_interfaces/custom_interfaces/msg/detail/roomba_state__struct.h
[7.374s] -- Installing: /home/quentin/Bureau/roomba_virtuel/install/custom_interfaces/include/custom_interfaces/custom_interfaces/msg/detail/roomba_state__description.c
[7.374s] -- Installing: /home/quentin/Bureau/roomba_virtuel/install/custom_interfaces/include/custom_interfaces/custom_interfaces/msg/detail/roomba_state__functions.c
[7.374s] -- Installing: /home/quentin/Bureau/roomba_virtuel/install/custom_interfaces/include/custom_interfaces/custom_interfaces/msg/roomba_state.h
[7.375s] -- Installing: /home/quentin/Bureau/roomba_virtuel/install/custom_interfaces/include/custom_interfaces/custom_interfaces/msg/rosidl_generator_c__visibility_control.h
[7.375s] -- Installing: /home/quentin/Bureau/roomba_virtuel/install/custom_interfaces/share/custom_interfaces/environment/library_path.sh
[7.375s] -- Installing: /home/quentin/Bureau/roomba_virtuel/install/custom_interfaces/share/custom_interfaces/environment/library_path.dsv
[7.375s] -- Installing: /home/quentin/Bureau/roomba_virtuel/install/custom_interfaces/lib/libcustom_interfaces__rosidl_generator_c.so
[7.376s] -- Set non-toolchain portion of runtime path of "/home/quentin/Bureau/roomba_virtuel/install/custom_interfaces/lib/libcustom_interfaces__rosidl_generator_c.so" to ""
[7.376s] -- Up-to-date: /home/quentin/Bureau/roomba_virtuel/install/custom_interfaces/include/custom_interfaces/custom_interfaces
[7.376s] -- Up-to-date: /home/quentin/Bureau/roomba_virtuel/install/custom_interfaces/include/custom_interfaces/custom_interfaces/srv
[7.376s] -- Up-to-date: /home/quentin/Bureau/roomba_virtuel/install/custom_interfaces/include/custom_interfaces/custom_interfaces/srv/detail
[7.376s] -- Installing: /home/quentin/Bureau/roomba_virtuel/install/custom_interfaces/include/custom_interfaces/custom_interfaces/srv/detail/set_power_mode__rosidl_typesupport_fastrtps_c.h
[7.377s] -- Installing: /home/quentin/Bureau/roomba_virtuel/install/custom_interfaces/include/custom_interfaces/custom_interfaces/srv/detail/toggle_cleaning__rosidl_typesupport_fastrtps_c.h
[7.377s] -- Up-to-date: /home/quentin/Bureau/roomba_virtuel/install/custom_interfaces/include/custom_interfaces/custom_interfaces/msg
[7.377s] -- Up-to-date: /home/quentin/Bureau/roomba_virtuel/install/custom_interfaces/include/custom_interfaces/custom_interfaces/msg/detail
[7.377s] -- Installing: /home/quentin/Bureau/roomba_virtuel/install/custom_interfaces/include/custom_interfaces/custom_interfaces/msg/detail/roomba_state__rosidl_typesupport_fastrtps_c.h
[7.377s] -- Installing: /home/quentin/Bureau/roomba_virtuel/install/custom_interfaces/include/custom_interfaces/custom_interfaces/msg/rosidl_typesupport_fastrtps_c__visibility_control.h
[7.378s] -- Installing: /home/quentin/Bureau/roomba_virtuel/install/custom_interfaces/lib/libcustom_interfaces__rosidl_typesupport_fastrtps_c.so
[7.378s] -- Set non-toolchain portion of runtime path of "/home/quentin/Bureau/roomba_virtuel/install/custom_interfaces/lib/libcustom_interfaces__rosidl_typesupport_fastrtps_c.so" to ""
[7.378s] -- Up-to-date: /home/quentin/Bureau/roomba_virtuel/install/custom_interfaces/include/custom_interfaces/custom_interfaces
[7.378s] -- Up-to-date: /home/quentin/Bureau/roomba_virtuel/install/custom_interfaces/include/custom_interfaces/custom_interfaces/srv
[7.378s] -- Up-to-date: /home/quentin/Bureau/roomba_virtuel/install/custom_interfaces/include/custom_interfaces/custom_interfaces/srv/detail
[7.379s] -- Installing: /home/quentin/Bureau/roomba_virtuel/install/custom_interfaces/include/custom_interfaces/custom_interfaces/srv/detail/set_power_mode__rosidl_typesupport_introspection_c.h
[7.379s] -- Installing: /home/quentin/Bureau/roomba_virtuel/install/custom_interfaces/include/custom_interfaces/custom_interfaces/srv/detail/set_power_mode__type_support.c
[7.379s] -- Installing: /home/quentin/Bureau/roomba_virtuel/install/custom_interfaces/include/custom_interfaces/custom_interfaces/srv/detail/toggle_cleaning__type_support.c
[7.379s] -- Installing: /home/quentin/Bureau/roomba_virtuel/install/custom_interfaces/include/custom_interfaces/custom_interfaces/srv/detail/toggle_cleaning__rosidl_typesupport_introspection_c.h
[7.379s] -- Up-to-date: /home/quentin/Bureau/roomba_virtuel/install/custom_interfaces/include/custom_interfaces/custom_interfaces/msg
[7.380s] -- Up-to-date: /home/quentin/Bureau/roomba_virtuel/install/custom_interfaces/include/custom_interfaces/custom_interfaces/msg/detail
[7.380s] -- Installing: /home/quentin/Bureau/roomba_virtuel/install/custom_interfaces/include/custom_interfaces/custom_interfaces/msg/detail/roomba_state__rosidl_typesupport_introspection_c.h
[7.380s] -- Installing: /home/quentin/Bureau/roomba_virtuel/install/custom_interfaces/include/custom_interfaces/custom_interfaces/msg/detail/roomba_state__type_support.c
[7.380s] -- Installing: /home/quentin/Bureau/roomba_virtuel/install/custom_interfaces/include/custom_interfaces/custom_interfaces/msg/rosidl_typesupport_introspection_c__visibility_control.h
[7.381s] -- Installing: /home/quentin/Bureau/roomba_virtuel/install/custom_interfaces/lib/libcustom_interfaces__rosidl_typesupport_introspection_c.so
[7.381s] -- Set non-toolchain portion of runtime path of "/home/quentin/Bureau/roomba_virtuel/install/custom_interfaces/lib/libcustom_interfaces__rosidl_typesupport_introspection_c.so" to ""
[7.381s] -- Installing: /home/quentin/Bureau/roomba_virtuel/install/custom_interfaces/lib/libcustom_interfaces__rosidl_typesupport_c.so
[7.381s] -- Set non-toolchain portion of runtime path of "/home/quentin/Bureau/roomba_virtuel/install/custom_interfaces/lib/libcustom_interfaces__rosidl_typesupport_c.so" to ""
[7.381s] -- Up-to-date: /home/quentin/Bureau/roomba_virtuel/install/custom_interfaces/include/custom_interfaces/custom_interfaces
[7.382s] -- Up-to-date: /home/quentin/Bureau/roomba_virtuel/install/custom_interfaces/include/custom_interfaces/custom_interfaces/srv
[7.382s] -- Up-to-date: /home/quentin/Bureau/roomba_virtuel/install/custom_interfaces/include/custom_interfaces/custom_interfaces/srv/detail
[7.382s] -- Installing: /home/quentin/Bureau/roomba_virtuel/install/custom_interfaces/include/custom_interfaces/custom_interfaces/srv/detail/toggle_cleaning__builder.hpp
[7.382s] -- Installing: /home/quentin/Bureau/roomba_virtuel/install/custom_interfaces/include/custom_interfaces/custom_interfaces/srv/detail/set_power_mode__traits.hpp
[7.382s] -- Installing: /home/quentin/Bureau/roomba_virtuel/install/custom_interfaces/include/custom_interfaces/custom_interfaces/srv/detail/set_power_mode__struct.hpp
[7.383s] -- Installing: /home/quentin/Bureau/roomba_virtuel/install/custom_interfaces/include/custom_interfaces/custom_interfaces/srv/detail/toggle_cleaning__type_support.hpp
[7.383s] -- Installing: /home/quentin/Bureau/roomba_virtuel/install/custom_interfaces/include/custom_interfaces/custom_interfaces/srv/detail/set_power_mode__builder.hpp
[7.383s] -- Installing: /home/quentin/Bureau/roomba_virtuel/install/custom_interfaces/include/custom_interfaces/custom_interfaces/srv/detail/set_power_mode__type_support.hpp
[7.383s] -- Installing: /home/quentin/Bureau/roomba_virtuel/install/custom_interfaces/include/custom_interfaces/custom_interfaces/srv/detail/toggle_cleaning__traits.hpp
[7.383s] -- Installing: /home/quentin/Bureau/roomba_virtuel/install/custom_interfaces/include/custom_interfaces/custom_interfaces/srv/detail/toggle_cleaning__struct.hpp
[7.383s] -- Installing: /home/quentin/Bureau/roomba_virtuel/install/custom_interfaces/include/custom_interfaces/custom_interfaces/srv/toggle_cleaning.hpp
[7.384s] -- Installing: /home/quentin/Bureau/roomba_virtuel/install/custom_interfaces/include/custom_interfaces/custom_interfaces/srv/set_power_mode.hpp
[7.384s] -- Up-to-date: /home/quentin/Bureau/roomba_virtuel/install/custom_interfaces/include/custom_interfaces/custom_interfaces/msg
[7.384s] -- Installing: /home/quentin/Bureau/roomba_virtuel/install/custom_interfaces/include/custom_interfaces/custom_interfaces/msg/roomba_state.hpp
[7.384s] -- Up-to-date: /home/quentin/Bureau/roomba_virtuel/install/custom_interfaces/include/custom_interfaces/custom_interfaces/msg/detail
[7.384s] -- Installing: /home/quentin/Bureau/roomba_virtuel/install/custom_interfaces/include/custom_interfaces/custom_interfaces/msg/detail/roomba_state__builder.hpp
[7.385s] -- Installing: /home/quentin/Bureau/roomba_virtuel/install/custom_interfaces/include/custom_interfaces/custom_interfaces/msg/detail/roomba_state__struct.hpp
[7.385s] -- Installing: /home/quentin/Bureau/roomba_virtuel/install/custom_interfaces/include/custom_interfaces/custom_interfaces/msg/detail/roomba_state__type_support.hpp
[7.385s] -- Installing: /home/quentin/Bureau/roomba_virtuel/install/custom_interfaces/include/custom_interfaces/custom_interfaces/msg/detail/roomba_state__traits.hpp
[7.385s] -- Installing: /home/quentin/Bureau/roomba_virtuel/install/custom_interfaces/include/custom_interfaces/custom_interfaces/msg/rosidl_generator_cpp__visibility_control.hpp
[7.385s] -- Up-to-date: /home/quentin/Bureau/roomba_virtuel/install/custom_interfaces/include/custom_interfaces/custom_interfaces
[7.386s] -- Up-to-date: /home/quentin/Bureau/roomba_virtuel/install/custom_interfaces/include/custom_interfaces/custom_interfaces/srv
[7.386s] -- Up-to-date: /home/quentin/Bureau/roomba_virtuel/install/custom_interfaces/include/custom_interfaces/custom_interfaces/srv/detail
[7.386s] -- Installing: /home/quentin/Bureau/roomba_virtuel/install/custom_interfaces/include/custom_interfaces/custom_interfaces/srv/detail/set_power_mode__rosidl_typesupport_fastrtps_cpp.hpp
[7.386s] -- Installing: /home/quentin/Bureau/roomba_virtuel/install/custom_interfaces/include/custom_interfaces/custom_interfaces/srv/detail/toggle_cleaning__rosidl_typesupport_fastrtps_cpp.hpp
[7.386s] -- Installing: /home/quentin/Bureau/roomba_virtuel/install/custom_interfaces/include/custom_interfaces/custom_interfaces/srv/detail/dds_fastrtps
[7.387s] -- Up-to-date: /home/quentin/Bureau/roomba_virtuel/install/custom_interfaces/include/custom_interfaces/custom_interfaces/msg
[7.387s] -- Up-to-date: /home/quentin/Bureau/roomba_virtuel/install/custom_interfaces/include/custom_interfaces/custom_interfaces/msg/detail
[7.387s] -- Installing: /home/quentin/Bureau/roomba_virtuel/install/custom_interfaces/include/custom_interfaces/custom_interfaces/msg/detail/roomba_state__rosidl_typesupport_fastrtps_cpp.hpp
[7.387s] -- Installing: /home/quentin/Bureau/roomba_virtuel/install/custom_interfaces/include/custom_interfaces/custom_interfaces/msg/detail/dds_fastrtps
[7.387s] -- Installing: /home/quentin/Bureau/roomba_virtuel/install/custom_interfaces/include/custom_interfaces/custom_interfaces/msg/rosidl_typesupport_fastrtps_cpp__visibility_control.h
[7.387s] -- Installing: /home/quentin/Bureau/roomba_virtuel/install/custom_interfaces/lib/libcustom_interfaces__rosidl_typesupport_fastrtps_cpp.so
[7.387s] -- Set non-toolchain portion of runtime path of "/home/quentin/Bureau/roomba_virtuel/install/custom_interfaces/lib/libcustom_interfaces__rosidl_typesupport_fastrtps_cpp.so" to ""
[7.388s] -- Up-to-date: /home/quentin/Bureau/roomba_virtuel/install/custom_interfaces/include/custom_interfaces/custom_interfaces
[7.388s] -- Up-to-date: /home/quentin/Bureau/roomba_virtuel/install/custom_interfaces/include/custom_interfaces/custom_interfaces/srv
[7.388s] -- Up-to-date: /home/quentin/Bureau/roomba_virtuel/install/custom_interfaces/include/custom_interfaces/custom_interfaces/srv/detail
[7.388s] -- Installing: /home/quentin/Bureau/roomba_virtuel/install/custom_interfaces/include/custom_interfaces/custom_interfaces/srv/detail/toggle_cleaning__type_support.cpp
[7.388s] -- Installing: /home/quentin/Bureau/roomba_virtuel/install/custom_interfaces/include/custom_interfaces/custom_interfaces/srv/detail/set_power_mode__rosidl_typesupport_introspection_cpp.hpp
[7.388s] -- Installing: /home/quentin/Bureau/roomba_virtuel/install/custom_interfaces/include/custom_interfaces/custom_interfaces/srv/detail/toggle_cleaning__rosidl_typesupport_introspection_cpp.hpp
[7.389s] -- Installing: /home/quentin/Bureau/roomba_virtuel/install/custom_interfaces/include/custom_interfaces/custom_interfaces/srv/detail/set_power_mode__type_support.cpp
[7.389s] -- Up-to-date: /home/quentin/Bureau/roomba_virtuel/install/custom_interfaces/include/custom_interfaces/custom_interfaces/msg
[7.389s] -- Up-to-date: /home/quentin/Bureau/roomba_virtuel/install/custom_interfaces/include/custom_interfaces/custom_interfaces/msg/detail
[7.389s] -- Installing: /home/quentin/Bureau/roomba_virtuel/install/custom_interfaces/include/custom_interfaces/custom_interfaces/msg/detail/roomba_state__type_support.cpp
[7.389s] -- Installing: /home/quentin/Bureau/roomba_virtuel/install/custom_interfaces/include/custom_interfaces/custom_interfaces/msg/detail/roomba_state__rosidl_typesupport_introspection_cpp.hpp
[7.389s] -- Installing: /home/quentin/Bureau/roomba_virtuel/install/custom_interfaces/lib/libcustom_interfaces__rosidl_typesupport_introspection_cpp.so
[7.390s] -- Set non-toolchain portion of runtime path of "/home/quentin/Bureau/roomba_virtuel/install/custom_interfaces/lib/libcustom_interfaces__rosidl_typesupport_introspection_cpp.so" to ""
[7.390s] -- Installing: /home/quentin/Bureau/roomba_virtuel/install/custom_interfaces/lib/libcustom_interfaces__rosidl_typesupport_cpp.so
[7.390s] -- Set non-toolchain portion of runtime path of "/home/quentin/Bureau/roomba_virtuel/install/custom_interfaces/lib/libcustom_interfaces__rosidl_typesupport_cpp.so" to ""
[7.390s] -- Installing: /home/quentin/Bureau/roomba_virtuel/install/custom_interfaces/share/custom_interfaces/environment/pythonpath.sh
[7.390s] -- Installing: /home/quentin/Bureau/roomba_virtuel/install/custom_interfaces/share/custom_interfaces/environment/pythonpath.dsv
[7.390s] -- Installing: /home/quentin/Bureau/roomba_virtuel/install/custom_interfaces/lib/python3.12/site-packages/custom_interfaces-0.0.0-py3.12.egg-info
[7.391s] -- Installing: /home/quentin/Bureau/roomba_virtuel/install/custom_interfaces/lib/python3.12/site-packages/custom_interfaces-0.0.0-py3.12.egg-info/top_level.txt
[7.391s] -- Installing: /home/quentin/Bureau/roomba_virtuel/install/custom_interfaces/lib/python3.12/site-packages/custom_interfaces-0.0.0-py3.12.egg-info/PKG-INFO
[7.391s] -- Installing: /home/quentin/Bureau/roomba_virtuel/install/custom_interfaces/lib/python3.12/site-packages/custom_interfaces-0.0.0-py3.12.egg-info/dependency_links.txt
[7.391s] -- Installing: /home/quentin/Bureau/roomba_virtuel/install/custom_interfaces/lib/python3.12/site-packages/custom_interfaces-0.0.0-py3.12.egg-info/SOURCES.txt
[7.391s] -- Installing: /home/quentin/Bureau/roomba_virtuel/install/custom_interfaces/lib/python3.12/site-packages/custom_interfaces
[7.391s] -- Installing: /home/quentin/Bureau/roomba_virtuel/install/custom_interfaces/lib/python3.12/site-packages/custom_interfaces/srv
[7.391s] -- Installing: /home/quentin/Bureau/roomba_virtuel/install/custom_interfaces/lib/python3.12/site-packages/custom_interfaces/srv/_set_power_mode.py
[7.392s] -- Installing: /home/quentin/Bureau/roomba_virtuel/install/custom_interfaces/lib/python3.12/site-packages/custom_interfaces/srv/_toggle_cleaning.py
[7.392s] -- Installing: /home/quentin/Bureau/roomba_virtuel/install/custom_interfaces/lib/python3.12/site-packages/custom_interfaces/srv/__init__.py
[7.392s] -- Installing: /home/quentin/Bureau/roomba_virtuel/install/custom_interfaces/lib/python3.12/site-packages/custom_interfaces/srv/_set_power_mode_s.c
[7.392s] -- Installing: /home/quentin/Bureau/roomba_virtuel/install/custom_interfaces/lib/python3.12/site-packages/custom_interfaces/srv/_toggle_cleaning_s.c
[7.392s] -- Installing: /home/quentin/Bureau/roomba_virtuel/install/custom_interfaces/lib/python3.12/site-packages/custom_interfaces/__init__.py
[7.392s] -- Installing: /home/quentin/Bureau/roomba_virtuel/install/custom_interfaces/lib/python3.12/site-packages/custom_interfaces/custom_interfaces_s__rosidl_typesupport_introspection_c.so
[7.393s] -- Installing: /home/quentin/Bureau/roomba_virtuel/install/custom_interfaces/lib/python3.12/site-packages/custom_interfaces/_custom_interfaces_s.ep.rosidl_typesupport_fastrtps_c.c
[7.393s] -- Installing: /home/quentin/Bureau/roomba_virtuel/install/custom_interfaces/lib/python3.12/site-packages/custom_interfaces/msg
[7.393s] -- Installing: /home/quentin/Bureau/roomba_virtuel/install/custom_interfaces/lib/python3.12/site-packages/custom_interfaces/msg/__init__.py
[7.393s] -- Installing: /home/quentin/Bureau/roomba_virtuel/install/custom_interfaces/lib/python3.12/site-packages/custom_interfaces/msg/_roomba_state_s.c
[7.393s] -- Installing: /home/quentin/Bureau/roomba_virtuel/install/custom_interfaces/lib/python3.12/site-packages/custom_interfaces/msg/_roomba_state.py
[7.393s] -- Installing: /home/quentin/Bureau/roomba_virtuel/install/custom_interfaces/lib/python3.12/site-packages/custom_interfaces/custom_interfaces_s__rosidl_typesupport_fastrtps_c.so
[7.394s] -- Installing: /home/quentin/Bureau/roomba_virtuel/install/custom_interfaces/lib/python3.12/site-packages/custom_interfaces/custom_interfaces_s__rosidl_typesupport_c.so
[7.394s] -- Installing: /home/quentin/Bureau/roomba_virtuel/install/custom_interfaces/lib/python3.12/site-packages/custom_interfaces/_custom_interfaces_s.ep.rosidl_typesupport_c.c
[7.394s] -- Installing: /home/quentin/Bureau/roomba_virtuel/install/custom_interfaces/lib/python3.12/site-packages/custom_interfaces/_custom_interfaces_s.ep.rosidl_typesupport_introspection_c.c
[7.432s] Listing '/home/quentin/Bureau/roomba_virtuel/install/custom_interfaces/lib/python3.12/site-packages/custom_interfaces'...
[7.432s] Compiling '/home/quentin/Bureau/roomba_virtuel/install/custom_interfaces/lib/python3.12/site-packages/custom_interfaces/__init__.py'...
[7.432s] Listing '/home/quentin/Bureau/roomba_virtuel/install/custom_interfaces/lib/python3.12/site-packages/custom_interfaces/msg'...
[7.432s] Compiling '/home/quentin/Bureau/roomba_virtuel/install/custom_interfaces/lib/python3.12/site-packages/custom_interfaces/msg/__init__.py'...
[7.432s] Compiling '/home/quentin/Bureau/roomba_virtuel/install/custom_interfaces/lib/python3.12/site-packages/custom_interfaces/msg/_roomba_state.py'...
[7.432s] Listing '/home/quentin/Bureau/roomba_virtuel/install/custom_interfaces/lib/python3.12/site-packages/custom_interfaces/srv'...
[7.432s] Compiling '/home/quentin/Bureau/roomba_virtuel/install/custom_interfaces/lib/python3.12/site-packages/custom_interfaces/srv/__init__.py'...
[7.433s] Compiling '/home/quentin/Bureau/roomba_virtuel/install/custom_interfaces/lib/python3.12/site-packages/custom_interfaces/srv/_set_power_mode.py'...
[7.433s] Compiling '/home/quentin/Bureau/roomba_virtuel/install/custom_interfaces/lib/python3.12/site-packages/custom_interfaces/srv/_toggle_cleaning.py'...
[7.437s] -- Installing: /home/quentin/Bureau/roomba_virtuel/install/custom_interfaces/lib/python3.12/site-packages/custom_interfaces/custom_interfaces_s__rosidl_typesupport_fastrtps_c.so
[7.438s] -- Set non-toolchain portion of runtime path of "/home/quentin/Bureau/roomba_virtuel/install/custom_interfaces/lib/python3.12/site-packages/custom_interfaces/custom_interfaces_s__rosidl_typesupport_fastrtps_c.so" to ""
[7.438s] -- Installing: /home/quentin/Bureau/roomba_virtuel/install/custom_interfaces/lib/python3.12/site-packages/custom_interfaces/custom_interfaces_s__rosidl_typesupport_introspection_c.so
[7.438s] -- Set non-toolchain portion of runtime path of "/home/quentin/Bureau/roomba_virtuel/install/custom_interfaces/lib/python3.12/site-packages/custom_interfaces/custom_interfaces_s__rosidl_typesupport_introspection_c.so" to ""
[7.439s] -- Installing: /home/quentin/Bureau/roomba_virtuel/install/custom_interfaces/lib/python3.12/site-packages/custom_interfaces/custom_interfaces_s__rosidl_typesupport_c.so
[7.439s] -- Set non-toolchain portion of runtime path of "/home/quentin/Bureau/roomba_virtuel/install/custom_interfaces/lib/python3.12/site-packages/custom_interfaces/custom_interfaces_s__rosidl_typesupport_c.so" to ""
[7.439s] -- Installing: /home/quentin/Bureau/roomba_virtuel/install/custom_interfaces/lib/libcustom_interfaces__rosidl_generator_py.so
[7.439s] -- Set non-toolchain portion of runtime path of "/home/quentin/Bureau/roomba_virtuel/install/custom_interfaces/lib/libcustom_interfaces__rosidl_generator_py.so" to ""
[7.440s] -- Installing: /home/quentin/Bureau/roomba_virtuel/install/custom_interfaces/share/ament_index/resource_index/rust_packages/custom_interfaces
[7.440s] -- Installing: /home/quentin/Bureau/roomba_virtuel/install/custom_interfaces/share/custom_interfaces/rust
[7.440s] -- Installing: /home/quentin/Bureau/roomba_virtuel/install/custom_interfaces/share/custom_interfaces/rust/src
[7.440s] -- Installing: /home/quentin/Bureau/roomba_virtuel/install/custom_interfaces/share/custom_interfaces/rust/src/msg.rs
[7.440s] -- Installing: /home/quentin/Bureau/roomba_virtuel/install/custom_interfaces/share/custom_interfaces/rust/src/srv
[7.440s] -- Installing: /home/quentin/Bureau/roomba_virtuel/install/custom_interfaces/share/custom_interfaces/rust/src/srv/rmw.rs
[7.440s] -- Installing: /home/quentin/Bureau/roomba_virtuel/install/custom_interfaces/share/custom_interfaces/rust/src/msg
[7.441s] -- Installing: /home/quentin/Bureau/roomba_virtuel/install/custom_interfaces/share/custom_interfaces/rust/src/msg/rmw.rs
[7.441s] -- Installing: /home/quentin/Bureau/roomba_virtuel/install/custom_interfaces/share/custom_interfaces/rust/src/srv.rs
[7.441s] -- Installing: /home/quentin/Bureau/roomba_virtuel/install/custom_interfaces/share/custom_interfaces/rust/src/lib.rs
[7.441s] -- Installing: /home/quentin/Bureau/roomba_virtuel/install/custom_interfaces/share/custom_interfaces/rust/Cargo.toml
[7.441s] -- Installing: /home/quentin/Bureau/roomba_virtuel/install/custom_interfaces/share/custom_interfaces/rust/build.rs
[7.441s] -- Installing: /home/quentin/Bureau/roomba_virtuel/install/custom_interfaces/share/custom_interfaces/msg/RoombaState.idl
[7.442s] -- Installing: /home/quentin/Bureau/roomba_virtuel/install/custom_interfaces/share/custom_interfaces/srv/SetPowerMode.idl
[7.442s] -- Installing: /home/quentin/Bureau/roomba_virtuel/install/custom_interfaces/share/custom_interfaces/srv/ToggleCleaning.idl
[7.442s] -- Installing: /home/quentin/Bureau/roomba_virtuel/install/custom_interfaces/share/custom_interfaces/msg/RoombaState.msg
[7.442s] -- Installing: /home/quentin/Bureau/roomba_virtuel/install/custom_interfaces/share/custom_interfaces/srv/SetPowerMode.srv
[7.442s] -- Installing: /home/quentin/Bureau/roomba_virtuel/install/custom_interfaces/share/custom_interfaces/srv/ToggleCleaning.srv
[7.443s] -- Installing: /home/quentin/Bureau/roomba_virtuel/install/custom_interfaces/share/ament_index/resource_index/package_run_dependencies/custom_interfaces
[7.443s] -- Installing: /home/quentin/Bureau/roomba_virtuel/install/custom_interfaces/share/ament_index/resource_index/parent_prefix_path/custom_interfaces
[7.443s] -- Installing: /home/quentin/Bureau/roomba_virtuel/install/custom_interfaces/share/custom_interfaces/environment/ament_prefix_path.sh
[7.443s] -- Installing: /home/quentin/Bureau/roomba_virtuel/install/custom_interfaces/share/custom_interfaces/environment/ament_prefix_path.dsv
[7.443s] -- Installing: /home/quentin/Bureau/roomba_virtuel/install/custom_interfaces/share/custom_interfaces/environment/path.sh
[7.443s] -- Installing: /home/quentin/Bureau/roomba_virtuel/install/custom_interfaces/share/custom_interfaces/environment/path.dsv
[7.444s] -- Installing: /home/quentin/Bureau/roomba_virtuel/install/custom_interfaces/share/custom_interfaces/local_setup.bash
[7.444s] -- Installing: /home/quentin/Bureau/roomba_virtuel/install/custom_interfaces/share/custom_interfaces/local_setup.sh
[7.444s] -- Installing: /home/quentin/Bureau/roomba_virtuel/install/custom_interfaces/share/custom_interfaces/local_setup.zsh
[7.444s] -- Installing: /home/quentin/Bureau/roomba_virtuel/install/custom_interfaces/share/custom_interfaces/local_setup.dsv
[7.445s] -- Installing: /home/quentin/Bureau/roomba_virtuel/install/custom_interfaces/share/custom_interfaces/package.dsv
[7.445s] -- Installing: /home/quentin/Bureau/roomba_virtuel/install/custom_interfaces/share/ament_index/resource_index/packages/custom_interfaces
[7.445s] -- Installing: /home/quentin/Bureau/roomba_virtuel/install/custom_interfaces/share/custom_interfaces/cmake/export_custom_interfaces__rosidl_generator_cExport.cmake
[7.445s] -- Installing: /home/quentin/Bureau/roomba_virtuel/install/custom_interfaces/share/custom_interfaces/cmake/export_custom_interfaces__rosidl_generator_cExport-noconfig.cmake
[7.445s] -- Installing: /home/quentin/Bureau/roomba_virtuel/install/custom_interfaces/share/custom_interfaces/cmake/export_custom_interfaces__rosidl_typesupport_fastrtps_cExport.cmake
[7.446s] -- Installing: /home/quentin/Bureau/roomba_virtuel/install/custom_interfaces/share/custom_interfaces/cmake/export_custom_interfaces__rosidl_typesupport_fastrtps_cExport-noconfig.cmake
[7.446s] -- Installing: /home/quentin/Bureau/roomba_virtuel/install/custom_interfaces/share/custom_interfaces/cmake/custom_interfaces__rosidl_typesupport_introspection_cExport.cmake
[7.446s] -- Installing: /home/quentin/Bureau/roomba_virtuel/install/custom_interfaces/share/custom_interfaces/cmake/custom_interfaces__rosidl_typesupport_introspection_cExport-noconfig.cmake
[7.446s] -- Installing: /home/quentin/Bureau/roomba_virtuel/install/custom_interfaces/share/custom_interfaces/cmake/custom_interfaces__rosidl_typesupport_cExport.cmake
[7.446s] -- Installing: /home/quentin/Bureau/roomba_virtuel/install/custom_interfaces/share/custom_interfaces/cmake/custom_interfaces__rosidl_typesupport_cExport-noconfig.cmake
[7.447s] -- Installing: /home/quentin/Bureau/roomba_virtuel/install/custom_interfaces/share/custom_interfaces/cmake/export_custom_interfaces__rosidl_generator_cppExport.cmake
[7.447s] -- Installing: /home/quentin/Bureau/roomba_virtuel/install/custom_interfaces/share/custom_interfaces/cmake/export_custom_interfaces__rosidl_typesupport_fastrtps_cppExport.cmake
[7.447s] -- Installing: /home/quentin/Bureau/roomba_virtuel/install/custom_interfaces/share/custom_interfaces/cmake/export_custom_interfaces__rosidl_typesupport_fastrtps_cppExport-noconfig.cmake
[7.447s] -- Installing: /home/quentin/Bureau/roomba_virtuel/install/custom_interfaces/share/custom_interfaces/cmake/custom_interfaces__rosidl_typesupport_introspection_cppExport.cmake
[7.447s] -- Installing: /home/quentin/Bureau/roomba_virtuel/install/custom_interfaces/share/custom_interfaces/cmake/custom_interfaces__rosidl_typesupport_introspection_cppExport-noconfig.cmake
[7.447s] -- Installing: /home/quentin/Bureau/roomba_virtuel/install/custom_interfaces/share/custom_interfaces/cmake/custom_interfaces__rosidl_typesupport_cppExport.cmake
[7.448s] -- Installing: /home/quentin/Bureau/roomba_virtuel/install/custom_interfaces/share/custom_interfaces/cmake/custom_interfaces__rosidl_typesupport_cppExport-noconfig.cmake
[7.448s] -- Installing: /home/quentin/Bureau/roomba_virtuel/install/custom_interfaces/share/custom_interfaces/cmake/export_custom_interfaces__rosidl_generator_pyExport.cmake
[7.448s] -- Installing: /home/quentin/Bureau/roomba_virtuel/install/custom_interfaces/share/custom_interfaces/cmake/export_custom_interfaces__rosidl_generator_pyExport-noconfig.cmake
[7.448s] -- Installing: /home/quentin/Bureau/roomba_virtuel/install/custom_interfaces/share/custom_interfaces/cmake/rosidl_cmake-extras.cmake
[7.448s] -- Installing: /home/quentin/Bureau/roomba_virtuel/install/custom_interfaces/share/custom_interfaces/cmake/ament_cmake_export_dependencies-extras.cmake
[7.448s] -- Installing: /home/quentin/Bureau/roomba_virtuel/install/custom_interfaces/share/custom_interfaces/cmake/ament_cmake_export_include_directories-extras.cmake
[7.449s] -- Installing: /home/quentin/Bureau/roomba_virtuel/install/custom_interfaces/share/custom_interfaces/cmake/ament_cmake_export_libraries-extras.cmake
[7.449s] -- Installing: /home/quentin/Bureau/roomba_virtuel/install/custom_interfaces/share/custom_interfaces/cmake/ament_cmake_export_targets-extras.cmake
[7.449s] -- Installing: /home/quentin/Bureau/roomba_virtuel/install/custom_interfaces/share/custom_interfaces/cmake/rosidl_cmake_export_typesupport_targets-extras.cmake
[7.449s] -- Installing: /home/quentin/Bureau/roomba_virtuel/install/custom_interfaces/share/custom_interfaces/cmake/rosidl_cmake_export_typesupport_libraries-extras.cmake
[7.449s] -- Installing: /home/quentin/Bureau/roomba_virtuel/install/custom_interfaces/share/custom_interfaces/cmake/custom_interfacesConfig.cmake
[7.450s] -- Installing: /home/quentin/Bureau/roomba_virtuel/install/custom_interfaces/share/custom_interfaces/cmake/custom_interfacesConfig-version.cmake
[7.450s] -- Installing: /home/quentin/Bureau/roomba_virtuel/install/custom_interfaces/share/custom_interfaces/package.xml
[7.451s] Invoked command in '/home/quentin/Bureau/roomba_virtuel/build/custom_interfaces' returned '0': CMAKE_PREFIX_PATH=${CMAKE_PREFIX_PATH}:/opt/ros/jazzy DEBUGINFOD_URLS=https://debuginfod.ubuntu.com /usr/bin/cmake --install /home/quentin/Bureau/roomba_virtuel/build/custom_interfaces
