[0.013s] Invoking command in '/home/quentin/Bureau/roomba_virtuel/build/custom_interfaces': CMAKE_PREFIX_PATH=${CMAKE_PREFIX_PATH}:/opt/ros/jazzy DEBUGINFOD_URLS=https://debuginfod.ubuntu.com /usr/bin/cmake --build /home/quentin/Bureau/roomba_virtuel/build/custom_interfaces -- -j16 -l16
[0.081s] [  1%] Built target custom_interfaces__rosidl_generator_type_description
[0.083s] [  3%] Built target custom_interfaces__rs
[0.093s] [  3%] Built target ament_cmake_python_copy_custom_interfaces
[0.105s] [ 23%] Built target custom_interfaces__rosidl_generator_c
[0.107s] [ 25%] Built target custom_interfaces__cpp
[0.130s] [ 34%] Built target custom_interfaces__rosidl_typesupport_introspection_c
[0.131s] [ 52%] Built target custom_interfaces__rosidl_typesupport_c
[0.131s] [ 52%] Built target custom_interfaces__rosidl_typesupport_fastrtps_c
[0.132s] [ 70%] Built target custom_interfaces__rosidl_typesupport_introspection_cpp
[0.132s] [ 70%] Built target custom_interfaces__rosidl_typesupport_cpp
[0.133s] [ 80%] Built target custom_interfaces__rosidl_typesupport_fastrtps_cpp
[0.153s] [ 80%] Built target custom_interfaces
[0.176s] [ 81%] Built target custom_interfaces__py
[0.203s] [ 89%] Built target custom_interfaces__rosidl_generator_py
[0.227s] [ 92%] Built target custom_interfaces_s__rosidl_typesupport_introspection_c
[0.228s] [ 96%] Built target custom_interfaces_s__rosidl_typesupport_c
[0.242s] [100%] Built target custom_interfaces_s__rosidl_typesupport_fastrtps_c
[0.294s] running egg_info
[0.311s] writing custom_interfaces.egg-info/PKG-INFO
[0.311s] writing dependency_links to custom_interfaces.egg-info/dependency_links.txt
[0.311s] writing top-level names to custom_interfaces.egg-info/top_level.txt
[0.361s] reading manifest file 'custom_interfaces.egg-info/SOURCES.txt'
[0.361s] writing manifest file 'custom_interfaces.egg-info/SOURCES.txt'
[0.404s] [100%] Built target ament_cmake_python_build_custom_interfaces_egg
[0.419s] Invoked command in '/home/quentin/Bureau/roomba_virtuel/build/custom_interfaces' returned '0': CMAKE_PREFIX_PATH=${CMAKE_PREFIX_PATH}:/opt/ros/jazzy DEBUGINFOD_URLS=https://debuginfod.ubuntu.com /usr/bin/cmake --build /home/quentin/Bureau/roomba_virtuel/build/custom_interfaces -- -j16 -l16
[0.438s] Invoking command in '/home/quentin/Bureau/roomba_virtuel/build/custom_interfaces': CMAKE_PREFIX_PATH=${CMAKE_PREFIX_PATH}:/opt/ros/jazzy DEBUGINFOD_URLS=https://debuginfod.ubuntu.com /usr/bin/cmake --install /home/quentin/Bureau/roomba_virtuel/build/custom_interfaces
[0.445s] -- Install configuration: ""
[0.445s] -- Up-to-date: /home/quentin/Bureau/roomba_virtuel/install/custom_interfaces/share/ament_index/resource_index/rosidl_interfaces/custom_interfaces
[0.446s] -- Up-to-date: /home/quentin/Bureau/roomba_virtuel/install/custom_interfaces/share/custom_interfaces/msg/RoombaState.json
[0.446s] -- Up-to-date: /home/quentin/Bureau/roomba_virtuel/install/custom_interfaces/share/custom_interfaces/srv/SetPowerMode.json
[0.446s] -- Up-to-date: /home/quentin/Bureau/roomba_virtuel/install/custom_interfaces/share/custom_interfaces/srv/ToggleCleaning.json
[0.446s] -- Up-to-date: /home/quentin/Bureau/roomba_virtuel/install/custom_interfaces/include/custom_interfaces/custom_interfaces
[0.446s] -- Up-to-date: /home/quentin/Bureau/roomba_virtuel/install/custom_interfaces/include/custom_interfaces/custom_interfaces/srv
[0.446s] -- Up-to-date: /home/quentin/Bureau/roomba_virtuel/install/custom_interfaces/include/custom_interfaces/custom_interfaces/srv/detail
[0.446s] -- Up-to-date: /home/quentin/Bureau/roomba_virtuel/install/custom_interfaces/include/custom_interfaces/custom_interfaces/srv/detail/set_power_mode__functions.h
[0.447s] -- Up-to-date: /home/quentin/Bureau/roomba_virtuel/install/custom_interfaces/include/custom_interfaces/custom_interfaces/srv/detail/toggle_cleaning__struct.h
[0.447s] -- Up-to-date: /home/quentin/Bureau/roomba_virtuel/install/custom_interfaces/include/custom_interfaces/custom_interfaces/srv/detail/toggle_cleaning__functions.c
[0.447s] -- Up-to-date: /home/quentin/Bureau/roomba_virtuel/install/custom_interfaces/include/custom_interfaces/custom_interfaces/srv/detail/set_power_mode__description.c
[0.447s] -- Up-to-date: /home/quentin/Bureau/roomba_virtuel/install/custom_interfaces/include/custom_interfaces/custom_interfaces/srv/detail/set_power_mode__type_support.h
[0.447s] -- Up-to-date: /home/quentin/Bureau/roomba_virtuel/install/custom_interfaces/include/custom_interfaces/custom_interfaces/srv/detail/toggle_cleaning__type_support.h
[0.447s] -- Up-to-date: /home/quentin/Bureau/roomba_virtuel/install/custom_interfaces/include/custom_interfaces/custom_interfaces/srv/detail/set_power_mode__functions.c
[0.447s] -- Up-to-date: /home/quentin/Bureau/roomba_virtuel/install/custom_interfaces/include/custom_interfaces/custom_interfaces/srv/detail/set_power_mode__struct.h
[0.448s] -- Up-to-date: /home/quentin/Bureau/roomba_virtuel/install/custom_interfaces/include/custom_interfaces/custom_interfaces/srv/detail/set_power_mode__type_support.c
[0.448s] -- Up-to-date: /home/quentin/Bureau/roomba_virtuel/install/custom_interfaces/include/custom_interfaces/custom_interfaces/srv/detail/toggle_cleaning__description.c
[0.448s] -- Up-to-date: /home/quentin/Bureau/roomba_virtuel/install/custom_interfaces/include/custom_interfaces/custom_interfaces/srv/detail/toggle_cleaning__type_support.c
[0.448s] -- Up-to-date: /home/quentin/Bureau/roomba_virtuel/install/custom_interfaces/include/custom_interfaces/custom_interfaces/srv/detail/toggle_cleaning__functions.h
[0.448s] -- Up-to-date: /home/quentin/Bureau/roomba_virtuel/install/custom_interfaces/include/custom_interfaces/custom_interfaces/srv/set_power_mode.h
[0.448s] -- Up-to-date: /home/quentin/Bureau/roomba_virtuel/install/custom_interfaces/include/custom_interfaces/custom_interfaces/srv/toggle_cleaning.h
[0.448s] -- Up-to-date: /home/quentin/Bureau/roomba_virtuel/install/custom_interfaces/include/custom_interfaces/custom_interfaces/msg
[0.449s] -- Up-to-date: /home/quentin/Bureau/roomba_virtuel/install/custom_interfaces/include/custom_interfaces/custom_interfaces/msg/detail
[0.449s] -- Up-to-date: /home/quentin/Bureau/roomba_virtuel/install/custom_interfaces/include/custom_interfaces/custom_interfaces/msg/detail/roomba_state__type_support.c
[0.449s] -- Up-to-date: /home/quentin/Bureau/roomba_virtuel/install/custom_interfaces/include/custom_interfaces/custom_interfaces/msg/detail/roomba_state__type_support.h
[0.449s] -- Up-to-date: /home/quentin/Bureau/roomba_virtuel/install/custom_interfaces/include/custom_interfaces/custom_interfaces/msg/detail/roomba_state__functions.h
[0.449s] -- Up-to-date: /home/quentin/Bureau/roomba_virtuel/install/custom_interfaces/include/custom_interfaces/custom_interfaces/msg/detail/roomba_state__struct.h
[0.449s] -- Up-to-date: /home/quentin/Bureau/roomba_virtuel/install/custom_interfaces/include/custom_interfaces/custom_interfaces/msg/detail/roomba_state__description.c
[0.450s] -- Up-to-date: /home/quentin/Bureau/roomba_virtuel/install/custom_interfaces/include/custom_interfaces/custom_interfaces/msg/detail/roomba_state__functions.c
[0.450s] -- Up-to-date: /home/quentin/Bureau/roomba_virtuel/install/custom_interfaces/include/custom_interfaces/custom_interfaces/msg/roomba_state.h
[0.450s] -- Up-to-date: /home/quentin/Bureau/roomba_virtuel/install/custom_interfaces/include/custom_interfaces/custom_interfaces/msg/rosidl_generator_c__visibility_control.h
[0.450s] -- Up-to-date: /home/quentin/Bureau/roomba_virtuel/install/custom_interfaces/share/custom_interfaces/environment/library_path.sh
[0.450s] -- Up-to-date: /home/quentin/Bureau/roomba_virtuel/install/custom_interfaces/share/custom_interfaces/environment/library_path.dsv
[0.450s] -- Up-to-date: /home/quentin/Bureau/roomba_virtuel/install/custom_interfaces/lib/libcustom_interfaces__rosidl_generator_c.so
[0.450s] -- Up-to-date: /home/quentin/Bureau/roomba_virtuel/install/custom_interfaces/include/custom_interfaces/custom_interfaces
[0.451s] -- Up-to-date: /home/quentin/Bureau/roomba_virtuel/install/custom_interfaces/include/custom_interfaces/custom_interfaces/srv
[0.451s] -- Up-to-date: /home/quentin/Bureau/roomba_virtuel/install/custom_interfaces/include/custom_interfaces/custom_interfaces/srv/detail
[0.451s] -- Up-to-date: /home/quentin/Bureau/roomba_virtuel/install/custom_interfaces/include/custom_interfaces/custom_interfaces/srv/detail/set_power_mode__rosidl_typesupport_fastrtps_c.h
[0.451s] -- Up-to-date: /home/quentin/Bureau/roomba_virtuel/install/custom_interfaces/include/custom_interfaces/custom_interfaces/srv/detail/toggle_cleaning__rosidl_typesupport_fastrtps_c.h
[0.451s] -- Up-to-date: /home/quentin/Bureau/roomba_virtuel/install/custom_interfaces/include/custom_interfaces/custom_interfaces/msg
[0.451s] -- Up-to-date: /home/quentin/Bureau/roomba_virtuel/install/custom_interfaces/include/custom_interfaces/custom_interfaces/msg/detail
[0.451s] -- Up-to-date: /home/quentin/Bureau/roomba_virtuel/install/custom_interfaces/include/custom_interfaces/custom_interfaces/msg/detail/roomba_state__rosidl_typesupport_fastrtps_c.h
[0.451s] -- Up-to-date: /home/quentin/Bureau/roomba_virtuel/install/custom_interfaces/include/custom_interfaces/custom_interfaces/msg/rosidl_typesupport_fastrtps_c__visibility_control.h
[0.452s] -- Up-to-date: /home/quentin/Bureau/roomba_virtuel/install/custom_interfaces/lib/libcustom_interfaces__rosidl_typesupport_fastrtps_c.so
[0.452s] -- Up-to-date: /home/quentin/Bureau/roomba_virtuel/install/custom_interfaces/include/custom_interfaces/custom_interfaces
[0.452s] -- Up-to-date: /home/quentin/Bureau/roomba_virtuel/install/custom_interfaces/include/custom_interfaces/custom_interfaces/srv
[0.452s] -- Up-to-date: /home/quentin/Bureau/roomba_virtuel/install/custom_interfaces/include/custom_interfaces/custom_interfaces/srv/detail
[0.452s] -- Up-to-date: /home/quentin/Bureau/roomba_virtuel/install/custom_interfaces/include/custom_interfaces/custom_interfaces/srv/detail/set_power_mode__rosidl_typesupport_introspection_c.h
[0.452s] -- Up-to-date: /home/quentin/Bureau/roomba_virtuel/install/custom_interfaces/include/custom_interfaces/custom_interfaces/srv/detail/set_power_mode__type_support.c
[0.452s] -- Up-to-date: /home/quentin/Bureau/roomba_virtuel/install/custom_interfaces/include/custom_interfaces/custom_interfaces/srv/detail/toggle_cleaning__type_support.c
[0.452s] -- Up-to-date: /home/quentin/Bureau/roomba_virtuel/install/custom_interfaces/include/custom_interfaces/custom_interfaces/srv/detail/toggle_cleaning__rosidl_typesupport_introspection_c.h
[0.452s] -- Up-to-date: /home/quentin/Bureau/roomba_virtuel/install/custom_interfaces/include/custom_interfaces/custom_interfaces/msg
[0.453s] -- Up-to-date: /home/quentin/Bureau/roomba_virtuel/install/custom_interfaces/include/custom_interfaces/custom_interfaces/msg/detail
[0.453s] -- Up-to-date: /home/quentin/Bureau/roomba_virtuel/install/custom_interfaces/include/custom_interfaces/custom_interfaces/msg/detail/roomba_state__rosidl_typesupport_introspection_c.h
[0.453s] -- Up-to-date: /home/quentin/Bureau/roomba_virtuel/install/custom_interfaces/include/custom_interfaces/custom_interfaces/msg/detail/roomba_state__type_support.c
[0.453s] -- Up-to-date: /home/quentin/Bureau/roomba_virtuel/install/custom_interfaces/include/custom_interfaces/custom_interfaces/msg/rosidl_typesupport_introspection_c__visibility_control.h
[0.453s] -- Up-to-date: /home/quentin/Bureau/roomba_virtuel/install/custom_interfaces/lib/libcustom_interfaces__rosidl_typesupport_introspection_c.so
[0.453s] -- Up-to-date: /home/quentin/Bureau/roomba_virtuel/install/custom_interfaces/lib/libcustom_interfaces__rosidl_typesupport_c.so
[0.453s] -- Up-to-date: /home/quentin/Bureau/roomba_virtuel/install/custom_interfaces/include/custom_interfaces/custom_interfaces
[0.453s] -- Up-to-date: /home/quentin/Bureau/roomba_virtuel/install/custom_interfaces/include/custom_interfaces/custom_interfaces/srv
[0.453s] -- Up-to-date: /home/quentin/Bureau/roomba_virtuel/install/custom_interfaces/include/custom_interfaces/custom_interfaces/srv/detail
[0.454s] -- Up-to-date: /home/quentin/Bureau/roomba_virtuel/install/custom_interfaces/include/custom_interfaces/custom_interfaces/srv/detail/toggle_cleaning__builder.hpp
[0.454s] -- Up-to-date: /home/quentin/Bureau/roomba_virtuel/install/custom_interfaces/include/custom_interfaces/custom_interfaces/srv/detail/set_power_mode__traits.hpp
[0.454s] -- Up-to-date: /home/quentin/Bureau/roomba_virtuel/install/custom_interfaces/include/custom_interfaces/custom_interfaces/srv/detail/set_power_mode__struct.hpp
[0.454s] -- Up-to-date: /home/quentin/Bureau/roomba_virtuel/install/custom_interfaces/include/custom_interfaces/custom_interfaces/srv/detail/toggle_cleaning__type_support.hpp
[0.454s] -- Up-to-date: /home/quentin/Bureau/roomba_virtuel/install/custom_interfaces/include/custom_interfaces/custom_interfaces/srv/detail/set_power_mode__builder.hpp
[0.454s] -- Up-to-date: /home/quentin/Bureau/roomba_virtuel/install/custom_interfaces/include/custom_interfaces/custom_interfaces/srv/detail/set_power_mode__type_support.hpp
[0.454s] -- Up-to-date: /home/quentin/Bureau/roomba_virtuel/install/custom_interfaces/include/custom_interfaces/custom_interfaces/srv/detail/toggle_cleaning__traits.hpp
[0.454s] -- Up-to-date: /home/quentin/Bureau/roomba_virtuel/install/custom_interfaces/include/custom_interfaces/custom_interfaces/srv/detail/toggle_cleaning__struct.hpp
[0.454s] -- Up-to-date: /home/quentin/Bureau/roomba_virtuel/install/custom_interfaces/include/custom_interfaces/custom_interfaces/srv/toggle_cleaning.hpp
[0.455s] -- Up-to-date: /home/quentin/Bureau/roomba_virtuel/install/custom_interfaces/include/custom_interfaces/custom_interfaces/srv/set_power_mode.hpp
[0.455s] -- Up-to-date: /home/quentin/Bureau/roomba_virtuel/install/custom_interfaces/include/custom_interfaces/custom_interfaces/msg
[0.455s] -- Up-to-date: /home/quentin/Bureau/roomba_virtuel/install/custom_interfaces/include/custom_interfaces/custom_interfaces/msg/roomba_state.hpp
[0.455s] -- Up-to-date: /home/quentin/Bureau/roomba_virtuel/install/custom_interfaces/include/custom_interfaces/custom_interfaces/msg/detail
[0.455s] -- Up-to-date: /home/quentin/Bureau/roomba_virtuel/install/custom_interfaces/include/custom_interfaces/custom_interfaces/msg/detail/roomba_state__builder.hpp
[0.455s] -- Up-to-date: /home/quentin/Bureau/roomba_virtuel/install/custom_interfaces/include/custom_interfaces/custom_interfaces/msg/detail/roomba_state__struct.hpp
[0.455s] -- Up-to-date: /home/quentin/Bureau/roomba_virtuel/install/custom_interfaces/include/custom_interfaces/custom_interfaces/msg/detail/roomba_state__type_support.hpp
[0.455s] -- Up-to-date: /home/quentin/Bureau/roomba_virtuel/install/custom_interfaces/include/custom_interfaces/custom_interfaces/msg/detail/roomba_state__traits.hpp
[0.456s] -- Up-to-date: /home/quentin/Bureau/roomba_virtuel/install/custom_interfaces/include/custom_interfaces/custom_interfaces/msg/rosidl_generator_cpp__visibility_control.hpp
[0.456s] -- Up-to-date: /home/quentin/Bureau/roomba_virtuel/install/custom_interfaces/include/custom_interfaces/custom_interfaces
[0.456s] -- Up-to-date: /home/quentin/Bureau/roomba_virtuel/install/custom_interfaces/include/custom_interfaces/custom_interfaces/srv
[0.456s] -- Up-to-date: /home/quentin/Bureau/roomba_virtuel/install/custom_interfaces/include/custom_interfaces/custom_interfaces/srv/detail
[0.456s] -- Up-to-date: /home/quentin/Bureau/roomba_virtuel/install/custom_interfaces/include/custom_interfaces/custom_interfaces/srv/detail/set_power_mode__rosidl_typesupport_fastrtps_cpp.hpp
[0.456s] -- Up-to-date: /home/quentin/Bureau/roomba_virtuel/install/custom_interfaces/include/custom_interfaces/custom_interfaces/srv/detail/toggle_cleaning__rosidl_typesupport_fastrtps_cpp.hpp
[0.456s] -- Up-to-date: /home/quentin/Bureau/roomba_virtuel/install/custom_interfaces/include/custom_interfaces/custom_interfaces/srv/detail/dds_fastrtps
[0.456s] -- Up-to-date: /home/quentin/Bureau/roomba_virtuel/install/custom_interfaces/include/custom_interfaces/custom_interfaces/msg
[0.456s] -- Up-to-date: /home/quentin/Bureau/roomba_virtuel/install/custom_interfaces/include/custom_interfaces/custom_interfaces/msg/detail
[0.457s] -- Up-to-date: /home/quentin/Bureau/roomba_virtuel/install/custom_interfaces/include/custom_interfaces/custom_interfaces/msg/detail/roomba_state__rosidl_typesupport_fastrtps_cpp.hpp
[0.457s] -- Up-to-date: /home/quentin/Bureau/roomba_virtuel/install/custom_interfaces/include/custom_interfaces/custom_interfaces/msg/detail/dds_fastrtps
[0.457s] -- Up-to-date: /home/quentin/Bureau/roomba_virtuel/install/custom_interfaces/include/custom_interfaces/custom_interfaces/msg/rosidl_typesupport_fastrtps_cpp__visibility_control.h
[0.457s] -- Up-to-date: /home/quentin/Bureau/roomba_virtuel/install/custom_interfaces/lib/libcustom_interfaces__rosidl_typesupport_fastrtps_cpp.so
[0.457s] -- Up-to-date: /home/quentin/Bureau/roomba_virtuel/install/custom_interfaces/include/custom_interfaces/custom_interfaces
[0.457s] -- Up-to-date: /home/quentin/Bureau/roomba_virtuel/install/custom_interfaces/include/custom_interfaces/custom_interfaces/srv
[0.457s] -- Up-to-date: /home/quentin/Bureau/roomba_virtuel/install/custom_interfaces/include/custom_interfaces/custom_interfaces/srv/detail
[0.458s] -- Up-to-date: /home/quentin/Bureau/roomba_virtuel/install/custom_interfaces/include/custom_interfaces/custom_interfaces/srv/detail/toggle_cleaning__type_support.cpp
[0.458s] -- Up-to-date: /home/quentin/Bureau/roomba_virtuel/install/custom_interfaces/include/custom_interfaces/custom_interfaces/srv/detail/set_power_mode__rosidl_typesupport_introspection_cpp.hpp
[0.458s] -- Up-to-date: /home/quentin/Bureau/roomba_virtuel/install/custom_interfaces/include/custom_interfaces/custom_interfaces/srv/detail/toggle_cleaning__rosidl_typesupport_introspection_cpp.hpp
[0.458s] -- Up-to-date: /home/quentin/Bureau/roomba_virtuel/install/custom_interfaces/include/custom_interfaces/custom_interfaces/srv/detail/set_power_mode__type_support.cpp
[0.458s] -- Up-to-date: /home/quentin/Bureau/roomba_virtuel/install/custom_interfaces/include/custom_interfaces/custom_interfaces/msg
[0.458s] -- Up-to-date: /home/quentin/Bureau/roomba_virtuel/install/custom_interfaces/include/custom_interfaces/custom_interfaces/msg/detail
[0.458s] -- Up-to-date: /home/quentin/Bureau/roomba_virtuel/install/custom_interfaces/include/custom_interfaces/custom_interfaces/msg/detail/roomba_state__type_support.cpp
[0.458s] -- Up-to-date: /home/quentin/Bureau/roomba_virtuel/install/custom_interfaces/include/custom_interfaces/custom_interfaces/msg/detail/roomba_state__rosidl_typesupport_introspection_cpp.hpp
[0.459s] -- Up-to-date: /home/quentin/Bureau/roomba_virtuel/install/custom_interfaces/lib/libcustom_interfaces__rosidl_typesupport_introspection_cpp.so
[0.459s] -- Up-to-date: /home/quentin/Bureau/roomba_virtuel/install/custom_interfaces/lib/libcustom_interfaces__rosidl_typesupport_cpp.so
[0.459s] -- Up-to-date: /home/quentin/Bureau/roomba_virtuel/install/custom_interfaces/share/custom_interfaces/environment/pythonpath.sh
[0.459s] -- Up-to-date: /home/quentin/Bureau/roomba_virtuel/install/custom_interfaces/share/custom_interfaces/environment/pythonpath.dsv
[0.459s] -- Up-to-date: /home/quentin/Bureau/roomba_virtuel/install/custom_interfaces/lib/python3.12/site-packages/custom_interfaces-0.0.0-py3.12.egg-info
[0.459s] -- Installing: /home/quentin/Bureau/roomba_virtuel/install/custom_interfaces/lib/python3.12/site-packages/custom_interfaces-0.0.0-py3.12.egg-info/top_level.txt
[0.459s] -- Installing: /home/quentin/Bureau/roomba_virtuel/install/custom_interfaces/lib/python3.12/site-packages/custom_interfaces-0.0.0-py3.12.egg-info/PKG-INFO
[0.459s] -- Installing: /home/quentin/Bureau/roomba_virtuel/install/custom_interfaces/lib/python3.12/site-packages/custom_interfaces-0.0.0-py3.12.egg-info/dependency_links.txt
[0.459s] -- Installing: /home/quentin/Bureau/roomba_virtuel/install/custom_interfaces/lib/python3.12/site-packages/custom_interfaces-0.0.0-py3.12.egg-info/SOURCES.txt
[0.459s] -- Up-to-date: /home/quentin/Bureau/roomba_virtuel/install/custom_interfaces/lib/python3.12/site-packages/custom_interfaces
[0.460s] -- Up-to-date: /home/quentin/Bureau/roomba_virtuel/install/custom_interfaces/lib/python3.12/site-packages/custom_interfaces/srv
[0.460s] -- Up-to-date: /home/quentin/Bureau/roomba_virtuel/install/custom_interfaces/lib/python3.12/site-packages/custom_interfaces/srv/_set_power_mode.py
[0.460s] -- Up-to-date: /home/quentin/Bureau/roomba_virtuel/install/custom_interfaces/lib/python3.12/site-packages/custom_interfaces/srv/_toggle_cleaning.py
[0.460s] -- Up-to-date: /home/quentin/Bureau/roomba_virtuel/install/custom_interfaces/lib/python3.12/site-packages/custom_interfaces/srv/__init__.py
[0.460s] -- Up-to-date: /home/quentin/Bureau/roomba_virtuel/install/custom_interfaces/lib/python3.12/site-packages/custom_interfaces/srv/_set_power_mode_s.c
[0.460s] -- Up-to-date: /home/quentin/Bureau/roomba_virtuel/install/custom_interfaces/lib/python3.12/site-packages/custom_interfaces/srv/_toggle_cleaning_s.c
[0.460s] -- Up-to-date: /home/quentin/Bureau/roomba_virtuel/install/custom_interfaces/lib/python3.12/site-packages/custom_interfaces/__init__.py
[0.460s] -- Up-to-date: /home/quentin/Bureau/roomba_virtuel/install/custom_interfaces/lib/python3.12/site-packages/custom_interfaces/custom_interfaces_s__rosidl_typesupport_introspection_c.so
[0.461s] -- Up-to-date: /home/quentin/Bureau/roomba_virtuel/install/custom_interfaces/lib/python3.12/site-packages/custom_interfaces/_custom_interfaces_s.ep.rosidl_typesupport_fastrtps_c.c
[0.461s] -- Up-to-date: /home/quentin/Bureau/roomba_virtuel/install/custom_interfaces/lib/python3.12/site-packages/custom_interfaces/msg
[0.461s] -- Up-to-date: /home/quentin/Bureau/roomba_virtuel/install/custom_interfaces/lib/python3.12/site-packages/custom_interfaces/msg/__init__.py
[0.461s] -- Up-to-date: /home/quentin/Bureau/roomba_virtuel/install/custom_interfaces/lib/python3.12/site-packages/custom_interfaces/msg/_roomba_state_s.c
[0.461s] -- Up-to-date: /home/quentin/Bureau/roomba_virtuel/install/custom_interfaces/lib/python3.12/site-packages/custom_interfaces/msg/_roomba_state.py
[0.461s] -- Up-to-date: /home/quentin/Bureau/roomba_virtuel/install/custom_interfaces/lib/python3.12/site-packages/custom_interfaces/custom_interfaces_s__rosidl_typesupport_fastrtps_c.so
[0.461s] -- Up-to-date: /home/quentin/Bureau/roomba_virtuel/install/custom_interfaces/lib/python3.12/site-packages/custom_interfaces/custom_interfaces_s__rosidl_typesupport_c.so
[0.461s] -- Up-to-date: /home/quentin/Bureau/roomba_virtuel/install/custom_interfaces/lib/python3.12/site-packages/custom_interfaces/_custom_interfaces_s.ep.rosidl_typesupport_c.c
[0.462s] -- Up-to-date: /home/quentin/Bureau/roomba_virtuel/install/custom_interfaces/lib/python3.12/site-packages/custom_interfaces/_custom_interfaces_s.ep.rosidl_typesupport_introspection_c.c
[0.492s] Listing '/home/quentin/Bureau/roomba_virtuel/install/custom_interfaces/lib/python3.12/site-packages/custom_interfaces'...
[0.492s] Listing '/home/quentin/Bureau/roomba_virtuel/install/custom_interfaces/lib/python3.12/site-packages/custom_interfaces/msg'...
[0.493s] Listing '/home/quentin/Bureau/roomba_virtuel/install/custom_interfaces/lib/python3.12/site-packages/custom_interfaces/srv'...
[0.498s] -- Up-to-date: /home/quentin/Bureau/roomba_virtuel/install/custom_interfaces/lib/python3.12/site-packages/custom_interfaces/custom_interfaces_s__rosidl_typesupport_fastrtps_c.so
[0.499s] -- Up-to-date: /home/quentin/Bureau/roomba_virtuel/install/custom_interfaces/lib/python3.12/site-packages/custom_interfaces/custom_interfaces_s__rosidl_typesupport_introspection_c.so
[0.499s] -- Up-to-date: /home/quentin/Bureau/roomba_virtuel/install/custom_interfaces/lib/python3.12/site-packages/custom_interfaces/custom_interfaces_s__rosidl_typesupport_c.so
[0.499s] -- Up-to-date: /home/quentin/Bureau/roomba_virtuel/install/custom_interfaces/lib/libcustom_interfaces__rosidl_generator_py.so
[0.500s] -- Up-to-date: /home/quentin/Bureau/roomba_virtuel/install/custom_interfaces/share/ament_index/resource_index/rust_packages/custom_interfaces
[0.500s] -- Up-to-date: /home/quentin/Bureau/roomba_virtuel/install/custom_interfaces/share/custom_interfaces/rust
[0.500s] -- Up-to-date: /home/quentin/Bureau/roomba_virtuel/install/custom_interfaces/share/custom_interfaces/rust/src
[0.500s] -- Up-to-date: /home/quentin/Bureau/roomba_virtuel/install/custom_interfaces/share/custom_interfaces/rust/src/msg.rs
[0.500s] -- Up-to-date: /home/quentin/Bureau/roomba_virtuel/install/custom_interfaces/share/custom_interfaces/rust/src/srv
[0.500s] -- Up-to-date: /home/quentin/Bureau/roomba_virtuel/install/custom_interfaces/share/custom_interfaces/rust/src/srv/rmw.rs
[0.500s] -- Up-to-date: /home/quentin/Bureau/roomba_virtuel/install/custom_interfaces/share/custom_interfaces/rust/src/msg
[0.501s] -- Up-to-date: /home/quentin/Bureau/roomba_virtuel/install/custom_interfaces/share/custom_interfaces/rust/src/msg/rmw.rs
[0.501s] -- Up-to-date: /home/quentin/Bureau/roomba_virtuel/install/custom_interfaces/share/custom_interfaces/rust/src/srv.rs
[0.501s] -- Up-to-date: /home/quentin/Bureau/roomba_virtuel/install/custom_interfaces/share/custom_interfaces/rust/src/lib.rs
[0.501s] -- Up-to-date: /home/quentin/Bureau/roomba_virtuel/install/custom_interfaces/share/custom_interfaces/rust/Cargo.toml
[0.501s] -- Up-to-date: /home/quentin/Bureau/roomba_virtuel/install/custom_interfaces/share/custom_interfaces/rust/build.rs
[0.501s] -- Up-to-date: /home/quentin/Bureau/roomba_virtuel/install/custom_interfaces/share/custom_interfaces/msg/RoombaState.idl
[0.501s] -- Up-to-date: /home/quentin/Bureau/roomba_virtuel/install/custom_interfaces/share/custom_interfaces/srv/SetPowerMode.idl
[0.501s] -- Up-to-date: /home/quentin/Bureau/roomba_virtuel/install/custom_interfaces/share/custom_interfaces/srv/ToggleCleaning.idl
[0.501s] -- Up-to-date: /home/quentin/Bureau/roomba_virtuel/install/custom_interfaces/share/custom_interfaces/msg/RoombaState.msg
[0.502s] -- Up-to-date: /home/quentin/Bureau/roomba_virtuel/install/custom_interfaces/share/custom_interfaces/srv/SetPowerMode.srv
[0.502s] -- Up-to-date: /home/quentin/Bureau/roomba_virtuel/install/custom_interfaces/share/custom_interfaces/srv/ToggleCleaning.srv
[0.502s] -- Up-to-date: /home/quentin/Bureau/roomba_virtuel/install/custom_interfaces/share/ament_index/resource_index/package_run_dependencies/custom_interfaces
[0.502s] -- Up-to-date: /home/quentin/Bureau/roomba_virtuel/install/custom_interfaces/share/ament_index/resource_index/parent_prefix_path/custom_interfaces
[0.502s] -- Up-to-date: /home/quentin/Bureau/roomba_virtuel/install/custom_interfaces/share/custom_interfaces/environment/ament_prefix_path.sh
[0.502s] -- Up-to-date: /home/quentin/Bureau/roomba_virtuel/install/custom_interfaces/share/custom_interfaces/environment/ament_prefix_path.dsv
[0.502s] -- Up-to-date: /home/quentin/Bureau/roomba_virtuel/install/custom_interfaces/share/custom_interfaces/environment/path.sh
[0.503s] -- Up-to-date: /home/quentin/Bureau/roomba_virtuel/install/custom_interfaces/share/custom_interfaces/environment/path.dsv
[0.503s] -- Up-to-date: /home/quentin/Bureau/roomba_virtuel/install/custom_interfaces/share/custom_interfaces/local_setup.bash
[0.503s] -- Up-to-date: /home/quentin/Bureau/roomba_virtuel/install/custom_interfaces/share/custom_interfaces/local_setup.sh
[0.503s] -- Up-to-date: /home/quentin/Bureau/roomba_virtuel/install/custom_interfaces/share/custom_interfaces/local_setup.zsh
[0.503s] -- Up-to-date: /home/quentin/Bureau/roomba_virtuel/install/custom_interfaces/share/custom_interfaces/local_setup.dsv
[0.503s] -- Installing: /home/quentin/Bureau/roomba_virtuel/install/custom_interfaces/share/custom_interfaces/package.dsv
[0.503s] -- Up-to-date: /home/quentin/Bureau/roomba_virtuel/install/custom_interfaces/share/ament_index/resource_index/packages/custom_interfaces
[0.503s] -- Up-to-date: /home/quentin/Bureau/roomba_virtuel/install/custom_interfaces/share/custom_interfaces/cmake/export_custom_interfaces__rosidl_generator_cExport.cmake
[0.503s] -- Up-to-date: /home/quentin/Bureau/roomba_virtuel/install/custom_interfaces/share/custom_interfaces/cmake/export_custom_interfaces__rosidl_generator_cExport-noconfig.cmake
[0.504s] -- Up-to-date: /home/quentin/Bureau/roomba_virtuel/install/custom_interfaces/share/custom_interfaces/cmake/export_custom_interfaces__rosidl_typesupport_fastrtps_cExport.cmake
[0.504s] -- Up-to-date: /home/quentin/Bureau/roomba_virtuel/install/custom_interfaces/share/custom_interfaces/cmake/export_custom_interfaces__rosidl_typesupport_fastrtps_cExport-noconfig.cmake
[0.504s] -- Up-to-date: /home/quentin/Bureau/roomba_virtuel/install/custom_interfaces/share/custom_interfaces/cmake/custom_interfaces__rosidl_typesupport_introspection_cExport.cmake
[0.504s] -- Up-to-date: /home/quentin/Bureau/roomba_virtuel/install/custom_interfaces/share/custom_interfaces/cmake/custom_interfaces__rosidl_typesupport_introspection_cExport-noconfig.cmake
[0.504s] -- Up-to-date: /home/quentin/Bureau/roomba_virtuel/install/custom_interfaces/share/custom_interfaces/cmake/custom_interfaces__rosidl_typesupport_cExport.cmake
[0.504s] -- Up-to-date: /home/quentin/Bureau/roomba_virtuel/install/custom_interfaces/share/custom_interfaces/cmake/custom_interfaces__rosidl_typesupport_cExport-noconfig.cmake
[0.504s] -- Up-to-date: /home/quentin/Bureau/roomba_virtuel/install/custom_interfaces/share/custom_interfaces/cmake/export_custom_interfaces__rosidl_generator_cppExport.cmake
[0.504s] -- Up-to-date: /home/quentin/Bureau/roomba_virtuel/install/custom_interfaces/share/custom_interfaces/cmake/export_custom_interfaces__rosidl_typesupport_fastrtps_cppExport.cmake
[0.504s] -- Up-to-date: /home/quentin/Bureau/roomba_virtuel/install/custom_interfaces/share/custom_interfaces/cmake/export_custom_interfaces__rosidl_typesupport_fastrtps_cppExport-noconfig.cmake
[0.505s] -- Up-to-date: /home/quentin/Bureau/roomba_virtuel/install/custom_interfaces/share/custom_interfaces/cmake/custom_interfaces__rosidl_typesupport_introspection_cppExport.cmake
[0.505s] -- Up-to-date: /home/quentin/Bureau/roomba_virtuel/install/custom_interfaces/share/custom_interfaces/cmake/custom_interfaces__rosidl_typesupport_introspection_cppExport-noconfig.cmake
[0.505s] -- Up-to-date: /home/quentin/Bureau/roomba_virtuel/install/custom_interfaces/share/custom_interfaces/cmake/custom_interfaces__rosidl_typesupport_cppExport.cmake
[0.505s] -- Up-to-date: /home/quentin/Bureau/roomba_virtuel/install/custom_interfaces/share/custom_interfaces/cmake/custom_interfaces__rosidl_typesupport_cppExport-noconfig.cmake
[0.505s] -- Up-to-date: /home/quentin/Bureau/roomba_virtuel/install/custom_interfaces/share/custom_interfaces/cmake/export_custom_interfaces__rosidl_generator_pyExport.cmake
[0.505s] -- Up-to-date: /home/quentin/Bureau/roomba_virtuel/install/custom_interfaces/share/custom_interfaces/cmake/export_custom_interfaces__rosidl_generator_pyExport-noconfig.cmake
[0.505s] -- Up-to-date: /home/quentin/Bureau/roomba_virtuel/install/custom_interfaces/share/custom_interfaces/cmake/rosidl_cmake-extras.cmake
[0.505s] -- Up-to-date: /home/quentin/Bureau/roomba_virtuel/install/custom_interfaces/share/custom_interfaces/cmake/ament_cmake_export_dependencies-extras.cmake
[0.506s] -- Up-to-date: /home/quentin/Bureau/roomba_virtuel/install/custom_interfaces/share/custom_interfaces/cmake/ament_cmake_export_include_directories-extras.cmake
[0.506s] -- Up-to-date: /home/quentin/Bureau/roomba_virtuel/install/custom_interfaces/share/custom_interfaces/cmake/ament_cmake_export_libraries-extras.cmake
[0.506s] -- Up-to-date: /home/quentin/Bureau/roomba_virtuel/install/custom_interfaces/share/custom_interfaces/cmake/ament_cmake_export_targets-extras.cmake
[0.506s] -- Up-to-date: /home/quentin/Bureau/roomba_virtuel/install/custom_interfaces/share/custom_interfaces/cmake/rosidl_cmake_export_typesupport_targets-extras.cmake
[0.506s] -- Up-to-date: /home/quentin/Bureau/roomba_virtuel/install/custom_interfaces/share/custom_interfaces/cmake/rosidl_cmake_export_typesupport_libraries-extras.cmake
[0.506s] -- Up-to-date: /home/quentin/Bureau/roomba_virtuel/install/custom_interfaces/share/custom_interfaces/cmake/custom_interfacesConfig.cmake
[0.507s] -- Up-to-date: /home/quentin/Bureau/roomba_virtuel/install/custom_interfaces/share/custom_interfaces/cmake/custom_interfacesConfig-version.cmake
[0.507s] -- Up-to-date: /home/quentin/Bureau/roomba_virtuel/install/custom_interfaces/share/custom_interfaces/package.xml
[0.508s] Invoked command in '/home/quentin/Bureau/roomba_virtuel/build/custom_interfaces' returned '0': CMAKE_PREFIX_PATH=${CMAKE_PREFIX_PATH}:/opt/ros/jazzy DEBUGINFOD_URLS=https://debuginfod.ubuntu.com /usr/bin/cmake --install /home/quentin/Bureau/roomba_virtuel/build/custom_interfaces
