[0.784s] Invoking command in '/home/quentin/Bureau/roomba_virtuel/src/virtual_roomba': DEBUGINFOD_URLS=https://debuginfod.ubuntu.com PYTHONPATH=/home/quentin/Bureau/roomba_virtuel/build/virtual_roomba/prefix_override:/usr/lib/python3/dist-packages/colcon_core/task/python/colcon_distutils_commands:/home/quentin/Bureau/roomba_virtuel/install/virtual_roomba/lib/python3.12/site-packages:${PYTHONPATH} /usr/bin/python3 -W ignore:setup.py install is deprecated -W ignore:easy_install command is deprecated setup.py egg_info --egg-base ../../build/virtual_roomba build --build-base /home/quentin/Bureau/roomba_virtuel/build/virtual_roomba/build install --record /home/quentin/Bureau/roomba_virtuel/build/virtual_roomba/install.log --single-version-externally-managed install_data
[1.023s] running egg_info
[1.040s] writing ../../build/virtual_roomba/virtual_roomba.egg-info/PKG-INFO
[1.040s] writing dependency_links to ../../build/virtual_roomba/virtual_roomba.egg-info/dependency_links.txt
[1.040s] writing entry points to ../../build/virtual_roomba/virtual_roomba.egg-info/entry_points.txt
[1.041s] writing requirements to ../../build/virtual_roomba/virtual_roomba.egg-info/requires.txt
[1.041s] writing top-level names to ../../build/virtual_roomba/virtual_roomba.egg-info/top_level.txt
[1.075s] reading manifest file '../../build/virtual_roomba/virtual_roomba.egg-info/SOURCES.txt'
[1.075s] adding license file 'LICENSE'
[1.076s] writing manifest file '../../build/virtual_roomba/virtual_roomba.egg-info/SOURCES.txt'
[1.076s] running build
[1.076s] running build_py
[1.076s] running install
[1.081s] running install_lib
[1.099s] running install_data
[1.100s] running install_egg_info
[1.118s] removing '/home/quentin/Bureau/roomba_virtuel/install/virtual_roomba/lib/python3.12/site-packages/virtual_roomba-0.0.0-py3.12.egg-info' (and everything under it)
[1.118s] Copying ../../build/virtual_roomba/virtual_roomba.egg-info to /home/quentin/Bureau/roomba_virtuel/install/virtual_roomba/lib/python3.12/site-packages/virtual_roomba-0.0.0-py3.12.egg-info
[1.118s] running install_scripts
[1.235s] Installing py_dashboard_cli script to /home/quentin/Bureau/roomba_virtuel/install/virtual_roomba/lib/virtual_roomba
[1.235s] Installing py_robot_core script to /home/quentin/Bureau/roomba_virtuel/install/virtual_roomba/lib/virtual_roomba
[1.235s] writing list of installed files to '/home/quentin/Bureau/roomba_virtuel/build/virtual_roomba/install.log'
[1.271s] Invoked command in '/home/quentin/Bureau/roomba_virtuel/src/virtual_roomba' returned '0': DEBUGINFOD_URLS=https://debuginfod.ubuntu.com PYTHONPATH=/home/quentin/Bureau/roomba_virtuel/build/virtual_roomba/prefix_override:/usr/lib/python3/dist-packages/colcon_core/task/python/colcon_distutils_commands:/home/quentin/Bureau/roomba_virtuel/install/virtual_roomba/lib/python3.12/site-packages:${PYTHONPATH} /usr/bin/python3 -W ignore:setup.py install is deprecated -W ignore:easy_install command is deprecated setup.py egg_info --egg-base ../../build/virtual_roomba build --build-base /home/quentin/Bureau/roomba_virtuel/build/virtual_roomba/build install --record /home/quentin/Bureau/roomba_virtuel/build/virtual_roomba/install.log --single-version-externally-managed install_data
