running egg_info
creating ../../build/virtual_roomba/virtual_roomba.egg-info
writing ../../build/virtual_roomba/virtual_roomba.egg-info/PKG-INFO
writing dependency_links to ../../build/virtual_roomba/virtual_roomba.egg-info/dependency_links.txt
writing entry points to ../../build/virtual_roomba/virtual_roomba.egg-info/entry_points.txt
writing requirements to ../../build/virtual_roomba/virtual_roomba.egg-info/requires.txt
writing top-level names to ../../build/virtual_roomba/virtual_roomba.egg-info/top_level.txt
writing manifest file '../../build/virtual_roomba/virtual_roomba.egg-info/SOURCES.txt'
reading manifest file '../../build/virtual_roomba/virtual_roomba.egg-info/SOURCES.txt'
adding license file 'LICENSE'
writing manifest file '../../build/virtual_roomba/virtual_roomba.egg-info/SOURCES.txt'
running build
running build_py
creating /home/quentin/Bureau/roomba_virtuel/build/virtual_roomba/build
creating /home/quentin/Bureau/roomba_virtuel/build/virtual_roomba/build/lib
creating /home/quentin/Bureau/roomba_virtuel/build/virtual_roomba/build/lib/virtual_roomba
copying virtual_roomba/py_robot_core.py -> /home/quentin/Bureau/roomba_virtuel/build/virtual_roomba/build/lib/virtual_roomba
copying virtual_roomba/__init__.py -> /home/quentin/Bureau/roomba_virtuel/build/virtual_roomba/build/lib/virtual_roomba
copying virtual_roomba/py_dashboard_cli.py -> /home/quentin/Bureau/roomba_virtuel/build/virtual_roomba/build/lib/virtual_roomba
running install
running install_lib
creating /home/quentin/Bureau/roomba_virtuel/install/virtual_roomba/lib/python3.12/site-packages/virtual_roomba
copying /home/quentin/Bureau/roomba_virtuel/build/virtual_roomba/build/lib/virtual_roomba/py_robot_core.py -> /home/quentin/Bureau/roomba_virtuel/install/virtual_roomba/lib/python3.12/site-packages/virtual_roomba
copying /home/quentin/Bureau/roomba_virtuel/build/virtual_roomba/build/lib/virtual_roomba/__init__.py -> /home/quentin/Bureau/roomba_virtuel/install/virtual_roomba/lib/python3.12/site-packages/virtual_roomba
copying /home/quentin/Bureau/roomba_virtuel/build/virtual_roomba/build/lib/virtual_roomba/py_dashboard_cli.py -> /home/quentin/Bureau/roomba_virtuel/install/virtual_roomba/lib/python3.12/site-packages/virtual_roomba
byte-compiling /home/quentin/Bureau/roomba_virtuel/install/virtual_roomba/lib/python3.12/site-packages/virtual_roomba/py_robot_core.py to py_robot_core.cpython-312.pyc
byte-compiling /home/quentin/Bureau/roomba_virtuel/install/virtual_roomba/lib/python3.12/site-packages/virtual_roomba/__init__.py to __init__.cpython-312.pyc
byte-compiling /home/quentin/Bureau/roomba_virtuel/install/virtual_roomba/lib/python3.12/site-packages/virtual_roomba/py_dashboard_cli.py to py_dashboard_cli.cpython-312.pyc
running install_data
creating /home/quentin/Bureau/roomba_virtuel/install/virtual_roomba/share/ament_index
creating /home/quentin/Bureau/roomba_virtuel/install/virtual_roomba/share/ament_index/resource_index
creating /home/quentin/Bureau/roomba_virtuel/install/virtual_roomba/share/ament_index/resource_index/packages
copying resource/virtual_roomba -> /home/quentin/Bureau/roomba_virtuel/install/virtual_roomba/share/ament_index/resource_index/packages
copying package.xml -> /home/quentin/Bureau/roomba_virtuel/install/virtual_roomba/share/virtual_roomba
running install_egg_info
Copying ../../build/virtual_roomba/virtual_roomba.egg-info to /home/quentin/Bureau/roomba_virtuel/install/virtual_roomba/lib/python3.12/site-packages/virtual_roomba-0.0.0-py3.12.egg-info
running install_scripts
Installing listener script to /home/quentin/Bureau/roomba_virtuel/install/virtual_roomba/lib/virtual_roomba
Installing talker script to /home/quentin/Bureau/roomba_virtuel/install/virtual_roomba/lib/virtual_roomba
writing list of installed files to '/home/quentin/Bureau/roomba_virtuel/build/virtual_roomba/install.log'
