[0.093s] DEBUG:colcon:Command line arguments: ['/usr/bin/colcon', 'build']
[0.093s] DEBUG:colcon:Parsed command line arguments: Namespace(log_base=None, log_level=None, verb_name='build', build_base='build', install_base='install', merge_install=False, symlink_install=False, test_result_base=None, continue_on_error=False, executor='parallel', parallel_workers=16, event_handlers=None, ignore_user_meta=False, metas=['./colcon.meta'], base_paths=['.'], packages_ignore=None, packages_ignore_regex=None, paths=None, packages_up_to=None, packages_up_to_regex=None, packages_above=None, packages_above_and_dependencies=None, packages_above_depth=None, packages_select_by_dep=None, packages_skip_by_dep=None, packages_skip_up_to=None, packages_select_build_failed=False, packages_skip_build_finished=False, packages_select_test_failures=False, packages_skip_test_passed=False, packages_select=None, packages_skip=None, packages_select_regex=None, packages_skip_regex=None, packages_start=None, packages_end=None, allow_overriding=[], cmake_args=None, cmake_target=None, cmake_target_skip_unavailable=False, cmake_clean_cache=False, cmake_clean_first=False, cmake_force_configure=False, ament_cmake_args=None, catkin_cmake_args=None, catkin_skip_building_tests=False, mixin_files=None, mixin=None, verb_parser=<colcon_mixin.mixin.mixin_argument.MixinArgumentDecorator object at 0x7059c25a0800>, verb_extension=<colcon_core.verb.build.BuildVerb object at 0x7059c26ccce0>, main=<bound method BuildVerb.main of <colcon_core.verb.build.BuildVerb object at 0x7059c26ccce0>>, mixin_verb=('build',))
[0.125s] Level 1:colcon.colcon_core.package_discovery:discover_packages(colcon_meta) check parameters
[0.125s] Level 1:colcon.colcon_core.package_discovery:discover_packages(recursive) check parameters
[0.125s] Level 1:colcon.colcon_core.package_discovery:discover_packages(ignore) check parameters
[0.125s] Level 1:colcon.colcon_core.package_discovery:discover_packages(path) check parameters
[0.125s] Level 1:colcon.colcon_core.package_discovery:discover_packages(colcon_meta) discover
[0.125s] Level 1:colcon.colcon_core.package_discovery:discover_packages(recursive) discover
[0.125s] INFO:colcon.colcon_core.package_discovery:Crawling recursively for packages in '/home/quentin/Bureau/roomba_virtuel'
[0.125s] Level 1:colcon.colcon_core.package_identification:_identify(.) by extensions ['ignore', 'ignore_ament_install']
[0.125s] Level 1:colcon.colcon_core.package_identification:_identify(.) by extension 'ignore'
[0.125s] Level 1:colcon.colcon_core.package_identification:_identify(.) by extension 'ignore_ament_install'
[0.125s] Level 1:colcon.colcon_core.package_identification:_identify(.) by extensions ['colcon_pkg']
[0.125s] Level 1:colcon.colcon_core.package_identification:_identify(.) by extension 'colcon_pkg'
[0.125s] Level 1:colcon.colcon_core.package_identification:_identify(.) by extensions ['colcon_meta']
[0.125s] Level 1:colcon.colcon_core.package_identification:_identify(.) by extension 'colcon_meta'
[0.125s] Level 1:colcon.colcon_core.package_identification:_identify(.) by extensions ['ros']
[0.126s] Level 1:colcon.colcon_core.package_identification:_identify(.) by extension 'ros'
[0.147s] Level 1:colcon.colcon_core.package_identification:_identify(.) by extensions ['cmake', 'python']
[0.147s] Level 1:colcon.colcon_core.package_identification:_identify(.) by extension 'cmake'
[0.147s] Level 1:colcon.colcon_core.package_identification:_identify(.) by extension 'python'
[0.147s] Level 1:colcon.colcon_core.package_identification:_identify(.) by extensions ['python_setup_py']
[0.147s] Level 1:colcon.colcon_core.package_identification:_identify(.) by extension 'python_setup_py'
[0.147s] Level 1:colcon.colcon_core.package_identification:_identify(build) by extensions ['ignore', 'ignore_ament_install']
[0.147s] Level 1:colcon.colcon_core.package_identification:_identify(build) by extension 'ignore'
[0.147s] Level 1:colcon.colcon_core.package_identification:_identify(build) ignored
[0.147s] Level 1:colcon.colcon_core.package_identification:_identify(install) by extensions ['ignore', 'ignore_ament_install']
[0.147s] Level 1:colcon.colcon_core.package_identification:_identify(install) by extension 'ignore'
[0.147s] Level 1:colcon.colcon_core.package_identification:_identify(install) ignored
[0.147s] Level 1:colcon.colcon_core.package_identification:_identify(log) by extensions ['ignore', 'ignore_ament_install']
[0.147s] Level 1:colcon.colcon_core.package_identification:_identify(log) by extension 'ignore'
[0.147s] Level 1:colcon.colcon_core.package_identification:_identify(log) ignored
[0.147s] Level 1:colcon.colcon_core.package_identification:_identify(src) by extensions ['ignore', 'ignore_ament_install']
[0.147s] Level 1:colcon.colcon_core.package_identification:_identify(src) by extension 'ignore'
[0.147s] Level 1:colcon.colcon_core.package_identification:_identify(src) by extension 'ignore_ament_install'
[0.148s] Level 1:colcon.colcon_core.package_identification:_identify(src) by extensions ['colcon_pkg']
[0.148s] Level 1:colcon.colcon_core.package_identification:_identify(src) by extension 'colcon_pkg'
[0.148s] Level 1:colcon.colcon_core.package_identification:_identify(src) by extensions ['colcon_meta']
[0.148s] Level 1:colcon.colcon_core.package_identification:_identify(src) by extension 'colcon_meta'
[0.148s] Level 1:colcon.colcon_core.package_identification:_identify(src) by extensions ['ros']
[0.148s] Level 1:colcon.colcon_core.package_identification:_identify(src) by extension 'ros'
[0.148s] Level 1:colcon.colcon_core.package_identification:_identify(src) by extensions ['cmake', 'python']
[0.148s] Level 1:colcon.colcon_core.package_identification:_identify(src) by extension 'cmake'
[0.148s] Level 1:colcon.colcon_core.package_identification:_identify(src) by extension 'python'
[0.148s] Level 1:colcon.colcon_core.package_identification:_identify(src) by extensions ['python_setup_py']
[0.148s] Level 1:colcon.colcon_core.package_identification:_identify(src) by extension 'python_setup_py'
[0.148s] Level 1:colcon.colcon_core.package_identification:_identify(src/custom_interfaces) by extensions ['ignore', 'ignore_ament_install']
[0.148s] Level 1:colcon.colcon_core.package_identification:_identify(src/custom_interfaces) by extension 'ignore'
[0.148s] Level 1:colcon.colcon_core.package_identification:_identify(src/custom_interfaces) by extension 'ignore_ament_install'
[0.148s] Level 1:colcon.colcon_core.package_identification:_identify(src/custom_interfaces) by extensions ['colcon_pkg']
[0.148s] Level 1:colcon.colcon_core.package_identification:_identify(src/custom_interfaces) by extension 'colcon_pkg'
[0.148s] Level 1:colcon.colcon_core.package_identification:_identify(src/custom_interfaces) by extensions ['colcon_meta']
[0.148s] Level 1:colcon.colcon_core.package_identification:_identify(src/custom_interfaces) by extension 'colcon_meta'
[0.148s] Level 1:colcon.colcon_core.package_identification:_identify(src/custom_interfaces) by extensions ['ros']
[0.148s] Level 1:colcon.colcon_core.package_identification:_identify(src/custom_interfaces) by extension 'ros'
[0.150s] DEBUG:colcon.colcon_core.package_identification:Package 'src/custom_interfaces' with type 'ros.ament_cmake' and name 'custom_interfaces'
[0.150s] Level 1:colcon.colcon_core.package_identification:_identify(src/virtual_roomba) by extensions ['ignore', 'ignore_ament_install']
[0.150s] Level 1:colcon.colcon_core.package_identification:_identify(src/virtual_roomba) by extension 'ignore'
[0.150s] Level 1:colcon.colcon_core.package_identification:_identify(src/virtual_roomba) by extension 'ignore_ament_install'
[0.150s] Level 1:colcon.colcon_core.package_identification:_identify(src/virtual_roomba) by extensions ['colcon_pkg']
[0.150s] Level 1:colcon.colcon_core.package_identification:_identify(src/virtual_roomba) by extension 'colcon_pkg'
[0.150s] Level 1:colcon.colcon_core.package_identification:_identify(src/virtual_roomba) by extensions ['colcon_meta']
[0.150s] Level 1:colcon.colcon_core.package_identification:_identify(src/virtual_roomba) by extension 'colcon_meta'
[0.150s] Level 1:colcon.colcon_core.package_identification:_identify(src/virtual_roomba) by extensions ['ros']
[0.150s] Level 1:colcon.colcon_core.package_identification:_identify(src/virtual_roomba) by extension 'ros'
[0.151s] DEBUG:colcon.colcon_core.package_identification:Package 'src/virtual_roomba' with type 'ros.ament_python' and name 'virtual_roomba'
[0.151s] Level 1:colcon.colcon_core.package_discovery:discover_packages(recursive) using defaults
[0.151s] Level 1:colcon.colcon_core.package_discovery:discover_packages(ignore) discover
[0.151s] Level 1:colcon.colcon_core.package_discovery:discover_packages(ignore) using defaults
[0.151s] Level 1:colcon.colcon_core.package_discovery:discover_packages(path) discover
[0.151s] Level 1:colcon.colcon_core.package_discovery:discover_packages(path) using defaults
[0.165s] Level 1:colcon.colcon_core.package_discovery:discover_packages(prefix_path) check parameters
[0.165s] Level 1:colcon.colcon_core.package_discovery:discover_packages(prefix_path) discover
[0.166s] DEBUG:colcon.colcon_installed_package_information.package_discovery:Found 2 installed packages in /home/quentin/Bureau/roomba_virtuel/install
[0.167s] DEBUG:colcon.colcon_installed_package_information.package_discovery:Found 287 installed packages in /opt/ros/jazzy
[0.168s] Level 1:colcon.colcon_core.package_discovery:discover_packages(prefix_path) using defaults
[0.203s] Level 5:colcon.colcon_core.verb:set package 'custom_interfaces' build argument 'cmake_args' from command line to 'None'
[0.203s] Level 5:colcon.colcon_core.verb:set package 'custom_interfaces' build argument 'cmake_target' from command line to 'None'
[0.203s] Level 5:colcon.colcon_core.verb:set package 'custom_interfaces' build argument 'cmake_target_skip_unavailable' from command line to 'False'
[0.203s] Level 5:colcon.colcon_core.verb:set package 'custom_interfaces' build argument 'cmake_clean_cache' from command line to 'False'
[0.203s] Level 5:colcon.colcon_core.verb:set package 'custom_interfaces' build argument 'cmake_clean_first' from command line to 'False'
[0.203s] Level 5:colcon.colcon_core.verb:set package 'custom_interfaces' build argument 'cmake_force_configure' from command line to 'False'
[0.203s] Level 5:colcon.colcon_core.verb:set package 'custom_interfaces' build argument 'ament_cmake_args' from command line to 'None'
[0.203s] Level 5:colcon.colcon_core.verb:set package 'custom_interfaces' build argument 'catkin_cmake_args' from command line to 'None'
[0.204s] Level 5:colcon.colcon_core.verb:set package 'custom_interfaces' build argument 'catkin_skip_building_tests' from command line to 'False'
[0.204s] DEBUG:colcon.colcon_core.verb:Building package 'custom_interfaces' with the following arguments: {'ament_cmake_args': None, 'build_base': '/home/quentin/Bureau/roomba_virtuel/build/custom_interfaces', 'catkin_cmake_args': None, 'catkin_skip_building_tests': False, 'cmake_args': None, 'cmake_clean_cache': False, 'cmake_clean_first': False, 'cmake_force_configure': False, 'cmake_target': None, 'cmake_target_skip_unavailable': False, 'install_base': '/home/quentin/Bureau/roomba_virtuel/install/custom_interfaces', 'merge_install': False, 'path': '/home/quentin/Bureau/roomba_virtuel/src/custom_interfaces', 'symlink_install': False, 'test_result_base': None}
[0.204s] Level 5:colcon.colcon_core.verb:set package 'virtual_roomba' build argument 'cmake_args' from command line to 'None'
[0.204s] Level 5:colcon.colcon_core.verb:set package 'virtual_roomba' build argument 'cmake_target' from command line to 'None'
[0.204s] Level 5:colcon.colcon_core.verb:set package 'virtual_roomba' build argument 'cmake_target_skip_unavailable' from command line to 'False'
[0.204s] Level 5:colcon.colcon_core.verb:set package 'virtual_roomba' build argument 'cmake_clean_cache' from command line to 'False'
[0.204s] Level 5:colcon.colcon_core.verb:set package 'virtual_roomba' build argument 'cmake_clean_first' from command line to 'False'
[0.204s] Level 5:colcon.colcon_core.verb:set package 'virtual_roomba' build argument 'cmake_force_configure' from command line to 'False'
[0.204s] Level 5:colcon.colcon_core.verb:set package 'virtual_roomba' build argument 'ament_cmake_args' from command line to 'None'
[0.204s] Level 5:colcon.colcon_core.verb:set package 'virtual_roomba' build argument 'catkin_cmake_args' from command line to 'None'
[0.204s] Level 5:colcon.colcon_core.verb:set package 'virtual_roomba' build argument 'catkin_skip_building_tests' from command line to 'False'
[0.204s] DEBUG:colcon.colcon_core.verb:Building package 'virtual_roomba' with the following arguments: {'ament_cmake_args': None, 'build_base': '/home/quentin/Bureau/roomba_virtuel/build/virtual_roomba', 'catkin_cmake_args': None, 'catkin_skip_building_tests': False, 'cmake_args': None, 'cmake_clean_cache': False, 'cmake_clean_first': False, 'cmake_force_configure': False, 'cmake_target': None, 'cmake_target_skip_unavailable': False, 'install_base': '/home/quentin/Bureau/roomba_virtuel/install/virtual_roomba', 'merge_install': False, 'path': '/home/quentin/Bureau/roomba_virtuel/src/virtual_roomba', 'symlink_install': False, 'test_result_base': None}
[0.204s] INFO:colcon.colcon_core.executor:Executing jobs using 'parallel' executor
[0.205s] DEBUG:colcon.colcon_parallel_executor.executor.parallel:run_until_complete
[0.205s] INFO:colcon.colcon_ros.task.ament_cmake.build:Building ROS package in '/home/quentin/Bureau/roomba_virtuel/src/custom_interfaces' with build type 'ament_cmake'
[0.205s] INFO:colcon.colcon_cmake.task.cmake.build:Building CMake package in '/home/quentin/Bureau/roomba_virtuel/src/custom_interfaces'
[0.207s] INFO:colcon.colcon_core.plugin_system:Skipping extension 'colcon_core.shell.bat': Not used on non-Windows systems
[0.207s] INFO:colcon.colcon_core.shell:Skip shell extension 'powershell' for command environment: Not usable outside of PowerShell
[0.207s] DEBUG:colcon.colcon_core.shell:Skip shell extension 'dsv' for command environment
[0.210s] INFO:colcon.colcon_ros.task.ament_python.build:Building ROS package in '/home/quentin/Bureau/roomba_virtuel/src/virtual_roomba' with build type 'ament_python'
[0.210s] Level 1:colcon.colcon_core.shell:create_environment_hook('virtual_roomba', 'ament_prefix_path')
[0.211s] INFO:colcon.colcon_core.shell:Creating environment hook '/home/quentin/Bureau/roomba_virtuel/install/virtual_roomba/share/virtual_roomba/hook/ament_prefix_path.ps1'
[0.211s] INFO:colcon.colcon_core.shell:Creating environment descriptor '/home/quentin/Bureau/roomba_virtuel/install/virtual_roomba/share/virtual_roomba/hook/ament_prefix_path.dsv'
[0.212s] INFO:colcon.colcon_core.shell:Creating environment hook '/home/quentin/Bureau/roomba_virtuel/install/virtual_roomba/share/virtual_roomba/hook/ament_prefix_path.sh'
[0.212s] INFO:colcon.colcon_core.shell:Skip shell extension 'powershell' for command environment: Not usable outside of PowerShell
[0.212s] DEBUG:colcon.colcon_core.shell:Skip shell extension 'dsv' for command environment
[0.220s] DEBUG:colcon.colcon_core.event_handler.log_command:Invoking command in '/home/quentin/Bureau/roomba_virtuel/build/custom_interfaces': CMAKE_PREFIX_PATH=${CMAKE_PREFIX_PATH}:/home/quentin/Bureau/roomba_virtuel/install/virtual_roomba:/opt/ros/jazzy DEBUGINFOD_URLS=https://debuginfod.ubuntu.com /usr/bin/cmake --build /home/quentin/Bureau/roomba_virtuel/build/custom_interfaces -- -j16 -l16
[0.408s] INFO:colcon.colcon_core.task.python.build:Building Python package in '/home/quentin/Bureau/roomba_virtuel/src/virtual_roomba'
[0.409s] INFO:colcon.colcon_core.shell:Skip shell extension 'powershell' for command environment: Not usable outside of PowerShell
[0.409s] DEBUG:colcon.colcon_core.shell:Skip shell extension 'dsv' for command environment
[0.609s] DEBUG:colcon.colcon_core.event_handler.log_command:Invoked command in '/home/quentin/Bureau/roomba_virtuel/build/custom_interfaces' returned '0': CMAKE_PREFIX_PATH=${CMAKE_PREFIX_PATH}:/home/quentin/Bureau/roomba_virtuel/install/virtual_roomba:/opt/ros/jazzy DEBUGINFOD_URLS=https://debuginfod.ubuntu.com /usr/bin/cmake --build /home/quentin/Bureau/roomba_virtuel/build/custom_interfaces -- -j16 -l16
[0.628s] DEBUG:colcon.colcon_core.event_handler.log_command:Invoking command in '/home/quentin/Bureau/roomba_virtuel/build/custom_interfaces': CMAKE_PREFIX_PATH=${CMAKE_PREFIX_PATH}:/home/quentin/Bureau/roomba_virtuel/install/virtual_roomba:/opt/ros/jazzy DEBUGINFOD_URLS=https://debuginfod.ubuntu.com /usr/bin/cmake --install /home/quentin/Bureau/roomba_virtuel/build/custom_interfaces
[0.704s] Level 1:colcon.colcon_core.environment:create_environment_scripts_only(custom_interfaces)
[0.711s] Level 1:colcon.colcon_core.environment:checking '/home/quentin/Bureau/roomba_virtuel/install/custom_interfaces' for CMake module files
[0.715s] Level 1:colcon.colcon_core.environment:checking '/home/quentin/Bureau/roomba_virtuel/install/custom_interfaces' for CMake config files
[0.715s] DEBUG:colcon.colcon_core.event_handler.log_command:Invoked command in '/home/quentin/Bureau/roomba_virtuel/build/custom_interfaces' returned '0': CMAKE_PREFIX_PATH=${CMAKE_PREFIX_PATH}:/home/quentin/Bureau/roomba_virtuel/install/virtual_roomba:/opt/ros/jazzy DEBUGINFOD_URLS=https://debuginfod.ubuntu.com /usr/bin/cmake --install /home/quentin/Bureau/roomba_virtuel/build/custom_interfaces
[0.717s] Level 1:colcon.colcon_core.shell:create_environment_hook('custom_interfaces', 'cmake_prefix_path')
[0.717s] INFO:colcon.colcon_core.shell:Creating environment hook '/home/quentin/Bureau/roomba_virtuel/install/custom_interfaces/share/custom_interfaces/hook/cmake_prefix_path.ps1'
[0.718s] INFO:colcon.colcon_core.shell:Creating environment descriptor '/home/quentin/Bureau/roomba_virtuel/install/custom_interfaces/share/custom_interfaces/hook/cmake_prefix_path.dsv'
[0.718s] INFO:colcon.colcon_core.shell:Creating environment hook '/home/quentin/Bureau/roomba_virtuel/install/custom_interfaces/share/custom_interfaces/hook/cmake_prefix_path.sh'
[0.719s] Level 1:colcon.colcon_core.environment:checking '/home/quentin/Bureau/roomba_virtuel/install/custom_interfaces/lib'
[0.720s] Level 1:colcon.colcon_core.shell:create_environment_hook('custom_interfaces', 'ld_library_path_lib')
[0.720s] INFO:colcon.colcon_core.shell:Creating environment hook '/home/quentin/Bureau/roomba_virtuel/install/custom_interfaces/share/custom_interfaces/hook/ld_library_path_lib.ps1'
[0.720s] INFO:colcon.colcon_core.shell:Creating environment descriptor '/home/quentin/Bureau/roomba_virtuel/install/custom_interfaces/share/custom_interfaces/hook/ld_library_path_lib.dsv'
[0.721s] INFO:colcon.colcon_core.shell:Creating environment hook '/home/quentin/Bureau/roomba_virtuel/install/custom_interfaces/share/custom_interfaces/hook/ld_library_path_lib.sh'
[0.722s] Level 1:colcon.colcon_core.environment:checking '/home/quentin/Bureau/roomba_virtuel/install/custom_interfaces/bin'
[0.722s] Level 1:colcon.colcon_core.environment:checking '/home/quentin/Bureau/roomba_virtuel/install/custom_interfaces/lib/pkgconfig/custom_interfaces.pc'
[0.722s] Level 1:colcon.colcon_core.environment:checking '/home/quentin/Bureau/roomba_virtuel/install/custom_interfaces/lib/python3.12/site-packages'
[0.722s] Level 1:colcon.colcon_core.shell:create_environment_hook('custom_interfaces', 'pythonpath')
[0.723s] INFO:colcon.colcon_core.shell:Creating environment hook '/home/quentin/Bureau/roomba_virtuel/install/custom_interfaces/share/custom_interfaces/hook/pythonpath.ps1'
[0.723s] INFO:colcon.colcon_core.shell:Creating environment descriptor '/home/quentin/Bureau/roomba_virtuel/install/custom_interfaces/share/custom_interfaces/hook/pythonpath.dsv'
[0.724s] INFO:colcon.colcon_core.shell:Creating environment hook '/home/quentin/Bureau/roomba_virtuel/install/custom_interfaces/share/custom_interfaces/hook/pythonpath.sh'
[0.725s] Level 1:colcon.colcon_core.environment:checking '/home/quentin/Bureau/roomba_virtuel/install/custom_interfaces/bin'
[0.725s] INFO:colcon.colcon_core.shell:Creating package script '/home/quentin/Bureau/roomba_virtuel/install/custom_interfaces/share/custom_interfaces/package.ps1'
[0.728s] INFO:colcon.colcon_core.shell:Creating package descriptor '/home/quentin/Bureau/roomba_virtuel/install/custom_interfaces/share/custom_interfaces/package.dsv'
[0.729s] INFO:colcon.colcon_core.shell:Creating package script '/home/quentin/Bureau/roomba_virtuel/install/custom_interfaces/share/custom_interfaces/package.sh'
[0.730s] INFO:colcon.colcon_core.shell:Creating package script '/home/quentin/Bureau/roomba_virtuel/install/custom_interfaces/share/custom_interfaces/package.bash'
[0.731s] INFO:colcon.colcon_core.shell:Creating package script '/home/quentin/Bureau/roomba_virtuel/install/custom_interfaces/share/custom_interfaces/package.zsh'
[0.732s] Level 1:colcon.colcon_core.environment:create_file_with_runtime_dependencies(/home/quentin/Bureau/roomba_virtuel/install/custom_interfaces/share/colcon-core/packages/custom_interfaces)
[0.733s] Level 1:colcon.colcon_core.environment:create_environment_scripts_only(custom_interfaces)
[0.733s] Level 1:colcon.colcon_core.environment:checking '/home/quentin/Bureau/roomba_virtuel/install/custom_interfaces' for CMake module files
[0.734s] Level 1:colcon.colcon_core.environment:checking '/home/quentin/Bureau/roomba_virtuel/install/custom_interfaces' for CMake config files
[0.736s] Level 1:colcon.colcon_core.shell:create_environment_hook('custom_interfaces', 'cmake_prefix_path')
[0.736s] INFO:colcon.colcon_core.shell:Creating environment hook '/home/quentin/Bureau/roomba_virtuel/install/custom_interfaces/share/custom_interfaces/hook/cmake_prefix_path.ps1'
[0.737s] INFO:colcon.colcon_core.shell:Creating environment descriptor '/home/quentin/Bureau/roomba_virtuel/install/custom_interfaces/share/custom_interfaces/hook/cmake_prefix_path.dsv'
[0.737s] INFO:colcon.colcon_core.shell:Creating environment hook '/home/quentin/Bureau/roomba_virtuel/install/custom_interfaces/share/custom_interfaces/hook/cmake_prefix_path.sh'
[0.738s] Level 1:colcon.colcon_core.environment:checking '/home/quentin/Bureau/roomba_virtuel/install/custom_interfaces/lib'
[0.738s] Level 1:colcon.colcon_core.shell:create_environment_hook('custom_interfaces', 'ld_library_path_lib')
[0.739s] INFO:colcon.colcon_core.shell:Creating environment hook '/home/quentin/Bureau/roomba_virtuel/install/custom_interfaces/share/custom_interfaces/hook/ld_library_path_lib.ps1'
[0.739s] INFO:colcon.colcon_core.shell:Creating environment descriptor '/home/quentin/Bureau/roomba_virtuel/install/custom_interfaces/share/custom_interfaces/hook/ld_library_path_lib.dsv'
[0.740s] INFO:colcon.colcon_core.shell:Creating environment hook '/home/quentin/Bureau/roomba_virtuel/install/custom_interfaces/share/custom_interfaces/hook/ld_library_path_lib.sh'
[0.741s] Level 1:colcon.colcon_core.environment:checking '/home/quentin/Bureau/roomba_virtuel/install/custom_interfaces/bin'
[0.741s] Level 1:colcon.colcon_core.environment:checking '/home/quentin/Bureau/roomba_virtuel/install/custom_interfaces/lib/pkgconfig/custom_interfaces.pc'
[0.741s] Level 1:colcon.colcon_core.environment:checking '/home/quentin/Bureau/roomba_virtuel/install/custom_interfaces/lib/python3.12/site-packages'
[0.741s] Level 1:colcon.colcon_core.shell:create_environment_hook('custom_interfaces', 'pythonpath')
[0.742s] INFO:colcon.colcon_core.shell:Creating environment hook '/home/quentin/Bureau/roomba_virtuel/install/custom_interfaces/share/custom_interfaces/hook/pythonpath.ps1'
[0.742s] INFO:colcon.colcon_core.shell:Creating environment descriptor '/home/quentin/Bureau/roomba_virtuel/install/custom_interfaces/share/custom_interfaces/hook/pythonpath.dsv'
[0.743s] INFO:colcon.colcon_core.shell:Creating environment hook '/home/quentin/Bureau/roomba_virtuel/install/custom_interfaces/share/custom_interfaces/hook/pythonpath.sh'
[0.744s] Level 1:colcon.colcon_core.environment:checking '/home/quentin/Bureau/roomba_virtuel/install/custom_interfaces/bin'
[0.744s] INFO:colcon.colcon_core.shell:Creating package script '/home/quentin/Bureau/roomba_virtuel/install/custom_interfaces/share/custom_interfaces/package.ps1'
[0.746s] INFO:colcon.colcon_core.shell:Creating package descriptor '/home/quentin/Bureau/roomba_virtuel/install/custom_interfaces/share/custom_interfaces/package.dsv'
[0.747s] INFO:colcon.colcon_core.shell:Creating package script '/home/quentin/Bureau/roomba_virtuel/install/custom_interfaces/share/custom_interfaces/package.sh'
[0.747s] INFO:colcon.colcon_core.shell:Creating package script '/home/quentin/Bureau/roomba_virtuel/install/custom_interfaces/share/custom_interfaces/package.bash'
[0.748s] INFO:colcon.colcon_core.shell:Creating package script '/home/quentin/Bureau/roomba_virtuel/install/custom_interfaces/share/custom_interfaces/package.zsh'
[0.749s] Level 1:colcon.colcon_core.environment:create_file_with_runtime_dependencies(/home/quentin/Bureau/roomba_virtuel/install/custom_interfaces/share/colcon-core/packages/custom_interfaces)
[0.941s] DEBUG:colcon.colcon_core.event_handler.log_command:Invoking command in '/home/quentin/Bureau/roomba_virtuel/src/virtual_roomba': DEBUGINFOD_URLS=https://debuginfod.ubuntu.com PYTHONPATH=/home/quentin/Bureau/roomba_virtuel/build/virtual_roomba/prefix_override:/usr/lib/python3/dist-packages/colcon_core/task/python/colcon_distutils_commands:/home/quentin/Bureau/roomba_virtuel/install/virtual_roomba/lib/python3.12/site-packages:${PYTHONPATH} /usr/bin/python3 -W ignore:setup.py install is deprecated -W ignore:easy_install command is deprecated setup.py egg_info --egg-base ../../build/virtual_roomba build --build-base /home/quentin/Bureau/roomba_virtuel/build/virtual_roomba/build install --record /home/quentin/Bureau/roomba_virtuel/build/virtual_roomba/install.log --single-version-externally-managed install_data
[1.404s] Level 1:colcon.colcon_core.environment:checking '/home/quentin/Bureau/roomba_virtuel/install/virtual_roomba' for CMake module files
[1.405s] DEBUG:colcon.colcon_core.event_handler.log_command:Invoked command in '/home/quentin/Bureau/roomba_virtuel/src/virtual_roomba' returned '0': DEBUGINFOD_URLS=https://debuginfod.ubuntu.com PYTHONPATH=/home/quentin/Bureau/roomba_virtuel/build/virtual_roomba/prefix_override:/usr/lib/python3/dist-packages/colcon_core/task/python/colcon_distutils_commands:/home/quentin/Bureau/roomba_virtuel/install/virtual_roomba/lib/python3.12/site-packages:${PYTHONPATH} /usr/bin/python3 -W ignore:setup.py install is deprecated -W ignore:easy_install command is deprecated setup.py egg_info --egg-base ../../build/virtual_roomba build --build-base /home/quentin/Bureau/roomba_virtuel/build/virtual_roomba/build install --record /home/quentin/Bureau/roomba_virtuel/build/virtual_roomba/install.log --single-version-externally-managed install_data
[1.406s] Level 1:colcon.colcon_core.environment:checking '/home/quentin/Bureau/roomba_virtuel/install/virtual_roomba' for CMake config files
[1.407s] Level 1:colcon.colcon_core.environment:checking '/home/quentin/Bureau/roomba_virtuel/install/virtual_roomba/lib'
[1.407s] Level 1:colcon.colcon_core.environment:checking '/home/quentin/Bureau/roomba_virtuel/install/virtual_roomba/bin'
[1.408s] Level 1:colcon.colcon_core.environment:checking '/home/quentin/Bureau/roomba_virtuel/install/virtual_roomba/lib/pkgconfig/virtual_roomba.pc'
[1.408s] Level 1:colcon.colcon_core.environment:checking '/home/quentin/Bureau/roomba_virtuel/install/virtual_roomba/lib/python3.12/site-packages'
[1.408s] Level 1:colcon.colcon_core.shell:create_environment_hook('virtual_roomba', 'pythonpath')
[1.409s] INFO:colcon.colcon_core.shell:Creating environment hook '/home/quentin/Bureau/roomba_virtuel/install/virtual_roomba/share/virtual_roomba/hook/pythonpath.ps1'
[1.409s] INFO:colcon.colcon_core.shell:Creating environment descriptor '/home/quentin/Bureau/roomba_virtuel/install/virtual_roomba/share/virtual_roomba/hook/pythonpath.dsv'
[1.410s] INFO:colcon.colcon_core.shell:Creating environment hook '/home/quentin/Bureau/roomba_virtuel/install/virtual_roomba/share/virtual_roomba/hook/pythonpath.sh'
[1.411s] Level 1:colcon.colcon_core.environment:checking '/home/quentin/Bureau/roomba_virtuel/install/virtual_roomba/bin'
[1.411s] Level 1:colcon.colcon_core.environment:create_environment_scripts_only(virtual_roomba)
[1.412s] INFO:colcon.colcon_core.shell:Creating package script '/home/quentin/Bureau/roomba_virtuel/install/virtual_roomba/share/virtual_roomba/package.ps1'
[1.413s] INFO:colcon.colcon_core.shell:Creating package descriptor '/home/quentin/Bureau/roomba_virtuel/install/virtual_roomba/share/virtual_roomba/package.dsv'
[1.413s] INFO:colcon.colcon_core.shell:Creating package script '/home/quentin/Bureau/roomba_virtuel/install/virtual_roomba/share/virtual_roomba/package.sh'
[1.414s] INFO:colcon.colcon_core.shell:Creating package script '/home/quentin/Bureau/roomba_virtuel/install/virtual_roomba/share/virtual_roomba/package.bash'
[1.414s] INFO:colcon.colcon_core.shell:Creating package script '/home/quentin/Bureau/roomba_virtuel/install/virtual_roomba/share/virtual_roomba/package.zsh'
[1.415s] Level 1:colcon.colcon_core.environment:create_file_with_runtime_dependencies(/home/quentin/Bureau/roomba_virtuel/install/virtual_roomba/share/colcon-core/packages/virtual_roomba)
[1.415s] DEBUG:colcon.colcon_parallel_executor.executor.parallel:closing loop
[1.416s] DEBUG:colcon.colcon_parallel_executor.executor.parallel:loop closed
[1.416s] DEBUG:colcon.colcon_parallel_executor.executor.parallel:run_until_complete finished with '0'
[1.416s] DEBUG:colcon.colcon_core.event_reactor:joining thread
[1.426s] INFO:colcon.colcon_core.plugin_system:Skipping extension 'colcon_notification.desktop_notification.terminal_notifier': Not used on non-Darwin systems
[1.426s] INFO:colcon.colcon_core.plugin_system:Skipping extension 'colcon_notification.desktop_notification.win32': Not used on non-Windows systems
[1.426s] INFO:colcon.colcon_notification.desktop_notification:Sending desktop notification using 'notify2'
[1.450s] DEBUG:colcon.colcon_core.event_reactor:joined thread
[1.451s] INFO:colcon.colcon_core.shell:Creating prefix script '/home/quentin/Bureau/roomba_virtuel/install/local_setup.ps1'
[1.452s] INFO:colcon.colcon_core.shell:Creating prefix util module '/home/quentin/Bureau/roomba_virtuel/install/_local_setup_util_ps1.py'
[1.455s] INFO:colcon.colcon_core.shell:Creating prefix chain script '/home/quentin/Bureau/roomba_virtuel/install/setup.ps1'
[1.457s] INFO:colcon.colcon_core.shell:Creating prefix script '/home/quentin/Bureau/roomba_virtuel/install/local_setup.sh'
[1.458s] INFO:colcon.colcon_core.shell:Creating prefix util module '/home/quentin/Bureau/roomba_virtuel/install/_local_setup_util_sh.py'
[1.460s] INFO:colcon.colcon_core.shell:Creating prefix chain script '/home/quentin/Bureau/roomba_virtuel/install/setup.sh'
[1.462s] INFO:colcon.colcon_core.shell:Creating prefix script '/home/quentin/Bureau/roomba_virtuel/install/local_setup.bash'
[1.463s] INFO:colcon.colcon_core.shell:Creating prefix chain script '/home/quentin/Bureau/roomba_virtuel/install/setup.bash'
[1.465s] INFO:colcon.colcon_core.shell:Creating prefix script '/home/quentin/Bureau/roomba_virtuel/install/local_setup.zsh'
[1.466s] INFO:colcon.colcon_core.shell:Creating prefix chain script '/home/quentin/Bureau/roomba_virtuel/install/setup.zsh'
