[0.013s] Invoking command in '/home/quentin/Bureau/roomba_virtuel/build/custom_interfaces': CMAKE_PREFIX_PATH=${CMAKE_PREFIX_PATH}:/home/quentin/Bureau/roomba_virtuel/install/virtual_roomba:/opt/ros/jazzy DEBUGINFOD_URLS=https://debuginfod.ubuntu.com /usr/bin/cmake --build /home/quentin/Bureau/roomba_virtuel/build/custom_interfaces -- -j16 -l16
[0.076s] [  1%] Built target custom_interfaces__rosidl_generator_type_description
[0.085s] [  3%] Built target custom_interfaces__rs
[0.087s] [  3%] Built target ament_cmake_python_copy_custom_interfaces
[0.096s] [  5%] Built target custom_interfaces__cpp
[0.102s] [ 25%] Built target custom_interfaces__rosidl_generator_c
[0.127s] [ 34%] Built target custom_interfaces__rosidl_typesupport_introspection_c
[0.128s] [ 43%] Built target custom_interfaces__rosidl_typesupport_c
[0.131s] [ 52%] Built target custom_interfaces__rosidl_typesupport_cpp
[0.132s] [ 61%] Built target custom_interfaces__rosidl_typesupport_introspection_cpp
[0.135s] [ 70%] Built target custom_interfaces__rosidl_typesupport_fastrtps_c
[0.136s] [ 80%] Built target custom_interfaces__rosidl_typesupport_fastrtps_cpp
[0.158s] [ 80%] Built target custom_interfaces
[0.185s] [ 81%] Built target custom_interfaces__py
[0.217s] [ 89%] Built target custom_interfaces__rosidl_generator_py
[0.241s] [100%] Built target custom_interfaces_s__rosidl_typesupport_c
[0.241s] [100%] Built target custom_interfaces_s__rosidl_typesupport_fastrtps_c
[0.241s] [100%] Built target custom_interfaces_s__rosidl_typesupport_introspection_c
[0.272s] running egg_info
[0.290s] writing custom_interfaces.egg-info/PKG-INFO
[0.290s] writing dependency_links to custom_interfaces.egg-info/dependency_links.txt
[0.290s] writing top-level names to custom_interfaces.egg-info/top_level.txt
[0.340s] reading manifest file 'custom_interfaces.egg-info/SOURCES.txt'
[0.340s] writing manifest file 'custom_interfaces.egg-info/SOURCES.txt'
[0.378s] [100%] Built target ament_cmake_python_build_custom_interfaces_egg
[0.403s] Invoked command in '/home/quentin/Bureau/roomba_virtuel/build/custom_interfaces' returned '0': CMAKE_PREFIX_PATH=${CMAKE_PREFIX_PATH}:/home/quentin/Bureau/roomba_virtuel/install/virtual_roomba:/opt/ros/jazzy DEBUGINFOD_URLS=https://debuginfod.ubuntu.com /usr/bin/cmake --build /home/quentin/Bureau/roomba_virtuel/build/custom_interfaces -- -j16 -l16
[0.421s] Invoking command in '/home/quentin/Bureau/roomba_virtuel/build/custom_interfaces': CMAKE_PREFIX_PATH=${CMAKE_PREFIX_PATH}:/home/quentin/Bureau/roomba_virtuel/install/virtual_roomba:/opt/ros/jazzy DEBUGINFOD_URLS=https://debuginfod.ubuntu.com /usr/bin/cmake --install /home/quentin/Bureau/roomba_virtuel/build/custom_interfaces
[0.430s] -- Install configuration: ""
[0.430s] -- Up-to-date: /home/quentin/Bureau/roomba_virtuel/install/custom_interfaces/share/ament_index/resource_index/rosidl_interfaces/custom_interfaces
[0.430s] -- Up-to-date: /home/quentin/Bureau/roomba_virtuel/install/custom_interfaces/share/custom_interfaces/msg/RoombaState.json
[0.431s] -- Up-to-date: /home/quentin/Bureau/roomba_virtuel/install/custom_interfaces/share/custom_interfaces/srv/SetPowerMode.json
[0.431s] -- Up-to-date: /home/quentin/Bureau/roomba_virtuel/install/custom_interfaces/share/custom_interfaces/srv/ToggleCleaning.json
[0.431s] -- Up-to-date: /home/quentin/Bureau/roomba_virtuel/install/custom_interfaces/include/custom_interfaces/custom_interfaces
[0.432s] -- Up-to-date: /home/quentin/Bureau/roomba_virtuel/install/custom_interfaces/include/custom_interfaces/custom_interfaces/srv
[0.432s] -- Up-to-date: /home/quentin/Bureau/roomba_virtuel/install/custom_interfaces/include/custom_interfaces/custom_interfaces/srv/detail
[0.432s] -- Up-to-date: /home/quentin/Bureau/roomba_virtuel/install/custom_interfaces/include/custom_interfaces/custom_interfaces/srv/detail/set_power_mode__functions.h
[0.433s] -- Up-to-date: /home/quentin/Bureau/roomba_virtuel/install/custom_interfaces/include/custom_interfaces/custom_interfaces/srv/detail/toggle_cleaning__struct.h
[0.433s] -- Up-to-date: /home/quentin/Bureau/roomba_virtuel/install/custom_interfaces/include/custom_interfaces/custom_interfaces/srv/detail/toggle_cleaning__functions.c
[0.433s] -- Up-to-date: /home/quentin/Bureau/roomba_virtuel/install/custom_interfaces/include/custom_interfaces/custom_interfaces/srv/detail/set_power_mode__description.c
[0.434s] -- Up-to-date: /home/quentin/Bureau/roomba_virtuel/install/custom_interfaces/include/custom_interfaces/custom_interfaces/srv/detail/set_power_mode__type_support.h
[0.434s] -- Up-to-date: /home/quentin/Bureau/roomba_virtuel/install/custom_interfaces/include/custom_interfaces/custom_interfaces/srv/detail/toggle_cleaning__type_support.h
[0.434s] -- Up-to-date: /home/quentin/Bureau/roomba_virtuel/install/custom_interfaces/include/custom_interfaces/custom_interfaces/srv/detail/set_power_mode__functions.c
[0.434s] -- Up-to-date: /home/quentin/Bureau/roomba_virtuel/install/custom_interfaces/include/custom_interfaces/custom_interfaces/srv/detail/set_power_mode__struct.h
[0.435s] -- Up-to-date: /home/quentin/Bureau/roomba_virtuel/install/custom_interfaces/include/custom_interfaces/custom_interfaces/srv/detail/set_power_mode__type_support.c
[0.435s] -- Up-to-date: /home/quentin/Bureau/roomba_virtuel/install/custom_interfaces/include/custom_interfaces/custom_interfaces/srv/detail/toggle_cleaning__description.c
[0.435s] -- Up-to-date: /home/quentin/Bureau/roomba_virtuel/install/custom_interfaces/include/custom_interfaces/custom_interfaces/srv/detail/toggle_cleaning__type_support.c
[0.436s] -- Up-to-date: /home/quentin/Bureau/roomba_virtuel/install/custom_interfaces/include/custom_interfaces/custom_interfaces/srv/detail/toggle_cleaning__functions.h
[0.436s] -- Up-to-date: /home/quentin/Bureau/roomba_virtuel/install/custom_interfaces/include/custom_interfaces/custom_interfaces/srv/set_power_mode.h
[0.436s] -- Up-to-date: /home/quentin/Bureau/roomba_virtuel/install/custom_interfaces/include/custom_interfaces/custom_interfaces/srv/toggle_cleaning.h
[0.436s] -- Up-to-date: /home/quentin/Bureau/roomba_virtuel/install/custom_interfaces/include/custom_interfaces/custom_interfaces/msg
[0.436s] -- Up-to-date: /home/quentin/Bureau/roomba_virtuel/install/custom_interfaces/include/custom_interfaces/custom_interfaces/msg/detail
[0.437s] -- Up-to-date: /home/quentin/Bureau/roomba_virtuel/install/custom_interfaces/include/custom_interfaces/custom_interfaces/msg/detail/roomba_state__type_support.c
[0.437s] -- Up-to-date: /home/quentin/Bureau/roomba_virtuel/install/custom_interfaces/include/custom_interfaces/custom_interfaces/msg/detail/roomba_state__type_support.h
[0.437s] -- Up-to-date: /home/quentin/Bureau/roomba_virtuel/install/custom_interfaces/include/custom_interfaces/custom_interfaces/msg/detail/roomba_state__functions.h
[0.437s] -- Up-to-date: /home/quentin/Bureau/roomba_virtuel/install/custom_interfaces/include/custom_interfaces/custom_interfaces/msg/detail/roomba_state__struct.h
[0.438s] -- Up-to-date: /home/quentin/Bureau/roomba_virtuel/install/custom_interfaces/include/custom_interfaces/custom_interfaces/msg/detail/roomba_state__description.c
[0.438s] -- Up-to-date: /home/quentin/Bureau/roomba_virtuel/install/custom_interfaces/include/custom_interfaces/custom_interfaces/msg/detail/roomba_state__functions.c
[0.438s] -- Up-to-date: /home/quentin/Bureau/roomba_virtuel/install/custom_interfaces/include/custom_interfaces/custom_interfaces/msg/roomba_state.h
[0.438s] -- Up-to-date: /home/quentin/Bureau/roomba_virtuel/install/custom_interfaces/include/custom_interfaces/custom_interfaces/msg/rosidl_generator_c__visibility_control.h
[0.438s] -- Up-to-date: /home/quentin/Bureau/roomba_virtuel/install/custom_interfaces/share/custom_interfaces/environment/library_path.sh
[0.439s] -- Up-to-date: /home/quentin/Bureau/roomba_virtuel/install/custom_interfaces/share/custom_interfaces/environment/library_path.dsv
[0.439s] -- Up-to-date: /home/quentin/Bureau/roomba_virtuel/install/custom_interfaces/lib/libcustom_interfaces__rosidl_generator_c.so
[0.439s] -- Up-to-date: /home/quentin/Bureau/roomba_virtuel/install/custom_interfaces/include/custom_interfaces/custom_interfaces
[0.439s] -- Up-to-date: /home/quentin/Bureau/roomba_virtuel/install/custom_interfaces/include/custom_interfaces/custom_interfaces/srv
[0.439s] -- Up-to-date: /home/quentin/Bureau/roomba_virtuel/install/custom_interfaces/include/custom_interfaces/custom_interfaces/srv/detail
[0.440s] -- Up-to-date: /home/quentin/Bureau/roomba_virtuel/install/custom_interfaces/include/custom_interfaces/custom_interfaces/srv/detail/set_power_mode__rosidl_typesupport_fastrtps_c.h
[0.440s] -- Up-to-date: /home/quentin/Bureau/roomba_virtuel/install/custom_interfaces/include/custom_interfaces/custom_interfaces/srv/detail/toggle_cleaning__rosidl_typesupport_fastrtps_c.h
[0.440s] -- Up-to-date: /home/quentin/Bureau/roomba_virtuel/install/custom_interfaces/include/custom_interfaces/custom_interfaces/msg
[0.440s] -- Up-to-date: /home/quentin/Bureau/roomba_virtuel/install/custom_interfaces/include/custom_interfaces/custom_interfaces/msg/detail
[0.441s] -- Up-to-date: /home/quentin/Bureau/roomba_virtuel/install/custom_interfaces/include/custom_interfaces/custom_interfaces/msg/detail/roomba_state__rosidl_typesupport_fastrtps_c.h
[0.441s] -- Up-to-date: /home/quentin/Bureau/roomba_virtuel/install/custom_interfaces/include/custom_interfaces/custom_interfaces/msg/rosidl_typesupport_fastrtps_c__visibility_control.h
[0.441s] -- Up-to-date: /home/quentin/Bureau/roomba_virtuel/install/custom_interfaces/lib/libcustom_interfaces__rosidl_typesupport_fastrtps_c.so
[0.442s] -- Up-to-date: /home/quentin/Bureau/roomba_virtuel/install/custom_interfaces/include/custom_interfaces/custom_interfaces
[0.442s] -- Up-to-date: /home/quentin/Bureau/roomba_virtuel/install/custom_interfaces/include/custom_interfaces/custom_interfaces/srv
[0.442s] -- Up-to-date: /home/quentin/Bureau/roomba_virtuel/install/custom_interfaces/include/custom_interfaces/custom_interfaces/srv/detail
[0.443s] -- Up-to-date: /home/quentin/Bureau/roomba_virtuel/install/custom_interfaces/include/custom_interfaces/custom_interfaces/srv/detail/set_power_mode__rosidl_typesupport_introspection_c.h
[0.443s] -- Up-to-date: /home/quentin/Bureau/roomba_virtuel/install/custom_interfaces/include/custom_interfaces/custom_interfaces/srv/detail/set_power_mode__type_support.c
[0.443s] -- Up-to-date: /home/quentin/Bureau/roomba_virtuel/install/custom_interfaces/include/custom_interfaces/custom_interfaces/srv/detail/toggle_cleaning__type_support.c
[0.443s] -- Up-to-date: /home/quentin/Bureau/roomba_virtuel/install/custom_interfaces/include/custom_interfaces/custom_interfaces/srv/detail/toggle_cleaning__rosidl_typesupport_introspection_c.h
[0.443s] -- Up-to-date: /home/quentin/Bureau/roomba_virtuel/install/custom_interfaces/include/custom_interfaces/custom_interfaces/msg
[0.444s] -- Up-to-date: /home/quentin/Bureau/roomba_virtuel/install/custom_interfaces/include/custom_interfaces/custom_interfaces/msg/detail
[0.444s] -- Up-to-date: /home/quentin/Bureau/roomba_virtuel/install/custom_interfaces/include/custom_interfaces/custom_interfaces/msg/detail/roomba_state__rosidl_typesupport_introspection_c.h
[0.444s] -- Up-to-date: /home/quentin/Bureau/roomba_virtuel/install/custom_interfaces/include/custom_interfaces/custom_interfaces/msg/detail/roomba_state__type_support.c
[0.445s] -- Up-to-date: /home/quentin/Bureau/roomba_virtuel/install/custom_interfaces/include/custom_interfaces/custom_interfaces/msg/rosidl_typesupport_introspection_c__visibility_control.h
[0.445s] -- Up-to-date: /home/quentin/Bureau/roomba_virtuel/install/custom_interfaces/lib/libcustom_interfaces__rosidl_typesupport_introspection_c.so
[0.445s] -- Up-to-date: /home/quentin/Bureau/roomba_virtuel/install/custom_interfaces/lib/libcustom_interfaces__rosidl_typesupport_c.so
[0.445s] -- Up-to-date: /home/quentin/Bureau/roomba_virtuel/install/custom_interfaces/include/custom_interfaces/custom_interfaces
[0.445s] -- Up-to-date: /home/quentin/Bureau/roomba_virtuel/install/custom_interfaces/include/custom_interfaces/custom_interfaces/srv
[0.446s] -- Up-to-date: /home/quentin/Bureau/roomba_virtuel/install/custom_interfaces/include/custom_interfaces/custom_interfaces/srv/detail
[0.446s] -- Up-to-date: /home/quentin/Bureau/roomba_virtuel/install/custom_interfaces/include/custom_interfaces/custom_interfaces/srv/detail/toggle_cleaning__builder.hpp
[0.446s] -- Up-to-date: /home/quentin/Bureau/roomba_virtuel/install/custom_interfaces/include/custom_interfaces/custom_interfaces/srv/detail/set_power_mode__traits.hpp
[0.446s] -- Up-to-date: /home/quentin/Bureau/roomba_virtuel/install/custom_interfaces/include/custom_interfaces/custom_interfaces/srv/detail/set_power_mode__struct.hpp
[0.447s] -- Up-to-date: /home/quentin/Bureau/roomba_virtuel/install/custom_interfaces/include/custom_interfaces/custom_interfaces/srv/detail/toggle_cleaning__type_support.hpp
[0.447s] -- Up-to-date: /home/quentin/Bureau/roomba_virtuel/install/custom_interfaces/include/custom_interfaces/custom_interfaces/srv/detail/set_power_mode__builder.hpp
[0.447s] -- Up-to-date: /home/quentin/Bureau/roomba_virtuel/install/custom_interfaces/include/custom_interfaces/custom_interfaces/srv/detail/set_power_mode__type_support.hpp
[0.448s] -- Up-to-date: /home/quentin/Bureau/roomba_virtuel/install/custom_interfaces/include/custom_interfaces/custom_interfaces/srv/detail/toggle_cleaning__traits.hpp
[0.448s] -- Up-to-date: /home/quentin/Bureau/roomba_virtuel/install/custom_interfaces/include/custom_interfaces/custom_interfaces/srv/detail/toggle_cleaning__struct.hpp
[0.448s] -- Up-to-date: /home/quentin/Bureau/roomba_virtuel/install/custom_interfaces/include/custom_interfaces/custom_interfaces/srv/toggle_cleaning.hpp
[0.448s] -- Up-to-date: /home/quentin/Bureau/roomba_virtuel/install/custom_interfaces/include/custom_interfaces/custom_interfaces/srv/set_power_mode.hpp
[0.448s] -- Up-to-date: /home/quentin/Bureau/roomba_virtuel/install/custom_interfaces/include/custom_interfaces/custom_interfaces/msg
[0.449s] -- Up-to-date: /home/quentin/Bureau/roomba_virtuel/install/custom_interfaces/include/custom_interfaces/custom_interfaces/msg/roomba_state.hpp
[0.449s] -- Up-to-date: /home/quentin/Bureau/roomba_virtuel/install/custom_interfaces/include/custom_interfaces/custom_interfaces/msg/detail
[0.450s] -- Up-to-date: /home/quentin/Bureau/roomba_virtuel/install/custom_interfaces/include/custom_interfaces/custom_interfaces/msg/detail/roomba_state__builder.hpp
[0.450s] -- Up-to-date: /home/quentin/Bureau/roomba_virtuel/install/custom_interfaces/include/custom_interfaces/custom_interfaces/msg/detail/roomba_state__struct.hpp
[0.450s] -- Up-to-date: /home/quentin/Bureau/roomba_virtuel/install/custom_interfaces/include/custom_interfaces/custom_interfaces/msg/detail/roomba_state__type_support.hpp
[0.451s] -- Up-to-date: /home/quentin/Bureau/roomba_virtuel/install/custom_interfaces/include/custom_interfaces/custom_interfaces/msg/detail/roomba_state__traits.hpp
[0.451s] -- Up-to-date: /home/quentin/Bureau/roomba_virtuel/install/custom_interfaces/include/custom_interfaces/custom_interfaces/msg/rosidl_generator_cpp__visibility_control.hpp
[0.451s] -- Up-to-date: /home/quentin/Bureau/roomba_virtuel/install/custom_interfaces/include/custom_interfaces/custom_interfaces
[0.452s] -- Up-to-date: /home/quentin/Bureau/roomba_virtuel/install/custom_interfaces/include/custom_interfaces/custom_interfaces/srv
[0.452s] -- Up-to-date: /home/quentin/Bureau/roomba_virtuel/install/custom_interfaces/include/custom_interfaces/custom_interfaces/srv/detail
[0.452s] -- Up-to-date: /home/quentin/Bureau/roomba_virtuel/install/custom_interfaces/include/custom_interfaces/custom_interfaces/srv/detail/set_power_mode__rosidl_typesupport_fastrtps_cpp.hpp
[0.453s] -- Up-to-date: /home/quentin/Bureau/roomba_virtuel/install/custom_interfaces/include/custom_interfaces/custom_interfaces/srv/detail/toggle_cleaning__rosidl_typesupport_fastrtps_cpp.hpp
[0.453s] -- Up-to-date: /home/quentin/Bureau/roomba_virtuel/install/custom_interfaces/include/custom_interfaces/custom_interfaces/srv/detail/dds_fastrtps
[0.453s] -- Up-to-date: /home/quentin/Bureau/roomba_virtuel/install/custom_interfaces/include/custom_interfaces/custom_interfaces/msg
[0.453s] -- Up-to-date: /home/quentin/Bureau/roomba_virtuel/install/custom_interfaces/include/custom_interfaces/custom_interfaces/msg/detail
[0.453s] -- Up-to-date: /home/quentin/Bureau/roomba_virtuel/install/custom_interfaces/include/custom_interfaces/custom_interfaces/msg/detail/roomba_state__rosidl_typesupport_fastrtps_cpp.hpp
[0.454s] -- Up-to-date: /home/quentin/Bureau/roomba_virtuel/install/custom_interfaces/include/custom_interfaces/custom_interfaces/msg/detail/dds_fastrtps
[0.454s] -- Up-to-date: /home/quentin/Bureau/roomba_virtuel/install/custom_interfaces/include/custom_interfaces/custom_interfaces/msg/rosidl_typesupport_fastrtps_cpp__visibility_control.h
[0.454s] -- Up-to-date: /home/quentin/Bureau/roomba_virtuel/install/custom_interfaces/lib/libcustom_interfaces__rosidl_typesupport_fastrtps_cpp.so
[0.454s] -- Up-to-date: /home/quentin/Bureau/roomba_virtuel/install/custom_interfaces/include/custom_interfaces/custom_interfaces
[0.454s] -- Up-to-date: /home/quentin/Bureau/roomba_virtuel/install/custom_interfaces/include/custom_interfaces/custom_interfaces/srv
[0.454s] -- Up-to-date: /home/quentin/Bureau/roomba_virtuel/install/custom_interfaces/include/custom_interfaces/custom_interfaces/srv/detail
[0.454s] -- Up-to-date: /home/quentin/Bureau/roomba_virtuel/install/custom_interfaces/include/custom_interfaces/custom_interfaces/srv/detail/toggle_cleaning__type_support.cpp
[0.455s] -- Up-to-date: /home/quentin/Bureau/roomba_virtuel/install/custom_interfaces/include/custom_interfaces/custom_interfaces/srv/detail/set_power_mode__rosidl_typesupport_introspection_cpp.hpp
[0.455s] -- Up-to-date: /home/quentin/Bureau/roomba_virtuel/install/custom_interfaces/include/custom_interfaces/custom_interfaces/srv/detail/toggle_cleaning__rosidl_typesupport_introspection_cpp.hpp
[0.455s] -- Up-to-date: /home/quentin/Bureau/roomba_virtuel/install/custom_interfaces/include/custom_interfaces/custom_interfaces/srv/detail/set_power_mode__type_support.cpp
[0.455s] -- Up-to-date: /home/quentin/Bureau/roomba_virtuel/install/custom_interfaces/include/custom_interfaces/custom_interfaces/msg
[0.455s] -- Up-to-date: /home/quentin/Bureau/roomba_virtuel/install/custom_interfaces/include/custom_interfaces/custom_interfaces/msg/detail
[0.455s] -- Up-to-date: /home/quentin/Bureau/roomba_virtuel/install/custom_interfaces/include/custom_interfaces/custom_interfaces/msg/detail/roomba_state__type_support.cpp
[0.455s] -- Up-to-date: /home/quentin/Bureau/roomba_virtuel/install/custom_interfaces/include/custom_interfaces/custom_interfaces/msg/detail/roomba_state__rosidl_typesupport_introspection_cpp.hpp
[0.456s] -- Up-to-date: /home/quentin/Bureau/roomba_virtuel/install/custom_interfaces/lib/libcustom_interfaces__rosidl_typesupport_introspection_cpp.so
[0.456s] -- Up-to-date: /home/quentin/Bureau/roomba_virtuel/install/custom_interfaces/lib/libcustom_interfaces__rosidl_typesupport_cpp.so
[0.456s] -- Up-to-date: /home/quentin/Bureau/roomba_virtuel/install/custom_interfaces/share/custom_interfaces/environment/pythonpath.sh
[0.456s] -- Up-to-date: /home/quentin/Bureau/roomba_virtuel/install/custom_interfaces/share/custom_interfaces/environment/pythonpath.dsv
[0.456s] -- Up-to-date: /home/quentin/Bureau/roomba_virtuel/install/custom_interfaces/lib/python3.12/site-packages/custom_interfaces-0.0.0-py3.12.egg-info
[0.456s] -- Installing: /home/quentin/Bureau/roomba_virtuel/install/custom_interfaces/lib/python3.12/site-packages/custom_interfaces-0.0.0-py3.12.egg-info/top_level.txt
[0.456s] -- Installing: /home/quentin/Bureau/roomba_virtuel/install/custom_interfaces/lib/python3.12/site-packages/custom_interfaces-0.0.0-py3.12.egg-info/PKG-INFO
[0.456s] -- Installing: /home/quentin/Bureau/roomba_virtuel/install/custom_interfaces/lib/python3.12/site-packages/custom_interfaces-0.0.0-py3.12.egg-info/dependency_links.txt
[0.457s] -- Installing: /home/quentin/Bureau/roomba_virtuel/install/custom_interfaces/lib/python3.12/site-packages/custom_interfaces-0.0.0-py3.12.egg-info/SOURCES.txt
[0.457s] -- Up-to-date: /home/quentin/Bureau/roomba_virtuel/install/custom_interfaces/lib/python3.12/site-packages/custom_interfaces
[0.457s] -- Up-to-date: /home/quentin/Bureau/roomba_virtuel/install/custom_interfaces/lib/python3.12/site-packages/custom_interfaces/srv
[0.457s] -- Up-to-date: /home/quentin/Bureau/roomba_virtuel/install/custom_interfaces/lib/python3.12/site-packages/custom_interfaces/srv/_set_power_mode.py
[0.457s] -- Up-to-date: /home/quentin/Bureau/roomba_virtuel/install/custom_interfaces/lib/python3.12/site-packages/custom_interfaces/srv/_toggle_cleaning.py
[0.457s] -- Up-to-date: /home/quentin/Bureau/roomba_virtuel/install/custom_interfaces/lib/python3.12/site-packages/custom_interfaces/srv/__init__.py
[0.458s] -- Up-to-date: /home/quentin/Bureau/roomba_virtuel/install/custom_interfaces/lib/python3.12/site-packages/custom_interfaces/srv/_set_power_mode_s.c
[0.458s] -- Up-to-date: /home/quentin/Bureau/roomba_virtuel/install/custom_interfaces/lib/python3.12/site-packages/custom_interfaces/srv/_toggle_cleaning_s.c
[0.458s] -- Up-to-date: /home/quentin/Bureau/roomba_virtuel/install/custom_interfaces/lib/python3.12/site-packages/custom_interfaces/__init__.py
[0.458s] -- Up-to-date: /home/quentin/Bureau/roomba_virtuel/install/custom_interfaces/lib/python3.12/site-packages/custom_interfaces/custom_interfaces_s__rosidl_typesupport_introspection_c.so
[0.458s] -- Up-to-date: /home/quentin/Bureau/roomba_virtuel/install/custom_interfaces/lib/python3.12/site-packages/custom_interfaces/_custom_interfaces_s.ep.rosidl_typesupport_fastrtps_c.c
[0.458s] -- Up-to-date: /home/quentin/Bureau/roomba_virtuel/install/custom_interfaces/lib/python3.12/site-packages/custom_interfaces/msg
[0.458s] -- Up-to-date: /home/quentin/Bureau/roomba_virtuel/install/custom_interfaces/lib/python3.12/site-packages/custom_interfaces/msg/__init__.py
[0.459s] -- Up-to-date: /home/quentin/Bureau/roomba_virtuel/install/custom_interfaces/lib/python3.12/site-packages/custom_interfaces/msg/_roomba_state_s.c
[0.459s] -- Up-to-date: /home/quentin/Bureau/roomba_virtuel/install/custom_interfaces/lib/python3.12/site-packages/custom_interfaces/msg/_roomba_state.py
[0.459s] -- Up-to-date: /home/quentin/Bureau/roomba_virtuel/install/custom_interfaces/lib/python3.12/site-packages/custom_interfaces/custom_interfaces_s__rosidl_typesupport_fastrtps_c.so
[0.459s] -- Up-to-date: /home/quentin/Bureau/roomba_virtuel/install/custom_interfaces/lib/python3.12/site-packages/custom_interfaces/custom_interfaces_s__rosidl_typesupport_c.so
[0.459s] -- Up-to-date: /home/quentin/Bureau/roomba_virtuel/install/custom_interfaces/lib/python3.12/site-packages/custom_interfaces/_custom_interfaces_s.ep.rosidl_typesupport_c.c
[0.460s] -- Up-to-date: /home/quentin/Bureau/roomba_virtuel/install/custom_interfaces/lib/python3.12/site-packages/custom_interfaces/_custom_interfaces_s.ep.rosidl_typesupport_introspection_c.c
[0.477s] Listing '/home/quentin/Bureau/roomba_virtuel/install/custom_interfaces/lib/python3.12/site-packages/custom_interfaces'...
[0.477s] Listing '/home/quentin/Bureau/roomba_virtuel/install/custom_interfaces/lib/python3.12/site-packages/custom_interfaces/msg'...
[0.478s] Listing '/home/quentin/Bureau/roomba_virtuel/install/custom_interfaces/lib/python3.12/site-packages/custom_interfaces/srv'...
[0.485s] -- Up-to-date: /home/quentin/Bureau/roomba_virtuel/install/custom_interfaces/lib/python3.12/site-packages/custom_interfaces/custom_interfaces_s__rosidl_typesupport_fastrtps_c.so
[0.485s] -- Up-to-date: /home/quentin/Bureau/roomba_virtuel/install/custom_interfaces/lib/python3.12/site-packages/custom_interfaces/custom_interfaces_s__rosidl_typesupport_introspection_c.so
[0.486s] -- Up-to-date: /home/quentin/Bureau/roomba_virtuel/install/custom_interfaces/lib/python3.12/site-packages/custom_interfaces/custom_interfaces_s__rosidl_typesupport_c.so
[0.487s] -- Up-to-date: /home/quentin/Bureau/roomba_virtuel/install/custom_interfaces/lib/libcustom_interfaces__rosidl_generator_py.so
[0.487s] -- Up-to-date: /home/quentin/Bureau/roomba_virtuel/install/custom_interfaces/share/ament_index/resource_index/rust_packages/custom_interfaces
[0.488s] -- Up-to-date: /home/quentin/Bureau/roomba_virtuel/install/custom_interfaces/share/custom_interfaces/rust
[0.488s] -- Up-to-date: /home/quentin/Bureau/roomba_virtuel/install/custom_interfaces/share/custom_interfaces/rust/src
[0.489s] -- Up-to-date: /home/quentin/Bureau/roomba_virtuel/install/custom_interfaces/share/custom_interfaces/rust/src/msg.rs
[0.490s] -- Up-to-date: /home/quentin/Bureau/roomba_virtuel/install/custom_interfaces/share/custom_interfaces/rust/src/srv
[0.490s] -- Up-to-date: /home/quentin/Bureau/roomba_virtuel/install/custom_interfaces/share/custom_interfaces/rust/src/srv/rmw.rs
[0.490s] -- Up-to-date: /home/quentin/Bureau/roomba_virtuel/install/custom_interfaces/share/custom_interfaces/rust/src/msg
[0.490s] -- Up-to-date: /home/quentin/Bureau/roomba_virtuel/install/custom_interfaces/share/custom_interfaces/rust/src/msg/rmw.rs
[0.491s] -- Up-to-date: /home/quentin/Bureau/roomba_virtuel/install/custom_interfaces/share/custom_interfaces/rust/src/srv.rs
[0.491s] -- Up-to-date: /home/quentin/Bureau/roomba_virtuel/install/custom_interfaces/share/custom_interfaces/rust/src/lib.rs
[0.491s] -- Up-to-date: /home/quentin/Bureau/roomba_virtuel/install/custom_interfaces/share/custom_interfaces/rust/Cargo.toml
[0.492s] -- Up-to-date: /home/quentin/Bureau/roomba_virtuel/install/custom_interfaces/share/custom_interfaces/rust/build.rs
[0.492s] -- Up-to-date: /home/quentin/Bureau/roomba_virtuel/install/custom_interfaces/share/custom_interfaces/msg/RoombaState.idl
[0.492s] -- Up-to-date: /home/quentin/Bureau/roomba_virtuel/install/custom_interfaces/share/custom_interfaces/srv/SetPowerMode.idl
[0.492s] -- Up-to-date: /home/quentin/Bureau/roomba_virtuel/install/custom_interfaces/share/custom_interfaces/srv/ToggleCleaning.idl
[0.493s] -- Up-to-date: /home/quentin/Bureau/roomba_virtuel/install/custom_interfaces/share/custom_interfaces/msg/RoombaState.msg
[0.493s] -- Up-to-date: /home/quentin/Bureau/roomba_virtuel/install/custom_interfaces/share/custom_interfaces/srv/SetPowerMode.srv
[0.493s] -- Up-to-date: /home/quentin/Bureau/roomba_virtuel/install/custom_interfaces/share/custom_interfaces/srv/ToggleCleaning.srv
[0.493s] -- Up-to-date: /home/quentin/Bureau/roomba_virtuel/install/custom_interfaces/share/ament_index/resource_index/package_run_dependencies/custom_interfaces
[0.494s] -- Up-to-date: /home/quentin/Bureau/roomba_virtuel/install/custom_interfaces/share/ament_index/resource_index/parent_prefix_path/custom_interfaces
[0.494s] -- Up-to-date: /home/quentin/Bureau/roomba_virtuel/install/custom_interfaces/share/custom_interfaces/environment/ament_prefix_path.sh
[0.494s] -- Up-to-date: /home/quentin/Bureau/roomba_virtuel/install/custom_interfaces/share/custom_interfaces/environment/ament_prefix_path.dsv
[0.494s] -- Up-to-date: /home/quentin/Bureau/roomba_virtuel/install/custom_interfaces/share/custom_interfaces/environment/path.sh
[0.494s] -- Up-to-date: /home/quentin/Bureau/roomba_virtuel/install/custom_interfaces/share/custom_interfaces/environment/path.dsv
[0.495s] -- Up-to-date: /home/quentin/Bureau/roomba_virtuel/install/custom_interfaces/share/custom_interfaces/local_setup.bash
[0.495s] -- Up-to-date: /home/quentin/Bureau/roomba_virtuel/install/custom_interfaces/share/custom_interfaces/local_setup.sh
[0.495s] -- Up-to-date: /home/quentin/Bureau/roomba_virtuel/install/custom_interfaces/share/custom_interfaces/local_setup.zsh
[0.495s] -- Up-to-date: /home/quentin/Bureau/roomba_virtuel/install/custom_interfaces/share/custom_interfaces/local_setup.dsv
[0.495s] -- Installing: /home/quentin/Bureau/roomba_virtuel/install/custom_interfaces/share/custom_interfaces/package.dsv
[0.495s] -- Up-to-date: /home/quentin/Bureau/roomba_virtuel/install/custom_interfaces/share/ament_index/resource_index/packages/custom_interfaces
[0.496s] -- Up-to-date: /home/quentin/Bureau/roomba_virtuel/install/custom_interfaces/share/custom_interfaces/cmake/export_custom_interfaces__rosidl_generator_cExport.cmake
[0.496s] -- Up-to-date: /home/quentin/Bureau/roomba_virtuel/install/custom_interfaces/share/custom_interfaces/cmake/export_custom_interfaces__rosidl_generator_cExport-noconfig.cmake
[0.496s] -- Up-to-date: /home/quentin/Bureau/roomba_virtuel/install/custom_interfaces/share/custom_interfaces/cmake/export_custom_interfaces__rosidl_typesupport_fastrtps_cExport.cmake
[0.496s] -- Up-to-date: /home/quentin/Bureau/roomba_virtuel/install/custom_interfaces/share/custom_interfaces/cmake/export_custom_interfaces__rosidl_typesupport_fastrtps_cExport-noconfig.cmake
[0.497s] -- Up-to-date: /home/quentin/Bureau/roomba_virtuel/install/custom_interfaces/share/custom_interfaces/cmake/custom_interfaces__rosidl_typesupport_introspection_cExport.cmake
[0.498s] -- Up-to-date: /home/quentin/Bureau/roomba_virtuel/install/custom_interfaces/share/custom_interfaces/cmake/custom_interfaces__rosidl_typesupport_introspection_cExport-noconfig.cmake
[0.499s] -- Up-to-date: /home/quentin/Bureau/roomba_virtuel/install/custom_interfaces/share/custom_interfaces/cmake/custom_interfaces__rosidl_typesupport_cExport.cmake
[0.499s] -- Up-to-date: /home/quentin/Bureau/roomba_virtuel/install/custom_interfaces/share/custom_interfaces/cmake/custom_interfaces__rosidl_typesupport_cExport-noconfig.cmake
[0.500s] -- Up-to-date: /home/quentin/Bureau/roomba_virtuel/install/custom_interfaces/share/custom_interfaces/cmake/export_custom_interfaces__rosidl_generator_cppExport.cmake
[0.501s] -- Up-to-date: /home/quentin/Bureau/roomba_virtuel/install/custom_interfaces/share/custom_interfaces/cmake/export_custom_interfaces__rosidl_typesupport_fastrtps_cppExport.cmake
[0.501s] -- Up-to-date: /home/quentin/Bureau/roomba_virtuel/install/custom_interfaces/share/custom_interfaces/cmake/export_custom_interfaces__rosidl_typesupport_fastrtps_cppExport-noconfig.cmake
[0.502s] -- Up-to-date: /home/quentin/Bureau/roomba_virtuel/install/custom_interfaces/share/custom_interfaces/cmake/custom_interfaces__rosidl_typesupport_introspection_cppExport.cmake
[0.502s] -- Up-to-date: /home/quentin/Bureau/roomba_virtuel/install/custom_interfaces/share/custom_interfaces/cmake/custom_interfaces__rosidl_typesupport_introspection_cppExport-noconfig.cmake
[0.503s] -- Up-to-date: /home/quentin/Bureau/roomba_virtuel/install/custom_interfaces/share/custom_interfaces/cmake/custom_interfaces__rosidl_typesupport_cppExport.cmake
[0.503s] -- Up-to-date: /home/quentin/Bureau/roomba_virtuel/install/custom_interfaces/share/custom_interfaces/cmake/custom_interfaces__rosidl_typesupport_cppExport-noconfig.cmake
[0.504s] -- Up-to-date: /home/quentin/Bureau/roomba_virtuel/install/custom_interfaces/share/custom_interfaces/cmake/export_custom_interfaces__rosidl_generator_pyExport.cmake
[0.504s] -- Up-to-date: /home/quentin/Bureau/roomba_virtuel/install/custom_interfaces/share/custom_interfaces/cmake/export_custom_interfaces__rosidl_generator_pyExport-noconfig.cmake
[0.504s] -- Up-to-date: /home/quentin/Bureau/roomba_virtuel/install/custom_interfaces/share/custom_interfaces/cmake/rosidl_cmake-extras.cmake
[0.505s] -- Up-to-date: /home/quentin/Bureau/roomba_virtuel/install/custom_interfaces/share/custom_interfaces/cmake/ament_cmake_export_dependencies-extras.cmake
[0.506s] -- Up-to-date: /home/quentin/Bureau/roomba_virtuel/install/custom_interfaces/share/custom_interfaces/cmake/ament_cmake_export_include_directories-extras.cmake
[0.506s] -- Up-to-date: /home/quentin/Bureau/roomba_virtuel/install/custom_interfaces/share/custom_interfaces/cmake/ament_cmake_export_libraries-extras.cmake
[0.507s] -- Up-to-date: /home/quentin/Bureau/roomba_virtuel/install/custom_interfaces/share/custom_interfaces/cmake/ament_cmake_export_targets-extras.cmake
[0.507s] -- Up-to-date: /home/quentin/Bureau/roomba_virtuel/install/custom_interfaces/share/custom_interfaces/cmake/rosidl_cmake_export_typesupport_targets-extras.cmake
[0.508s] -- Up-to-date: /home/quentin/Bureau/roomba_virtuel/install/custom_interfaces/share/custom_interfaces/cmake/rosidl_cmake_export_typesupport_libraries-extras.cmake
[0.508s] -- Up-to-date: /home/quentin/Bureau/roomba_virtuel/install/custom_interfaces/share/custom_interfaces/cmake/custom_interfacesConfig.cmake
[0.508s] -- Up-to-date: /home/quentin/Bureau/roomba_virtuel/install/custom_interfaces/share/custom_interfaces/cmake/custom_interfacesConfig-version.cmake
[0.509s] -- Up-to-date: /home/quentin/Bureau/roomba_virtuel/install/custom_interfaces/share/custom_interfaces/package.xml
[0.509s] Invoked command in '/home/quentin/Bureau/roomba_virtuel/build/custom_interfaces' returned '0': CMAKE_PREFIX_PATH=${CMAKE_PREFIX_PATH}:/home/quentin/Bureau/roomba_virtuel/install/virtual_roomba:/opt/ros/jazzy DEBUGINFOD_URLS=https://debuginfod.ubuntu.com /usr/bin/cmake --install /home/quentin/Bureau/roomba_virtuel/build/custom_interfaces
