[0.760s] Invoking command in '/home/quentin/Bureau/roomba_virtuel/src/virtual_roomba': DEBUGINFOD_URLS=https://debuginfod.ubuntu.com PYTHONPATH=/home/quentin/Bureau/roomba_virtuel/build/virtual_roomba/prefix_override:/usr/lib/python3/dist-packages/colcon_core/task/python/colcon_distutils_commands:/home/quentin/Bureau/roomba_virtuel/install/virtual_roomba/lib/python3.12/site-packages:${PYTHONPATH} /usr/bin/python3 -W ignore:setup.py install is deprecated -W ignore:easy_install command is deprecated setup.py egg_info --egg-base ../../build/virtual_roomba build --build-base /home/quentin/Bureau/roomba_virtuel/build/virtual_roomba/build install --record /home/quentin/Bureau/roomba_virtuel/build/virtual_roomba/install.log --single-version-externally-managed install_data
[1.002s] running egg_info
[1.018s] writing ../../build/virtual_roomba/virtual_roomba.egg-info/PKG-INFO
[1.019s] writing dependency_links to ../../build/virtual_roomba/virtual_roomba.egg-info/dependency_links.txt
[1.019s] writing entry points to ../../build/virtual_roomba/virtual_roomba.egg-info/entry_points.txt
[1.019s] writing requirements to ../../build/virtual_roomba/virtual_roomba.egg-info/requires.txt
[1.019s] writing top-level names to ../../build/virtual_roomba/virtual_roomba.egg-info/top_level.txt
[1.052s] reading manifest file '../../build/virtual_roomba/virtual_roomba.egg-info/SOURCES.txt'
[1.052s] adding license file 'LICENSE'
[1.053s] writing manifest file '../../build/virtual_roomba/virtual_roomba.egg-info/SOURCES.txt'
[1.053s] running build
[1.053s] running build_py
[1.053s] copying virtual_roomba/py_dashboard_cli.py -> /home/quentin/Bureau/roomba_virtuel/build/virtual_roomba/build/lib/virtual_roomba
[1.054s] running install
[1.059s] running install_lib
[1.078s] copying /home/quentin/Bureau/roomba_virtuel/build/virtual_roomba/build/lib/virtual_roomba/py_dashboard_cli.py -> /home/quentin/Bureau/roomba_virtuel/install/virtual_roomba/lib/python3.12/site-packages/virtual_roomba
[1.078s] byte-compiling /home/quentin/Bureau/roomba_virtuel/install/virtual_roomba/lib/python3.12/site-packages/virtual_roomba/py_dashboard_cli.py to py_dashboard_cli.cpython-312.pyc
[1.079s] running install_data
[1.080s] running install_egg_info
[1.100s] removing '/home/quentin/Bureau/roomba_virtuel/install/virtual_roomba/lib/python3.12/site-packages/virtual_roomba-0.0.0-py3.12.egg-info' (and everything under it)
[1.100s] Copying ../../build/virtual_roomba/virtual_roomba.egg-info to /home/quentin/Bureau/roomba_virtuel/install/virtual_roomba/lib/python3.12/site-packages/virtual_roomba-0.0.0-py3.12.egg-info
[1.101s] running install_scripts
[1.233s] Installing py_dashboard_cli script to /home/quentin/Bureau/roomba_virtuel/install/virtual_roomba/lib/virtual_roomba
[1.233s] Installing py_robot_core script to /home/quentin/Bureau/roomba_virtuel/install/virtual_roomba/lib/virtual_roomba
[1.233s] writing list of installed files to '/home/quentin/Bureau/roomba_virtuel/build/virtual_roomba/install.log'
[1.276s] Invoked command in '/home/quentin/Bureau/roomba_virtuel/src/virtual_roomba' returned '0': DEBUGINFOD_URLS=https://debuginfod.ubuntu.com PYTHONPATH=/home/quentin/Bureau/roomba_virtuel/build/virtual_roomba/prefix_override:/usr/lib/python3/dist-packages/colcon_core/task/python/colcon_distutils_commands:/home/quentin/Bureau/roomba_virtuel/install/virtual_roomba/lib/python3.12/site-packages:${PYTHONPATH} /usr/bin/python3 -W ignore:setup.py install is deprecated -W ignore:easy_install command is deprecated setup.py egg_info --egg-base ../../build/virtual_roomba build --build-base /home/quentin/Bureau/roomba_virtuel/build/virtual_roomba/build install --record /home/quentin/Bureau/roomba_virtuel/build/virtual_roomba/install.log --single-version-externally-managed install_data
