[0.712s] Invoking command in '/home/quentin/Bureau/roomba_virtuel/src/virtual_roomba': DEBUGINFOD_URLS=https://debuginfod.ubuntu.com PYTHONPATH=/home/quentin/Bureau/roomba_virtuel/build/virtual_roomba/prefix_override:/usr/lib/python3/dist-packages/colcon_core/task/python/colcon_distutils_commands:/home/quentin/Bureau/roomba_virtuel/install/virtual_roomba/lib/python3.12/site-packages:${PYTHONPATH} /usr/bin/python3 -W ignore:setup.py install is deprecated -W ignore:easy_install command is deprecated setup.py egg_info --egg-base ../../build/virtual_roomba build --build-base /home/quentin/Bureau/roomba_virtuel/build/virtual_roomba/build install --record /home/quentin/Bureau/roomba_virtuel/build/virtual_roomba/install.log --single-version-externally-managed install_data
[0.929s] running egg_info
[0.945s] writing ../../build/virtual_roomba/virtual_roomba.egg-info/PKG-INFO
[0.946s] writing dependency_links to ../../build/virtual_roomba/virtual_roomba.egg-info/dependency_links.txt
[0.946s] writing entry points to ../../build/virtual_roomba/virtual_roomba.egg-info/entry_points.txt
[0.946s] writing requirements to ../../build/virtual_roomba/virtual_roomba.egg-info/requires.txt
[0.947s] writing top-level names to ../../build/virtual_roomba/virtual_roomba.egg-info/top_level.txt
[0.980s] reading manifest file '../../build/virtual_roomba/virtual_roomba.egg-info/SOURCES.txt'
[0.980s] adding license file 'LICENSE'
[0.980s] writing manifest file '../../build/virtual_roomba/virtual_roomba.egg-info/SOURCES.txt'
[0.981s] running build
[0.981s] running build_py
[0.981s] copying virtual_roomba/py_robot_core.py -> /home/quentin/Bureau/roomba_virtuel/build/virtual_roomba/build/lib/virtual_roomba
[0.981s] running install
[0.986s] running install_lib
[1.003s] copying /home/quentin/Bureau/roomba_virtuel/build/virtual_roomba/build/lib/virtual_roomba/py_robot_core.py -> /home/quentin/Bureau/roomba_virtuel/install/virtual_roomba/lib/python3.12/site-packages/virtual_roomba
[1.003s] byte-compiling /home/quentin/Bureau/roomba_virtuel/install/virtual_roomba/lib/python3.12/site-packages/virtual_roomba/py_robot_core.py to py_robot_core.cpython-312.pyc
[1.004s] running install_data
[1.004s] running install_egg_info
[1.022s] removing '/home/quentin/Bureau/roomba_virtuel/install/virtual_roomba/lib/python3.12/site-packages/virtual_roomba-0.0.0-py3.12.egg-info' (and everything under it)
[1.022s] Copying ../../build/virtual_roomba/virtual_roomba.egg-info to /home/quentin/Bureau/roomba_virtuel/install/virtual_roomba/lib/python3.12/site-packages/virtual_roomba-0.0.0-py3.12.egg-info
[1.023s] running install_scripts
[1.132s] Installing py_dashboard_cli script to /home/quentin/Bureau/roomba_virtuel/install/virtual_roomba/lib/virtual_roomba
[1.132s] Installing py_robot_core script to /home/quentin/Bureau/roomba_virtuel/install/virtual_roomba/lib/virtual_roomba
[1.133s] writing list of installed files to '/home/quentin/Bureau/roomba_virtuel/build/virtual_roomba/install.log'
[1.166s] Invoked command in '/home/quentin/Bureau/roomba_virtuel/src/virtual_roomba' returned '0': DEBUGINFOD_URLS=https://debuginfod.ubuntu.com PYTHONPATH=/home/quentin/Bureau/roomba_virtuel/build/virtual_roomba/prefix_override:/usr/lib/python3/dist-packages/colcon_core/task/python/colcon_distutils_commands:/home/quentin/Bureau/roomba_virtuel/install/virtual_roomba/lib/python3.12/site-packages:${PYTHONPATH} /usr/bin/python3 -W ignore:setup.py install is deprecated -W ignore:easy_install command is deprecated setup.py egg_info --egg-base ../../build/virtual_roomba build --build-base /home/quentin/Bureau/roomba_virtuel/build/virtual_roomba/build install --record /home/quentin/Bureau/roomba_virtuel/build/virtual_roomba/install.log --single-version-externally-managed install_data
