[0.099s] DEBUG:colcon:Command line arguments: ['/usr/bin/colcon', 'build']
[0.099s] DEBUG:colcon:Parsed command line arguments: Namespace(log_base=None, log_level=None, verb_name='build', build_base='build', install_base='install', merge_install=False, symlink_install=False, test_result_base=None, continue_on_error=False, executor='parallel', parallel_workers=16, event_handlers=None, ignore_user_meta=False, metas=['./colcon.meta'], base_paths=['.'], packages_ignore=None, packages_ignore_regex=None, paths=None, packages_up_to=None, packages_up_to_regex=None, packages_above=None, packages_above_and_dependencies=None, packages_above_depth=None, packages_select_by_dep=None, packages_skip_by_dep=None, packages_skip_up_to=None, packages_select_build_failed=False, packages_skip_build_finished=False, packages_select_test_failures=False, packages_skip_test_passed=False, packages_select=None, packages_skip=None, packages_select_regex=None, packages_skip_regex=None, packages_start=None, packages_end=None, allow_overriding=[], cmake_args=None, cmake_target=None, cmake_target_skip_unavailable=False, cmake_clean_cache=False, cmake_clean_first=False, cmake_force_configure=False, ament_cmake_args=None, catkin_cmake_args=None, catkin_skip_building_tests=False, mixin_files=None, mixin=None, verb_parser=<colcon_mixin.mixin.mixin_argument.MixinArgumentDecorator object at 0x7bf7ef57a000>, verb_extension=<colcon_core.verb.build.BuildVerb object at 0x7bf7ef6c5d90>, main=<bound method BuildVerb.main of <colcon_core.verb.build.BuildVerb object at 0x7bf7ef6c5d90>>, mixin_verb=('build',))
[0.132s] Level 1:colcon.colcon_core.package_discovery:discover_packages(colcon_meta) check parameters
[0.132s] Level 1:colcon.colcon_core.package_discovery:discover_packages(recursive) check parameters
[0.132s] Level 1:colcon.colcon_core.package_discovery:discover_packages(ignore) check parameters
[0.132s] Level 1:colcon.colcon_core.package_discovery:discover_packages(path) check parameters
[0.132s] Level 1:colcon.colcon_core.package_discovery:discover_packages(colcon_meta) discover
[0.132s] Level 1:colcon.colcon_core.package_discovery:discover_packages(recursive) discover
[0.132s] INFO:colcon.colcon_core.package_discovery:Crawling recursively for packages in '/home/quentin/Bureau/roomba_virtuel'
[0.132s] Level 1:colcon.colcon_core.package_identification:_identify(.) by extensions ['ignore', 'ignore_ament_install']
[0.132s] Level 1:colcon.colcon_core.package_identification:_identify(.) by extension 'ignore'
[0.133s] Level 1:colcon.colcon_core.package_identification:_identify(.) by extension 'ignore_ament_install'
[0.133s] Level 1:colcon.colcon_core.package_identification:_identify(.) by extensions ['colcon_pkg']
[0.133s] Level 1:colcon.colcon_core.package_identification:_identify(.) by extension 'colcon_pkg'
[0.133s] Level 1:colcon.colcon_core.package_identification:_identify(.) by extensions ['colcon_meta']
[0.133s] Level 1:colcon.colcon_core.package_identification:_identify(.) by extension 'colcon_meta'
[0.133s] Level 1:colcon.colcon_core.package_identification:_identify(.) by extensions ['ros']
[0.133s] Level 1:colcon.colcon_core.package_identification:_identify(.) by extension 'ros'
[0.154s] Level 1:colcon.colcon_core.package_identification:_identify(.) by extensions ['cmake', 'python']
[0.154s] Level 1:colcon.colcon_core.package_identification:_identify(.) by extension 'cmake'
[0.154s] Level 1:colcon.colcon_core.package_identification:_identify(.) by extension 'python'
[0.154s] Level 1:colcon.colcon_core.package_identification:_identify(.) by extensions ['python_setup_py']
[0.154s] Level 1:colcon.colcon_core.package_identification:_identify(.) by extension 'python_setup_py'
[0.154s] Level 1:colcon.colcon_core.package_identification:_identify(build) by extensions ['ignore', 'ignore_ament_install']
[0.155s] Level 1:colcon.colcon_core.package_identification:_identify(build) by extension 'ignore'
[0.155s] Level 1:colcon.colcon_core.package_identification:_identify(build) ignored
[0.155s] Level 1:colcon.colcon_core.package_identification:_identify(install) by extensions ['ignore', 'ignore_ament_install']
[0.155s] Level 1:colcon.colcon_core.package_identification:_identify(install) by extension 'ignore'
[0.155s] Level 1:colcon.colcon_core.package_identification:_identify(install) ignored
[0.155s] Level 1:colcon.colcon_core.package_identification:_identify(log) by extensions ['ignore', 'ignore_ament_install']
[0.155s] Level 1:colcon.colcon_core.package_identification:_identify(log) by extension 'ignore'
[0.155s] Level 1:colcon.colcon_core.package_identification:_identify(log) ignored
[0.155s] Level 1:colcon.colcon_core.package_identification:_identify(logs) by extensions ['ignore', 'ignore_ament_install']
[0.155s] Level 1:colcon.colcon_core.package_identification:_identify(logs) by extension 'ignore'
[0.155s] Level 1:colcon.colcon_core.package_identification:_identify(logs) by extension 'ignore_ament_install'
[0.155s] Level 1:colcon.colcon_core.package_identification:_identify(logs) by extensions ['colcon_pkg']
[0.155s] Level 1:colcon.colcon_core.package_identification:_identify(logs) by extension 'colcon_pkg'
[0.155s] Level 1:colcon.colcon_core.package_identification:_identify(logs) by extensions ['colcon_meta']
[0.155s] Level 1:colcon.colcon_core.package_identification:_identify(logs) by extension 'colcon_meta'
[0.155s] Level 1:colcon.colcon_core.package_identification:_identify(logs) by extensions ['ros']
[0.155s] Level 1:colcon.colcon_core.package_identification:_identify(logs) by extension 'ros'
[0.155s] Level 1:colcon.colcon_core.package_identification:_identify(logs) by extensions ['cmake', 'python']
[0.155s] Level 1:colcon.colcon_core.package_identification:_identify(logs) by extension 'cmake'
[0.156s] Level 1:colcon.colcon_core.package_identification:_identify(logs) by extension 'python'
[0.156s] Level 1:colcon.colcon_core.package_identification:_identify(logs) by extensions ['python_setup_py']
[0.156s] Level 1:colcon.colcon_core.package_identification:_identify(logs) by extension 'python_setup_py'
[0.156s] Level 1:colcon.colcon_core.package_identification:_identify(scripts) by extensions ['ignore', 'ignore_ament_install']
[0.156s] Level 1:colcon.colcon_core.package_identification:_identify(scripts) by extension 'ignore'
[0.156s] Level 1:colcon.colcon_core.package_identification:_identify(scripts) by extension 'ignore_ament_install'
[0.156s] Level 1:colcon.colcon_core.package_identification:_identify(scripts) by extensions ['colcon_pkg']
[0.156s] Level 1:colcon.colcon_core.package_identification:_identify(scripts) by extension 'colcon_pkg'
[0.156s] Level 1:colcon.colcon_core.package_identification:_identify(scripts) by extensions ['colcon_meta']
[0.156s] Level 1:colcon.colcon_core.package_identification:_identify(scripts) by extension 'colcon_meta'
[0.156s] Level 1:colcon.colcon_core.package_identification:_identify(scripts) by extensions ['ros']
[0.156s] Level 1:colcon.colcon_core.package_identification:_identify(scripts) by extension 'ros'
[0.156s] Level 1:colcon.colcon_core.package_identification:_identify(scripts) by extensions ['cmake', 'python']
[0.156s] Level 1:colcon.colcon_core.package_identification:_identify(scripts) by extension 'cmake'
[0.156s] Level 1:colcon.colcon_core.package_identification:_identify(scripts) by extension 'python'
[0.156s] Level 1:colcon.colcon_core.package_identification:_identify(scripts) by extensions ['python_setup_py']
[0.156s] Level 1:colcon.colcon_core.package_identification:_identify(scripts) by extension 'python_setup_py'
[0.156s] Level 1:colcon.colcon_core.package_identification:_identify(src) by extensions ['ignore', 'ignore_ament_install']
[0.156s] Level 1:colcon.colcon_core.package_identification:_identify(src) by extension 'ignore'
[0.156s] Level 1:colcon.colcon_core.package_identification:_identify(src) by extension 'ignore_ament_install'
[0.156s] Level 1:colcon.colcon_core.package_identification:_identify(src) by extensions ['colcon_pkg']
[0.156s] Level 1:colcon.colcon_core.package_identification:_identify(src) by extension 'colcon_pkg'
[0.156s] Level 1:colcon.colcon_core.package_identification:_identify(src) by extensions ['colcon_meta']
[0.156s] Level 1:colcon.colcon_core.package_identification:_identify(src) by extension 'colcon_meta'
[0.157s] Level 1:colcon.colcon_core.package_identification:_identify(src) by extensions ['ros']
[0.157s] Level 1:colcon.colcon_core.package_identification:_identify(src) by extension 'ros'
[0.157s] Level 1:colcon.colcon_core.package_identification:_identify(src) by extensions ['cmake', 'python']
[0.157s] Level 1:colcon.colcon_core.package_identification:_identify(src) by extension 'cmake'
[0.157s] Level 1:colcon.colcon_core.package_identification:_identify(src) by extension 'python'
[0.157s] Level 1:colcon.colcon_core.package_identification:_identify(src) by extensions ['python_setup_py']
[0.157s] Level 1:colcon.colcon_core.package_identification:_identify(src) by extension 'python_setup_py'
[0.157s] Level 1:colcon.colcon_core.package_identification:_identify(src/custom_interfaces) by extensions ['ignore', 'ignore_ament_install']
[0.157s] Level 1:colcon.colcon_core.package_identification:_identify(src/custom_interfaces) by extension 'ignore'
[0.157s] Level 1:colcon.colcon_core.package_identification:_identify(src/custom_interfaces) by extension 'ignore_ament_install'
[0.157s] Level 1:colcon.colcon_core.package_identification:_identify(src/custom_interfaces) by extensions ['colcon_pkg']
[0.157s] Level 1:colcon.colcon_core.package_identification:_identify(src/custom_interfaces) by extension 'colcon_pkg'
[0.157s] Level 1:colcon.colcon_core.package_identification:_identify(src/custom_interfaces) by extensions ['colcon_meta']
[0.157s] Level 1:colcon.colcon_core.package_identification:_identify(src/custom_interfaces) by extension 'colcon_meta'
[0.157s] Level 1:colcon.colcon_core.package_identification:_identify(src/custom_interfaces) by extensions ['ros']
[0.157s] Level 1:colcon.colcon_core.package_identification:_identify(src/custom_interfaces) by extension 'ros'
[0.159s] DEBUG:colcon.colcon_core.package_identification:Package 'src/custom_interfaces' with type 'ros.ament_cmake' and name 'custom_interfaces'
[0.159s] Level 1:colcon.colcon_core.package_identification:_identify(src/virtual_roomba) by extensions ['ignore', 'ignore_ament_install']
[0.159s] Level 1:colcon.colcon_core.package_identification:_identify(src/virtual_roomba) by extension 'ignore'
[0.159s] Level 1:colcon.colcon_core.package_identification:_identify(src/virtual_roomba) by extension 'ignore_ament_install'
[0.159s] Level 1:colcon.colcon_core.package_identification:_identify(src/virtual_roomba) by extensions ['colcon_pkg']
[0.159s] Level 1:colcon.colcon_core.package_identification:_identify(src/virtual_roomba) by extension 'colcon_pkg'
[0.159s] Level 1:colcon.colcon_core.package_identification:_identify(src/virtual_roomba) by extensions ['colcon_meta']
[0.159s] Level 1:colcon.colcon_core.package_identification:_identify(src/virtual_roomba) by extension 'colcon_meta'
[0.159s] Level 1:colcon.colcon_core.package_identification:_identify(src/virtual_roomba) by extensions ['ros']
[0.159s] Level 1:colcon.colcon_core.package_identification:_identify(src/virtual_roomba) by extension 'ros'
[0.160s] DEBUG:colcon.colcon_core.package_identification:Package 'src/virtual_roomba' with type 'ros.ament_python' and name 'virtual_roomba'
[0.160s] Level 1:colcon.colcon_core.package_discovery:discover_packages(recursive) using defaults
[0.160s] Level 1:colcon.colcon_core.package_discovery:discover_packages(ignore) discover
[0.160s] Level 1:colcon.colcon_core.package_discovery:discover_packages(ignore) using defaults
[0.160s] Level 1:colcon.colcon_core.package_discovery:discover_packages(path) discover
[0.160s] Level 1:colcon.colcon_core.package_discovery:discover_packages(path) using defaults
[0.175s] Level 1:colcon.colcon_core.package_discovery:discover_packages(prefix_path) check parameters
[0.175s] Level 1:colcon.colcon_core.package_discovery:discover_packages(prefix_path) discover
[0.178s] DEBUG:colcon.colcon_installed_package_information.package_discovery:Found 29 installed packages in /home/quentin/ros2_ws/install
[0.180s] DEBUG:colcon.colcon_installed_package_information.package_discovery:Found 287 installed packages in /opt/ros/jazzy
[0.182s] Level 1:colcon.colcon_core.package_discovery:discover_packages(prefix_path) using defaults
[0.229s] Level 5:colcon.colcon_core.verb:set package 'custom_interfaces' build argument 'cmake_args' from command line to 'None'
[0.229s] Level 5:colcon.colcon_core.verb:set package 'custom_interfaces' build argument 'cmake_target' from command line to 'None'
[0.229s] Level 5:colcon.colcon_core.verb:set package 'custom_interfaces' build argument 'cmake_target_skip_unavailable' from command line to 'False'
[0.229s] Level 5:colcon.colcon_core.verb:set package 'custom_interfaces' build argument 'cmake_clean_cache' from command line to 'False'
[0.229s] Level 5:colcon.colcon_core.verb:set package 'custom_interfaces' build argument 'cmake_clean_first' from command line to 'False'
[0.229s] Level 5:colcon.colcon_core.verb:set package 'custom_interfaces' build argument 'cmake_force_configure' from command line to 'False'
[0.229s] Level 5:colcon.colcon_core.verb:set package 'custom_interfaces' build argument 'ament_cmake_args' from command line to 'None'
[0.229s] Level 5:colcon.colcon_core.verb:set package 'custom_interfaces' build argument 'catkin_cmake_args' from command line to 'None'
[0.229s] Level 5:colcon.colcon_core.verb:set package 'custom_interfaces' build argument 'catkin_skip_building_tests' from command line to 'False'
[0.229s] DEBUG:colcon.colcon_core.verb:Building package 'custom_interfaces' with the following arguments: {'ament_cmake_args': None, 'build_base': '/home/quentin/Bureau/roomba_virtuel/build/custom_interfaces', 'catkin_cmake_args': None, 'catkin_skip_building_tests': False, 'cmake_args': None, 'cmake_clean_cache': False, 'cmake_clean_first': False, 'cmake_force_configure': False, 'cmake_target': None, 'cmake_target_skip_unavailable': False, 'install_base': '/home/quentin/Bureau/roomba_virtuel/install/custom_interfaces', 'merge_install': False, 'path': '/home/quentin/Bureau/roomba_virtuel/src/custom_interfaces', 'symlink_install': False, 'test_result_base': None}
[0.229s] Level 5:colcon.colcon_core.verb:set package 'virtual_roomba' build argument 'cmake_args' from command line to 'None'
[0.229s] Level 5:colcon.colcon_core.verb:set package 'virtual_roomba' build argument 'cmake_target' from command line to 'None'
[0.229s] Level 5:colcon.colcon_core.verb:set package 'virtual_roomba' build argument 'cmake_target_skip_unavailable' from command line to 'False'
[0.229s] Level 5:colcon.colcon_core.verb:set package 'virtual_roomba' build argument 'cmake_clean_cache' from command line to 'False'
[0.229s] Level 5:colcon.colcon_core.verb:set package 'virtual_roomba' build argument 'cmake_clean_first' from command line to 'False'
[0.229s] Level 5:colcon.colcon_core.verb:set package 'virtual_roomba' build argument 'cmake_force_configure' from command line to 'False'
[0.229s] Level 5:colcon.colcon_core.verb:set package 'virtual_roomba' build argument 'ament_cmake_args' from command line to 'None'
[0.229s] Level 5:colcon.colcon_core.verb:set package 'virtual_roomba' build argument 'catkin_cmake_args' from command line to 'None'
[0.229s] Level 5:colcon.colcon_core.verb:set package 'virtual_roomba' build argument 'catkin_skip_building_tests' from command line to 'False'
[0.229s] DEBUG:colcon.colcon_core.verb:Building package 'virtual_roomba' with the following arguments: {'ament_cmake_args': None, 'build_base': '/home/quentin/Bureau/roomba_virtuel/build/virtual_roomba', 'catkin_cmake_args': None, 'catkin_skip_building_tests': False, 'cmake_args': None, 'cmake_clean_cache': False, 'cmake_clean_first': False, 'cmake_force_configure': False, 'cmake_target': None, 'cmake_target_skip_unavailable': False, 'install_base': '/home/quentin/Bureau/roomba_virtuel/install/virtual_roomba', 'merge_install': False, 'path': '/home/quentin/Bureau/roomba_virtuel/src/virtual_roomba', 'symlink_install': False, 'test_result_base': None}
[0.229s] INFO:colcon.colcon_core.executor:Executing jobs using 'parallel' executor
[0.230s] DEBUG:colcon.colcon_parallel_executor.executor.parallel:run_until_complete
[0.231s] INFO:colcon.colcon_ros.task.ament_cmake.build:Building ROS package in '/home/quentin/Bureau/roomba_virtuel/src/custom_interfaces' with build type 'ament_cmake'
[0.231s] INFO:colcon.colcon_cmake.task.cmake.build:Building CMake package in '/home/quentin/Bureau/roomba_virtuel/src/custom_interfaces'
[0.233s] INFO:colcon.colcon_core.plugin_system:Skipping extension 'colcon_core.shell.bat': Not used on non-Windows systems
[0.233s] INFO:colcon.colcon_core.shell:Skip shell extension 'powershell' for command environment: Not usable outside of PowerShell
[0.233s] DEBUG:colcon.colcon_core.shell:Skip shell extension 'dsv' for command environment
[0.237s] INFO:colcon.colcon_ros.task.ament_python.build:Building ROS package in '/home/quentin/Bureau/roomba_virtuel/src/virtual_roomba' with build type 'ament_python'
[0.237s] Level 1:colcon.colcon_core.shell:create_environment_hook('virtual_roomba', 'ament_prefix_path')
[0.237s] INFO:colcon.colcon_core.shell:Creating environment hook '/home/quentin/Bureau/roomba_virtuel/install/virtual_roomba/share/virtual_roomba/hook/ament_prefix_path.ps1'
[0.238s] INFO:colcon.colcon_core.shell:Creating environment descriptor '/home/quentin/Bureau/roomba_virtuel/install/virtual_roomba/share/virtual_roomba/hook/ament_prefix_path.dsv'
[0.238s] INFO:colcon.colcon_core.shell:Creating environment hook '/home/quentin/Bureau/roomba_virtuel/install/virtual_roomba/share/virtual_roomba/hook/ament_prefix_path.sh'
[0.239s] INFO:colcon.colcon_core.shell:Skip shell extension 'powershell' for command environment: Not usable outside of PowerShell
[0.239s] DEBUG:colcon.colcon_core.shell:Skip shell extension 'dsv' for command environment
[0.247s] DEBUG:colcon.colcon_core.event_handler.log_command:Invoking command in '/home/quentin/Bureau/roomba_virtuel/build/custom_interfaces': CMAKE_PREFIX_PATH=${CMAKE_PREFIX_PATH}:/home/quentin/ros2_ws/install/py_srvcli:/home/quentin/ros2_ws/install/py_pubsub:/home/quentin/ros2_ws/install/launch_testing_examples:/home/quentin/ros2_ws/install/examples_rclpy_pointcloud_publisher:/home/quentin/ros2_ws/install/examples_rclpy_minimal_subscriber:/home/quentin/ros2_ws/install/examples_rclpy_minimal_service:/home/quentin/ros2_ws/install/examples_rclpy_minimal_publisher:/home/quentin/ros2_ws/install/examples_rclpy_minimal_client:/home/quentin/ros2_ws/install/examples_rclpy_minimal_action_server:/home/quentin/ros2_ws/install/examples_rclpy_minimal_action_client:/home/quentin/ros2_ws/install/examples_rclpy_guard_conditions:/home/quentin/ros2_ws/install/examples_rclpy_executors:/opt/ros/jazzy DEBUGINFOD_URLS=https://debuginfod.ubuntu.com /usr/bin/cmake --build /home/quentin/Bureau/roomba_virtuel/build/custom_interfaces -- -j16 -l16
[0.452s] INFO:colcon.colcon_core.task.python.build:Building Python package in '/home/quentin/Bureau/roomba_virtuel/src/virtual_roomba'
[0.452s] INFO:colcon.colcon_core.shell:Skip shell extension 'powershell' for command environment: Not usable outside of PowerShell
[0.452s] DEBUG:colcon.colcon_core.shell:Skip shell extension 'dsv' for command environment
[0.690s] DEBUG:colcon.colcon_core.event_handler.log_command:Invoked command in '/home/quentin/Bureau/roomba_virtuel/build/custom_interfaces' returned '0': CMAKE_PREFIX_PATH=${CMAKE_PREFIX_PATH}:/home/quentin/ros2_ws/install/py_srvcli:/home/quentin/ros2_ws/install/py_pubsub:/home/quentin/ros2_ws/install/launch_testing_examples:/home/quentin/ros2_ws/install/examples_rclpy_pointcloud_publisher:/home/quentin/ros2_ws/install/examples_rclpy_minimal_subscriber:/home/quentin/ros2_ws/install/examples_rclpy_minimal_service:/home/quentin/ros2_ws/install/examples_rclpy_minimal_publisher:/home/quentin/ros2_ws/install/examples_rclpy_minimal_client:/home/quentin/ros2_ws/install/examples_rclpy_minimal_action_server:/home/quentin/ros2_ws/install/examples_rclpy_minimal_action_client:/home/quentin/ros2_ws/install/examples_rclpy_guard_conditions:/home/quentin/ros2_ws/install/examples_rclpy_executors:/opt/ros/jazzy DEBUGINFOD_URLS=https://debuginfod.ubuntu.com /usr/bin/cmake --build /home/quentin/Bureau/roomba_virtuel/build/custom_interfaces -- -j16 -l16
[0.702s] DEBUG:colcon.colcon_core.event_handler.log_command:Invoking command in '/home/quentin/Bureau/roomba_virtuel/build/custom_interfaces': CMAKE_PREFIX_PATH=${CMAKE_PREFIX_PATH}:/home/quentin/ros2_ws/install/py_srvcli:/home/quentin/ros2_ws/install/py_pubsub:/home/quentin/ros2_ws/install/launch_testing_examples:/home/quentin/ros2_ws/install/examples_rclpy_pointcloud_publisher:/home/quentin/ros2_ws/install/examples_rclpy_minimal_subscriber:/home/quentin/ros2_ws/install/examples_rclpy_minimal_service:/home/quentin/ros2_ws/install/examples_rclpy_minimal_publisher:/home/quentin/ros2_ws/install/examples_rclpy_minimal_client:/home/quentin/ros2_ws/install/examples_rclpy_minimal_action_server:/home/quentin/ros2_ws/install/examples_rclpy_minimal_action_client:/home/quentin/ros2_ws/install/examples_rclpy_guard_conditions:/home/quentin/ros2_ws/install/examples_rclpy_executors:/opt/ros/jazzy DEBUGINFOD_URLS=https://debuginfod.ubuntu.com /usr/bin/cmake --install /home/quentin/Bureau/roomba_virtuel/build/custom_interfaces
[0.779s] Level 1:colcon.colcon_core.environment:create_environment_scripts_only(custom_interfaces)
[0.791s] Level 1:colcon.colcon_core.environment:checking '/home/quentin/Bureau/roomba_virtuel/install/custom_interfaces' for CMake module files
[0.794s] Level 1:colcon.colcon_core.environment:checking '/home/quentin/Bureau/roomba_virtuel/install/custom_interfaces' for CMake config files
[0.799s] DEBUG:colcon.colcon_core.event_handler.log_command:Invoked command in '/home/quentin/Bureau/roomba_virtuel/build/custom_interfaces' returned '0': CMAKE_PREFIX_PATH=${CMAKE_PREFIX_PATH}:/home/quentin/ros2_ws/install/py_srvcli:/home/quentin/ros2_ws/install/py_pubsub:/home/quentin/ros2_ws/install/launch_testing_examples:/home/quentin/ros2_ws/install/examples_rclpy_pointcloud_publisher:/home/quentin/ros2_ws/install/examples_rclpy_minimal_subscriber:/home/quentin/ros2_ws/install/examples_rclpy_minimal_service:/home/quentin/ros2_ws/install/examples_rclpy_minimal_publisher:/home/quentin/ros2_ws/install/examples_rclpy_minimal_client:/home/quentin/ros2_ws/install/examples_rclpy_minimal_action_server:/home/quentin/ros2_ws/install/examples_rclpy_minimal_action_client:/home/quentin/ros2_ws/install/examples_rclpy_guard_conditions:/home/quentin/ros2_ws/install/examples_rclpy_executors:/opt/ros/jazzy DEBUGINFOD_URLS=https://debuginfod.ubuntu.com /usr/bin/cmake --install /home/quentin/Bureau/roomba_virtuel/build/custom_interfaces
[0.800s] Level 1:colcon.colcon_core.shell:create_environment_hook('custom_interfaces', 'cmake_prefix_path')
[0.800s] INFO:colcon.colcon_core.shell:Creating environment hook '/home/quentin/Bureau/roomba_virtuel/install/custom_interfaces/share/custom_interfaces/hook/cmake_prefix_path.ps1'
[0.802s] INFO:colcon.colcon_core.shell:Creating environment descriptor '/home/quentin/Bureau/roomba_virtuel/install/custom_interfaces/share/custom_interfaces/hook/cmake_prefix_path.dsv'
[0.802s] INFO:colcon.colcon_core.shell:Creating environment hook '/home/quentin/Bureau/roomba_virtuel/install/custom_interfaces/share/custom_interfaces/hook/cmake_prefix_path.sh'
[0.804s] Level 1:colcon.colcon_core.environment:checking '/home/quentin/Bureau/roomba_virtuel/install/custom_interfaces/lib'
[0.804s] Level 1:colcon.colcon_core.shell:create_environment_hook('custom_interfaces', 'ld_library_path_lib')
[0.805s] INFO:colcon.colcon_core.shell:Creating environment hook '/home/quentin/Bureau/roomba_virtuel/install/custom_interfaces/share/custom_interfaces/hook/ld_library_path_lib.ps1'
[0.806s] INFO:colcon.colcon_core.shell:Creating environment descriptor '/home/quentin/Bureau/roomba_virtuel/install/custom_interfaces/share/custom_interfaces/hook/ld_library_path_lib.dsv'
[0.807s] INFO:colcon.colcon_core.shell:Creating environment hook '/home/quentin/Bureau/roomba_virtuel/install/custom_interfaces/share/custom_interfaces/hook/ld_library_path_lib.sh'
[0.808s] Level 1:colcon.colcon_core.environment:checking '/home/quentin/Bureau/roomba_virtuel/install/custom_interfaces/bin'
[0.808s] Level 1:colcon.colcon_core.environment:checking '/home/quentin/Bureau/roomba_virtuel/install/custom_interfaces/lib/pkgconfig/custom_interfaces.pc'
[0.808s] Level 1:colcon.colcon_core.environment:checking '/home/quentin/Bureau/roomba_virtuel/install/custom_interfaces/lib/python3.12/site-packages'
[0.809s] Level 1:colcon.colcon_core.shell:create_environment_hook('custom_interfaces', 'pythonpath')
[0.809s] INFO:colcon.colcon_core.shell:Creating environment hook '/home/quentin/Bureau/roomba_virtuel/install/custom_interfaces/share/custom_interfaces/hook/pythonpath.ps1'
[0.810s] INFO:colcon.colcon_core.shell:Creating environment descriptor '/home/quentin/Bureau/roomba_virtuel/install/custom_interfaces/share/custom_interfaces/hook/pythonpath.dsv'
[0.811s] INFO:colcon.colcon_core.shell:Creating environment hook '/home/quentin/Bureau/roomba_virtuel/install/custom_interfaces/share/custom_interfaces/hook/pythonpath.sh'
[0.813s] Level 1:colcon.colcon_core.environment:checking '/home/quentin/Bureau/roomba_virtuel/install/custom_interfaces/bin'
[0.813s] INFO:colcon.colcon_core.shell:Creating package script '/home/quentin/Bureau/roomba_virtuel/install/custom_interfaces/share/custom_interfaces/package.ps1'
[0.816s] INFO:colcon.colcon_core.shell:Creating package descriptor '/home/quentin/Bureau/roomba_virtuel/install/custom_interfaces/share/custom_interfaces/package.dsv'
[0.818s] INFO:colcon.colcon_core.shell:Creating package script '/home/quentin/Bureau/roomba_virtuel/install/custom_interfaces/share/custom_interfaces/package.sh'
[0.819s] INFO:colcon.colcon_core.shell:Creating package script '/home/quentin/Bureau/roomba_virtuel/install/custom_interfaces/share/custom_interfaces/package.bash'
[0.821s] INFO:colcon.colcon_core.shell:Creating package script '/home/quentin/Bureau/roomba_virtuel/install/custom_interfaces/share/custom_interfaces/package.zsh'
[0.822s] Level 1:colcon.colcon_core.environment:create_file_with_runtime_dependencies(/home/quentin/Bureau/roomba_virtuel/install/custom_interfaces/share/colcon-core/packages/custom_interfaces)
[0.824s] Level 1:colcon.colcon_core.environment:create_environment_scripts_only(custom_interfaces)
[0.824s] Level 1:colcon.colcon_core.environment:checking '/home/quentin/Bureau/roomba_virtuel/install/custom_interfaces' for CMake module files
[0.826s] Level 1:colcon.colcon_core.environment:checking '/home/quentin/Bureau/roomba_virtuel/install/custom_interfaces' for CMake config files
[0.827s] Level 1:colcon.colcon_core.shell:create_environment_hook('custom_interfaces', 'cmake_prefix_path')
[0.828s] INFO:colcon.colcon_core.shell:Creating environment hook '/home/quentin/Bureau/roomba_virtuel/install/custom_interfaces/share/custom_interfaces/hook/cmake_prefix_path.ps1'
[0.828s] INFO:colcon.colcon_core.shell:Creating environment descriptor '/home/quentin/Bureau/roomba_virtuel/install/custom_interfaces/share/custom_interfaces/hook/cmake_prefix_path.dsv'
[0.829s] INFO:colcon.colcon_core.shell:Creating environment hook '/home/quentin/Bureau/roomba_virtuel/install/custom_interfaces/share/custom_interfaces/hook/cmake_prefix_path.sh'
[0.830s] Level 1:colcon.colcon_core.environment:checking '/home/quentin/Bureau/roomba_virtuel/install/custom_interfaces/lib'
[0.831s] Level 1:colcon.colcon_core.shell:create_environment_hook('custom_interfaces', 'ld_library_path_lib')
[0.831s] INFO:colcon.colcon_core.shell:Creating environment hook '/home/quentin/Bureau/roomba_virtuel/install/custom_interfaces/share/custom_interfaces/hook/ld_library_path_lib.ps1'
[0.832s] INFO:colcon.colcon_core.shell:Creating environment descriptor '/home/quentin/Bureau/roomba_virtuel/install/custom_interfaces/share/custom_interfaces/hook/ld_library_path_lib.dsv'
[0.833s] INFO:colcon.colcon_core.shell:Creating environment hook '/home/quentin/Bureau/roomba_virtuel/install/custom_interfaces/share/custom_interfaces/hook/ld_library_path_lib.sh'
[0.834s] Level 1:colcon.colcon_core.environment:checking '/home/quentin/Bureau/roomba_virtuel/install/custom_interfaces/bin'
[0.834s] Level 1:colcon.colcon_core.environment:checking '/home/quentin/Bureau/roomba_virtuel/install/custom_interfaces/lib/pkgconfig/custom_interfaces.pc'
[0.834s] Level 1:colcon.colcon_core.environment:checking '/home/quentin/Bureau/roomba_virtuel/install/custom_interfaces/lib/python3.12/site-packages'
[0.835s] Level 1:colcon.colcon_core.shell:create_environment_hook('custom_interfaces', 'pythonpath')
[0.835s] INFO:colcon.colcon_core.shell:Creating environment hook '/home/quentin/Bureau/roomba_virtuel/install/custom_interfaces/share/custom_interfaces/hook/pythonpath.ps1'
[0.836s] INFO:colcon.colcon_core.shell:Creating environment descriptor '/home/quentin/Bureau/roomba_virtuel/install/custom_interfaces/share/custom_interfaces/hook/pythonpath.dsv'
[0.837s] INFO:colcon.colcon_core.shell:Creating environment hook '/home/quentin/Bureau/roomba_virtuel/install/custom_interfaces/share/custom_interfaces/hook/pythonpath.sh'
[0.838s] Level 1:colcon.colcon_core.environment:checking '/home/quentin/Bureau/roomba_virtuel/install/custom_interfaces/bin'
[0.838s] INFO:colcon.colcon_core.shell:Creating package script '/home/quentin/Bureau/roomba_virtuel/install/custom_interfaces/share/custom_interfaces/package.ps1'
[0.839s] INFO:colcon.colcon_core.shell:Creating package descriptor '/home/quentin/Bureau/roomba_virtuel/install/custom_interfaces/share/custom_interfaces/package.dsv'
[0.839s] INFO:colcon.colcon_core.shell:Creating package script '/home/quentin/Bureau/roomba_virtuel/install/custom_interfaces/share/custom_interfaces/package.sh'
[0.840s] INFO:colcon.colcon_core.shell:Creating package script '/home/quentin/Bureau/roomba_virtuel/install/custom_interfaces/share/custom_interfaces/package.bash'
[0.840s] INFO:colcon.colcon_core.shell:Creating package script '/home/quentin/Bureau/roomba_virtuel/install/custom_interfaces/share/custom_interfaces/package.zsh'
[0.840s] Level 1:colcon.colcon_core.environment:create_file_with_runtime_dependencies(/home/quentin/Bureau/roomba_virtuel/install/custom_interfaces/share/colcon-core/packages/custom_interfaces)
[1.021s] DEBUG:colcon.colcon_core.event_handler.log_command:Invoking command in '/home/quentin/Bureau/roomba_virtuel/src/virtual_roomba': DEBUGINFOD_URLS=https://debuginfod.ubuntu.com PYTHONPATH=/home/quentin/Bureau/roomba_virtuel/build/virtual_roomba/prefix_override:/usr/lib/python3/dist-packages/colcon_core/task/python/colcon_distutils_commands:/home/quentin/Bureau/roomba_virtuel/install/virtual_roomba/lib/python3.12/site-packages:${PYTHONPATH} /usr/bin/python3 -W ignore:setup.py install is deprecated -W ignore:easy_install command is deprecated setup.py egg_info --egg-base ../../build/virtual_roomba build --build-base /home/quentin/Bureau/roomba_virtuel/build/virtual_roomba/build install --record /home/quentin/Bureau/roomba_virtuel/build/virtual_roomba/install.log --single-version-externally-managed install_data
[1.507s] Level 1:colcon.colcon_core.environment:checking '/home/quentin/Bureau/roomba_virtuel/install/virtual_roomba' for CMake module files
[1.508s] DEBUG:colcon.colcon_core.event_handler.log_command:Invoked command in '/home/quentin/Bureau/roomba_virtuel/src/virtual_roomba' returned '0': DEBUGINFOD_URLS=https://debuginfod.ubuntu.com PYTHONPATH=/home/quentin/Bureau/roomba_virtuel/build/virtual_roomba/prefix_override:/usr/lib/python3/dist-packages/colcon_core/task/python/colcon_distutils_commands:/home/quentin/Bureau/roomba_virtuel/install/virtual_roomba/lib/python3.12/site-packages:${PYTHONPATH} /usr/bin/python3 -W ignore:setup.py install is deprecated -W ignore:easy_install command is deprecated setup.py egg_info --egg-base ../../build/virtual_roomba build --build-base /home/quentin/Bureau/roomba_virtuel/build/virtual_roomba/build install --record /home/quentin/Bureau/roomba_virtuel/build/virtual_roomba/install.log --single-version-externally-managed install_data
[1.508s] Level 1:colcon.colcon_core.environment:checking '/home/quentin/Bureau/roomba_virtuel/install/virtual_roomba' for CMake config files
[1.509s] Level 1:colcon.colcon_core.environment:checking '/home/quentin/Bureau/roomba_virtuel/install/virtual_roomba/lib'
[1.509s] Level 1:colcon.colcon_core.environment:checking '/home/quentin/Bureau/roomba_virtuel/install/virtual_roomba/bin'
[1.510s] Level 1:colcon.colcon_core.environment:checking '/home/quentin/Bureau/roomba_virtuel/install/virtual_roomba/lib/pkgconfig/virtual_roomba.pc'
[1.510s] Level 1:colcon.colcon_core.environment:checking '/home/quentin/Bureau/roomba_virtuel/install/virtual_roomba/lib/python3.12/site-packages'
[1.510s] Level 1:colcon.colcon_core.shell:create_environment_hook('virtual_roomba', 'pythonpath')
[1.510s] INFO:colcon.colcon_core.shell:Creating environment hook '/home/quentin/Bureau/roomba_virtuel/install/virtual_roomba/share/virtual_roomba/hook/pythonpath.ps1'
[1.511s] INFO:colcon.colcon_core.shell:Creating environment descriptor '/home/quentin/Bureau/roomba_virtuel/install/virtual_roomba/share/virtual_roomba/hook/pythonpath.dsv'
[1.512s] INFO:colcon.colcon_core.shell:Creating environment hook '/home/quentin/Bureau/roomba_virtuel/install/virtual_roomba/share/virtual_roomba/hook/pythonpath.sh'
[1.513s] Level 1:colcon.colcon_core.environment:checking '/home/quentin/Bureau/roomba_virtuel/install/virtual_roomba/bin'
[1.513s] Level 1:colcon.colcon_core.environment:create_environment_scripts_only(virtual_roomba)
[1.513s] INFO:colcon.colcon_core.shell:Creating package script '/home/quentin/Bureau/roomba_virtuel/install/virtual_roomba/share/virtual_roomba/package.ps1'
[1.514s] INFO:colcon.colcon_core.shell:Creating package descriptor '/home/quentin/Bureau/roomba_virtuel/install/virtual_roomba/share/virtual_roomba/package.dsv'
[1.515s] INFO:colcon.colcon_core.shell:Creating package script '/home/quentin/Bureau/roomba_virtuel/install/virtual_roomba/share/virtual_roomba/package.sh'
[1.516s] INFO:colcon.colcon_core.shell:Creating package script '/home/quentin/Bureau/roomba_virtuel/install/virtual_roomba/share/virtual_roomba/package.bash'
[1.517s] INFO:colcon.colcon_core.shell:Creating package script '/home/quentin/Bureau/roomba_virtuel/install/virtual_roomba/share/virtual_roomba/package.zsh'
[1.517s] Level 1:colcon.colcon_core.environment:create_file_with_runtime_dependencies(/home/quentin/Bureau/roomba_virtuel/install/virtual_roomba/share/colcon-core/packages/virtual_roomba)
[1.518s] DEBUG:colcon.colcon_parallel_executor.executor.parallel:closing loop
[1.518s] DEBUG:colcon.colcon_parallel_executor.executor.parallel:loop closed
[1.518s] DEBUG:colcon.colcon_parallel_executor.executor.parallel:run_until_complete finished with '0'
[1.519s] DEBUG:colcon.colcon_core.event_reactor:joining thread
[1.531s] INFO:colcon.colcon_core.plugin_system:Skipping extension 'colcon_notification.desktop_notification.terminal_notifier': Not used on non-Darwin systems
[1.531s] INFO:colcon.colcon_core.plugin_system:Skipping extension 'colcon_notification.desktop_notification.win32': Not used on non-Windows systems
[1.532s] INFO:colcon.colcon_notification.desktop_notification:Sending desktop notification using 'notify2'
[1.550s] DEBUG:colcon.colcon_core.event_reactor:joined thread
[1.550s] INFO:colcon.colcon_core.shell:Creating prefix script '/home/quentin/Bureau/roomba_virtuel/install/local_setup.ps1'
[1.552s] INFO:colcon.colcon_core.shell:Creating prefix util module '/home/quentin/Bureau/roomba_virtuel/install/_local_setup_util_ps1.py'
[1.555s] INFO:colcon.colcon_core.shell:Creating prefix chain script '/home/quentin/Bureau/roomba_virtuel/install/setup.ps1'
[1.559s] INFO:colcon.colcon_core.shell:Creating prefix script '/home/quentin/Bureau/roomba_virtuel/install/local_setup.sh'
[1.560s] INFO:colcon.colcon_core.shell:Creating prefix util module '/home/quentin/Bureau/roomba_virtuel/install/_local_setup_util_sh.py'
[1.562s] INFO:colcon.colcon_core.shell:Creating prefix chain script '/home/quentin/Bureau/roomba_virtuel/install/setup.sh'
[1.566s] INFO:colcon.colcon_core.shell:Creating prefix script '/home/quentin/Bureau/roomba_virtuel/install/local_setup.bash'
[1.567s] INFO:colcon.colcon_core.shell:Creating prefix chain script '/home/quentin/Bureau/roomba_virtuel/install/setup.bash'
[1.571s] INFO:colcon.colcon_core.shell:Creating prefix script '/home/quentin/Bureau/roomba_virtuel/install/local_setup.zsh'
[1.572s] INFO:colcon.colcon_core.shell:Creating prefix chain script '/home/quentin/Bureau/roomba_virtuel/install/setup.zsh'
