[0.013s] Invoking command in '/home/quentin/Bureau/roomba_virtuel/build/custom_interfaces': CMAKE_PREFIX_PATH=${CMAKE_PREFIX_PATH}:/opt/ros/jazzy DEBUGINFOD_URLS=https://debuginfod.ubuntu.com /usr/bin/cmake --build /home/quentin/Bureau/roomba_virtuel/build/custom_interfaces -- -j16 -l16
[0.075s] [  1%] Built target custom_interfaces__rosidl_generator_type_description
[0.078s] [  3%] Built target custom_interfaces__rs
[0.096s] [  5%] Built target custom_interfaces__cpp
[0.097s] [ 25%] Built target custom_interfaces__rosidl_generator_c
[0.099s] [ 25%] Built target ament_cmake_python_copy_custom_interfaces
[0.120s] [ 61%] Built target custom_interfaces__rosidl_typesupport_c
[0.120s] [ 61%] Built target custom_interfaces__rosidl_typesupport_introspection_cpp
[0.120s] [ 61%] Built target custom_interfaces__rosidl_typesupport_fastrtps_c
[0.120s] [ 61%] Built target custom_interfaces__rosidl_typesupport_introspection_c
[0.122s] [ 70%] Built target custom_interfaces__rosidl_typesupport_fastrtps_cpp
[0.129s] [ 80%] Built target custom_interfaces__rosidl_typesupport_cpp
[0.149s] [ 80%] Built target custom_interfaces
[0.170s] [ 81%] Built target custom_interfaces__py
[0.195s] [ 89%] Built target custom_interfaces__rosidl_generator_py
[0.219s] [ 92%] Built target custom_interfaces_s__rosidl_typesupport_introspection_c
[0.219s] [ 96%] Built target custom_interfaces_s__rosidl_typesupport_fastrtps_c
[0.222s] [100%] Built target custom_interfaces_s__rosidl_typesupport_c
[0.282s] running egg_info
[0.299s] writing custom_interfaces.egg-info/PKG-INFO
[0.299s] writing dependency_links to custom_interfaces.egg-info/dependency_links.txt
[0.299s] writing top-level names to custom_interfaces.egg-info/top_level.txt
[0.347s] reading manifest file 'custom_interfaces.egg-info/SOURCES.txt'
[0.347s] writing manifest file 'custom_interfaces.egg-info/SOURCES.txt'
[0.383s] [100%] Built target ament_cmake_python_build_custom_interfaces_egg
[0.408s] Invoked command in '/home/quentin/Bureau/roomba_virtuel/build/custom_interfaces' returned '0': CMAKE_PREFIX_PATH=${CMAKE_PREFIX_PATH}:/opt/ros/jazzy DEBUGINFOD_URLS=https://debuginfod.ubuntu.com /usr/bin/cmake --build /home/quentin/Bureau/roomba_virtuel/build/custom_interfaces -- -j16 -l16
[0.419s] Invoking command in '/home/quentin/Bureau/roomba_virtuel/build/custom_interfaces': CMAKE_PREFIX_PATH=${CMAKE_PREFIX_PATH}:/opt/ros/jazzy DEBUGINFOD_URLS=https://debuginfod.ubuntu.com /usr/bin/cmake --install /home/quentin/Bureau/roomba_virtuel/build/custom_interfaces
[0.426s] -- Install configuration: ""
[0.426s] -- Up-to-date: /home/quentin/Bureau/roomba_virtuel/install/custom_interfaces/share/ament_index/resource_index/rosidl_interfaces/custom_interfaces
[0.427s] -- Up-to-date: /home/quentin/Bureau/roomba_virtuel/install/custom_interfaces/share/custom_interfaces/msg/RoombaState.json
[0.427s] -- Up-to-date: /home/quentin/Bureau/roomba_virtuel/install/custom_interfaces/share/custom_interfaces/srv/SetPowerMode.json
[0.427s] -- Up-to-date: /home/quentin/Bureau/roomba_virtuel/install/custom_interfaces/share/custom_interfaces/srv/ToggleCleaning.json
[0.427s] -- Up-to-date: /home/quentin/Bureau/roomba_virtuel/install/custom_interfaces/include/custom_interfaces/custom_interfaces
[0.428s] -- Up-to-date: /home/quentin/Bureau/roomba_virtuel/install/custom_interfaces/include/custom_interfaces/custom_interfaces/srv
[0.428s] -- Up-to-date: /home/quentin/Bureau/roomba_virtuel/install/custom_interfaces/include/custom_interfaces/custom_interfaces/srv/detail
[0.428s] -- Up-to-date: /home/quentin/Bureau/roomba_virtuel/install/custom_interfaces/include/custom_interfaces/custom_interfaces/srv/detail/set_power_mode__functions.h
[0.428s] -- Up-to-date: /home/quentin/Bureau/roomba_virtuel/install/custom_interfaces/include/custom_interfaces/custom_interfaces/srv/detail/toggle_cleaning__struct.h
[0.429s] -- Up-to-date: /home/quentin/Bureau/roomba_virtuel/install/custom_interfaces/include/custom_interfaces/custom_interfaces/srv/detail/toggle_cleaning__functions.c
[0.429s] -- Up-to-date: /home/quentin/Bureau/roomba_virtuel/install/custom_interfaces/include/custom_interfaces/custom_interfaces/srv/detail/set_power_mode__description.c
[0.429s] -- Up-to-date: /home/quentin/Bureau/roomba_virtuel/install/custom_interfaces/include/custom_interfaces/custom_interfaces/srv/detail/set_power_mode__type_support.h
[0.429s] -- Up-to-date: /home/quentin/Bureau/roomba_virtuel/install/custom_interfaces/include/custom_interfaces/custom_interfaces/srv/detail/toggle_cleaning__type_support.h
[0.430s] -- Up-to-date: /home/quentin/Bureau/roomba_virtuel/install/custom_interfaces/include/custom_interfaces/custom_interfaces/srv/detail/set_power_mode__functions.c
[0.430s] -- Up-to-date: /home/quentin/Bureau/roomba_virtuel/install/custom_interfaces/include/custom_interfaces/custom_interfaces/srv/detail/set_power_mode__struct.h
[0.430s] -- Up-to-date: /home/quentin/Bureau/roomba_virtuel/install/custom_interfaces/include/custom_interfaces/custom_interfaces/srv/detail/set_power_mode__type_support.c
[0.430s] -- Up-to-date: /home/quentin/Bureau/roomba_virtuel/install/custom_interfaces/include/custom_interfaces/custom_interfaces/srv/detail/toggle_cleaning__description.c
[0.431s] -- Up-to-date: /home/quentin/Bureau/roomba_virtuel/install/custom_interfaces/include/custom_interfaces/custom_interfaces/srv/detail/toggle_cleaning__type_support.c
[0.431s] -- Up-to-date: /home/quentin/Bureau/roomba_virtuel/install/custom_interfaces/include/custom_interfaces/custom_interfaces/srv/detail/toggle_cleaning__functions.h
[0.431s] -- Up-to-date: /home/quentin/Bureau/roomba_virtuel/install/custom_interfaces/include/custom_interfaces/custom_interfaces/srv/set_power_mode.h
[0.431s] -- Up-to-date: /home/quentin/Bureau/roomba_virtuel/install/custom_interfaces/include/custom_interfaces/custom_interfaces/srv/toggle_cleaning.h
[0.431s] -- Up-to-date: /home/quentin/Bureau/roomba_virtuel/install/custom_interfaces/include/custom_interfaces/custom_interfaces/msg
[0.432s] -- Up-to-date: /home/quentin/Bureau/roomba_virtuel/install/custom_interfaces/include/custom_interfaces/custom_interfaces/msg/detail
[0.432s] -- Up-to-date: /home/quentin/Bureau/roomba_virtuel/install/custom_interfaces/include/custom_interfaces/custom_interfaces/msg/detail/roomba_state__type_support.c
[0.432s] -- Up-to-date: /home/quentin/Bureau/roomba_virtuel/install/custom_interfaces/include/custom_interfaces/custom_interfaces/msg/detail/roomba_state__type_support.h
[0.432s] -- Up-to-date: /home/quentin/Bureau/roomba_virtuel/install/custom_interfaces/include/custom_interfaces/custom_interfaces/msg/detail/roomba_state__functions.h
[0.433s] -- Up-to-date: /home/quentin/Bureau/roomba_virtuel/install/custom_interfaces/include/custom_interfaces/custom_interfaces/msg/detail/roomba_state__struct.h
[0.433s] -- Up-to-date: /home/quentin/Bureau/roomba_virtuel/install/custom_interfaces/include/custom_interfaces/custom_interfaces/msg/detail/roomba_state__description.c
[0.433s] -- Up-to-date: /home/quentin/Bureau/roomba_virtuel/install/custom_interfaces/include/custom_interfaces/custom_interfaces/msg/detail/roomba_state__functions.c
[0.433s] -- Up-to-date: /home/quentin/Bureau/roomba_virtuel/install/custom_interfaces/include/custom_interfaces/custom_interfaces/msg/roomba_state.h
[0.433s] -- Up-to-date: /home/quentin/Bureau/roomba_virtuel/install/custom_interfaces/include/custom_interfaces/custom_interfaces/msg/rosidl_generator_c__visibility_control.h
[0.434s] -- Up-to-date: /home/quentin/Bureau/roomba_virtuel/install/custom_interfaces/share/custom_interfaces/environment/library_path.sh
[0.434s] -- Up-to-date: /home/quentin/Bureau/roomba_virtuel/install/custom_interfaces/share/custom_interfaces/environment/library_path.dsv
[0.434s] -- Up-to-date: /home/quentin/Bureau/roomba_virtuel/install/custom_interfaces/lib/libcustom_interfaces__rosidl_generator_c.so
[0.434s] -- Up-to-date: /home/quentin/Bureau/roomba_virtuel/install/custom_interfaces/include/custom_interfaces/custom_interfaces
[0.435s] -- Up-to-date: /home/quentin/Bureau/roomba_virtuel/install/custom_interfaces/include/custom_interfaces/custom_interfaces/srv
[0.435s] -- Up-to-date: /home/quentin/Bureau/roomba_virtuel/install/custom_interfaces/include/custom_interfaces/custom_interfaces/srv/detail
[0.435s] -- Up-to-date: /home/quentin/Bureau/roomba_virtuel/install/custom_interfaces/include/custom_interfaces/custom_interfaces/srv/detail/set_power_mode__rosidl_typesupport_fastrtps_c.h
[0.435s] -- Up-to-date: /home/quentin/Bureau/roomba_virtuel/install/custom_interfaces/include/custom_interfaces/custom_interfaces/srv/detail/toggle_cleaning__rosidl_typesupport_fastrtps_c.h
[0.435s] -- Up-to-date: /home/quentin/Bureau/roomba_virtuel/install/custom_interfaces/include/custom_interfaces/custom_interfaces/msg
[0.436s] -- Up-to-date: /home/quentin/Bureau/roomba_virtuel/install/custom_interfaces/include/custom_interfaces/custom_interfaces/msg/detail
[0.436s] -- Up-to-date: /home/quentin/Bureau/roomba_virtuel/install/custom_interfaces/include/custom_interfaces/custom_interfaces/msg/detail/roomba_state__rosidl_typesupport_fastrtps_c.h
[0.436s] -- Up-to-date: /home/quentin/Bureau/roomba_virtuel/install/custom_interfaces/include/custom_interfaces/custom_interfaces/msg/rosidl_typesupport_fastrtps_c__visibility_control.h
[0.436s] -- Up-to-date: /home/quentin/Bureau/roomba_virtuel/install/custom_interfaces/lib/libcustom_interfaces__rosidl_typesupport_fastrtps_c.so
[0.436s] -- Up-to-date: /home/quentin/Bureau/roomba_virtuel/install/custom_interfaces/include/custom_interfaces/custom_interfaces
[0.437s] -- Up-to-date: /home/quentin/Bureau/roomba_virtuel/install/custom_interfaces/include/custom_interfaces/custom_interfaces/srv
[0.437s] -- Up-to-date: /home/quentin/Bureau/roomba_virtuel/install/custom_interfaces/include/custom_interfaces/custom_interfaces/srv/detail
[0.437s] -- Up-to-date: /home/quentin/Bureau/roomba_virtuel/install/custom_interfaces/include/custom_interfaces/custom_interfaces/srv/detail/set_power_mode__rosidl_typesupport_introspection_c.h
[0.437s] -- Up-to-date: /home/quentin/Bureau/roomba_virtuel/install/custom_interfaces/include/custom_interfaces/custom_interfaces/srv/detail/set_power_mode__type_support.c
[0.438s] -- Up-to-date: /home/quentin/Bureau/roomba_virtuel/install/custom_interfaces/include/custom_interfaces/custom_interfaces/srv/detail/toggle_cleaning__type_support.c
[0.438s] -- Up-to-date: /home/quentin/Bureau/roomba_virtuel/install/custom_interfaces/include/custom_interfaces/custom_interfaces/srv/detail/toggle_cleaning__rosidl_typesupport_introspection_c.h
[0.438s] -- Up-to-date: /home/quentin/Bureau/roomba_virtuel/install/custom_interfaces/include/custom_interfaces/custom_interfaces/msg
[0.438s] -- Up-to-date: /home/quentin/Bureau/roomba_virtuel/install/custom_interfaces/include/custom_interfaces/custom_interfaces/msg/detail
[0.438s] -- Up-to-date: /home/quentin/Bureau/roomba_virtuel/install/custom_interfaces/include/custom_interfaces/custom_interfaces/msg/detail/roomba_state__rosidl_typesupport_introspection_c.h
[0.439s] -- Up-to-date: /home/quentin/Bureau/roomba_virtuel/install/custom_interfaces/include/custom_interfaces/custom_interfaces/msg/detail/roomba_state__type_support.c
[0.439s] -- Up-to-date: /home/quentin/Bureau/roomba_virtuel/install/custom_interfaces/include/custom_interfaces/custom_interfaces/msg/rosidl_typesupport_introspection_c__visibility_control.h
[0.439s] -- Up-to-date: /home/quentin/Bureau/roomba_virtuel/install/custom_interfaces/lib/libcustom_interfaces__rosidl_typesupport_introspection_c.so
[0.439s] -- Up-to-date: /home/quentin/Bureau/roomba_virtuel/install/custom_interfaces/lib/libcustom_interfaces__rosidl_typesupport_c.so
[0.439s] -- Up-to-date: /home/quentin/Bureau/roomba_virtuel/install/custom_interfaces/include/custom_interfaces/custom_interfaces
[0.440s] -- Up-to-date: /home/quentin/Bureau/roomba_virtuel/install/custom_interfaces/include/custom_interfaces/custom_interfaces/srv
[0.440s] -- Up-to-date: /home/quentin/Bureau/roomba_virtuel/install/custom_interfaces/include/custom_interfaces/custom_interfaces/srv/detail
[0.440s] -- Up-to-date: /home/quentin/Bureau/roomba_virtuel/install/custom_interfaces/include/custom_interfaces/custom_interfaces/srv/detail/toggle_cleaning__builder.hpp
[0.440s] -- Up-to-date: /home/quentin/Bureau/roomba_virtuel/install/custom_interfaces/include/custom_interfaces/custom_interfaces/srv/detail/set_power_mode__traits.hpp
[0.441s] -- Up-to-date: /home/quentin/Bureau/roomba_virtuel/install/custom_interfaces/include/custom_interfaces/custom_interfaces/srv/detail/set_power_mode__struct.hpp
[0.441s] -- Up-to-date: /home/quentin/Bureau/roomba_virtuel/install/custom_interfaces/include/custom_interfaces/custom_interfaces/srv/detail/toggle_cleaning__type_support.hpp
[0.441s] -- Up-to-date: /home/quentin/Bureau/roomba_virtuel/install/custom_interfaces/include/custom_interfaces/custom_interfaces/srv/detail/set_power_mode__builder.hpp
[0.441s] -- Up-to-date: /home/quentin/Bureau/roomba_virtuel/install/custom_interfaces/include/custom_interfaces/custom_interfaces/srv/detail/set_power_mode__type_support.hpp
[0.441s] -- Up-to-date: /home/quentin/Bureau/roomba_virtuel/install/custom_interfaces/include/custom_interfaces/custom_interfaces/srv/detail/toggle_cleaning__traits.hpp
[0.442s] -- Up-to-date: /home/quentin/Bureau/roomba_virtuel/install/custom_interfaces/include/custom_interfaces/custom_interfaces/srv/detail/toggle_cleaning__struct.hpp
[0.442s] -- Up-to-date: /home/quentin/Bureau/roomba_virtuel/install/custom_interfaces/include/custom_interfaces/custom_interfaces/srv/toggle_cleaning.hpp
[0.442s] -- Up-to-date: /home/quentin/Bureau/roomba_virtuel/install/custom_interfaces/include/custom_interfaces/custom_interfaces/srv/set_power_mode.hpp
[0.442s] -- Up-to-date: /home/quentin/Bureau/roomba_virtuel/install/custom_interfaces/include/custom_interfaces/custom_interfaces/msg
[0.442s] -- Up-to-date: /home/quentin/Bureau/roomba_virtuel/install/custom_interfaces/include/custom_interfaces/custom_interfaces/msg/roomba_state.hpp
[0.443s] -- Up-to-date: /home/quentin/Bureau/roomba_virtuel/install/custom_interfaces/include/custom_interfaces/custom_interfaces/msg/detail
[0.443s] -- Up-to-date: /home/quentin/Bureau/roomba_virtuel/install/custom_interfaces/include/custom_interfaces/custom_interfaces/msg/detail/roomba_state__builder.hpp
[0.443s] -- Up-to-date: /home/quentin/Bureau/roomba_virtuel/install/custom_interfaces/include/custom_interfaces/custom_interfaces/msg/detail/roomba_state__struct.hpp
[0.443s] -- Up-to-date: /home/quentin/Bureau/roomba_virtuel/install/custom_interfaces/include/custom_interfaces/custom_interfaces/msg/detail/roomba_state__type_support.hpp
[0.443s] -- Up-to-date: /home/quentin/Bureau/roomba_virtuel/install/custom_interfaces/include/custom_interfaces/custom_interfaces/msg/detail/roomba_state__traits.hpp
[0.444s] -- Up-to-date: /home/quentin/Bureau/roomba_virtuel/install/custom_interfaces/include/custom_interfaces/custom_interfaces/msg/rosidl_generator_cpp__visibility_control.hpp
[0.444s] -- Up-to-date: /home/quentin/Bureau/roomba_virtuel/install/custom_interfaces/include/custom_interfaces/custom_interfaces
[0.444s] -- Up-to-date: /home/quentin/Bureau/roomba_virtuel/install/custom_interfaces/include/custom_interfaces/custom_interfaces/srv
[0.444s] -- Up-to-date: /home/quentin/Bureau/roomba_virtuel/install/custom_interfaces/include/custom_interfaces/custom_interfaces/srv/detail
[0.445s] -- Up-to-date: /home/quentin/Bureau/roomba_virtuel/install/custom_interfaces/include/custom_interfaces/custom_interfaces/srv/detail/set_power_mode__rosidl_typesupport_fastrtps_cpp.hpp
[0.445s] -- Up-to-date: /home/quentin/Bureau/roomba_virtuel/install/custom_interfaces/include/custom_interfaces/custom_interfaces/srv/detail/toggle_cleaning__rosidl_typesupport_fastrtps_cpp.hpp
[0.445s] -- Up-to-date: /home/quentin/Bureau/roomba_virtuel/install/custom_interfaces/include/custom_interfaces/custom_interfaces/srv/detail/dds_fastrtps
[0.445s] -- Up-to-date: /home/quentin/Bureau/roomba_virtuel/install/custom_interfaces/include/custom_interfaces/custom_interfaces/msg
[0.445s] -- Up-to-date: /home/quentin/Bureau/roomba_virtuel/install/custom_interfaces/include/custom_interfaces/custom_interfaces/msg/detail
[0.446s] -- Up-to-date: /home/quentin/Bureau/roomba_virtuel/install/custom_interfaces/include/custom_interfaces/custom_interfaces/msg/detail/roomba_state__rosidl_typesupport_fastrtps_cpp.hpp
[0.446s] -- Up-to-date: /home/quentin/Bureau/roomba_virtuel/install/custom_interfaces/include/custom_interfaces/custom_interfaces/msg/detail/dds_fastrtps
[0.446s] -- Up-to-date: /home/quentin/Bureau/roomba_virtuel/install/custom_interfaces/include/custom_interfaces/custom_interfaces/msg/rosidl_typesupport_fastrtps_cpp__visibility_control.h
[0.446s] -- Up-to-date: /home/quentin/Bureau/roomba_virtuel/install/custom_interfaces/lib/libcustom_interfaces__rosidl_typesupport_fastrtps_cpp.so
[0.446s] -- Up-to-date: /home/quentin/Bureau/roomba_virtuel/install/custom_interfaces/include/custom_interfaces/custom_interfaces
[0.447s] -- Up-to-date: /home/quentin/Bureau/roomba_virtuel/install/custom_interfaces/include/custom_interfaces/custom_interfaces/srv
[0.447s] -- Up-to-date: /home/quentin/Bureau/roomba_virtuel/install/custom_interfaces/include/custom_interfaces/custom_interfaces/srv/detail
[0.447s] -- Up-to-date: /home/quentin/Bureau/roomba_virtuel/install/custom_interfaces/include/custom_interfaces/custom_interfaces/srv/detail/toggle_cleaning__type_support.cpp
[0.447s] -- Up-to-date: /home/quentin/Bureau/roomba_virtuel/install/custom_interfaces/include/custom_interfaces/custom_interfaces/srv/detail/set_power_mode__rosidl_typesupport_introspection_cpp.hpp
[0.448s] -- Up-to-date: /home/quentin/Bureau/roomba_virtuel/install/custom_interfaces/include/custom_interfaces/custom_interfaces/srv/detail/toggle_cleaning__rosidl_typesupport_introspection_cpp.hpp
[0.448s] -- Up-to-date: /home/quentin/Bureau/roomba_virtuel/install/custom_interfaces/include/custom_interfaces/custom_interfaces/srv/detail/set_power_mode__type_support.cpp
[0.448s] -- Up-to-date: /home/quentin/Bureau/roomba_virtuel/install/custom_interfaces/include/custom_interfaces/custom_interfaces/msg
[0.448s] -- Up-to-date: /home/quentin/Bureau/roomba_virtuel/install/custom_interfaces/include/custom_interfaces/custom_interfaces/msg/detail
[0.448s] -- Up-to-date: /home/quentin/Bureau/roomba_virtuel/install/custom_interfaces/include/custom_interfaces/custom_interfaces/msg/detail/roomba_state__type_support.cpp
[0.449s] -- Up-to-date: /home/quentin/Bureau/roomba_virtuel/install/custom_interfaces/include/custom_interfaces/custom_interfaces/msg/detail/roomba_state__rosidl_typesupport_introspection_cpp.hpp
[0.449s] -- Up-to-date: /home/quentin/Bureau/roomba_virtuel/install/custom_interfaces/lib/libcustom_interfaces__rosidl_typesupport_introspection_cpp.so
[0.449s] -- Up-to-date: /home/quentin/Bureau/roomba_virtuel/install/custom_interfaces/lib/libcustom_interfaces__rosidl_typesupport_cpp.so
[0.449s] -- Up-to-date: /home/quentin/Bureau/roomba_virtuel/install/custom_interfaces/share/custom_interfaces/environment/pythonpath.sh
[0.449s] -- Up-to-date: /home/quentin/Bureau/roomba_virtuel/install/custom_interfaces/share/custom_interfaces/environment/pythonpath.dsv
[0.450s] -- Up-to-date: /home/quentin/Bureau/roomba_virtuel/install/custom_interfaces/lib/python3.12/site-packages/custom_interfaces-0.0.0-py3.12.egg-info
[0.450s] -- Installing: /home/quentin/Bureau/roomba_virtuel/install/custom_interfaces/lib/python3.12/site-packages/custom_interfaces-0.0.0-py3.12.egg-info/top_level.txt
[0.450s] -- Installing: /home/quentin/Bureau/roomba_virtuel/install/custom_interfaces/lib/python3.12/site-packages/custom_interfaces-0.0.0-py3.12.egg-info/PKG-INFO
[0.450s] -- Installing: /home/quentin/Bureau/roomba_virtuel/install/custom_interfaces/lib/python3.12/site-packages/custom_interfaces-0.0.0-py3.12.egg-info/dependency_links.txt
[0.450s] -- Installing: /home/quentin/Bureau/roomba_virtuel/install/custom_interfaces/lib/python3.12/site-packages/custom_interfaces-0.0.0-py3.12.egg-info/SOURCES.txt
[0.450s] -- Up-to-date: /home/quentin/Bureau/roomba_virtuel/install/custom_interfaces/lib/python3.12/site-packages/custom_interfaces
[0.451s] -- Up-to-date: /home/quentin/Bureau/roomba_virtuel/install/custom_interfaces/lib/python3.12/site-packages/custom_interfaces/srv
[0.451s] -- Up-to-date: /home/quentin/Bureau/roomba_virtuel/install/custom_interfaces/lib/python3.12/site-packages/custom_interfaces/srv/_set_power_mode.py
[0.451s] -- Up-to-date: /home/quentin/Bureau/roomba_virtuel/install/custom_interfaces/lib/python3.12/site-packages/custom_interfaces/srv/_toggle_cleaning.py
[0.451s] -- Up-to-date: /home/quentin/Bureau/roomba_virtuel/install/custom_interfaces/lib/python3.12/site-packages/custom_interfaces/srv/__init__.py
[0.451s] -- Up-to-date: /home/quentin/Bureau/roomba_virtuel/install/custom_interfaces/lib/python3.12/site-packages/custom_interfaces/srv/_set_power_mode_s.c
[0.451s] -- Up-to-date: /home/quentin/Bureau/roomba_virtuel/install/custom_interfaces/lib/python3.12/site-packages/custom_interfaces/srv/_toggle_cleaning_s.c
[0.452s] -- Up-to-date: /home/quentin/Bureau/roomba_virtuel/install/custom_interfaces/lib/python3.12/site-packages/custom_interfaces/__init__.py
[0.452s] -- Up-to-date: /home/quentin/Bureau/roomba_virtuel/install/custom_interfaces/lib/python3.12/site-packages/custom_interfaces/custom_interfaces_s__rosidl_typesupport_introspection_c.so
[0.452s] -- Up-to-date: /home/quentin/Bureau/roomba_virtuel/install/custom_interfaces/lib/python3.12/site-packages/custom_interfaces/_custom_interfaces_s.ep.rosidl_typesupport_fastrtps_c.c
[0.452s] -- Up-to-date: /home/quentin/Bureau/roomba_virtuel/install/custom_interfaces/lib/python3.12/site-packages/custom_interfaces/msg
[0.452s] -- Up-to-date: /home/quentin/Bureau/roomba_virtuel/install/custom_interfaces/lib/python3.12/site-packages/custom_interfaces/msg/__init__.py
[0.453s] -- Up-to-date: /home/quentin/Bureau/roomba_virtuel/install/custom_interfaces/lib/python3.12/site-packages/custom_interfaces/msg/_roomba_state_s.c
[0.453s] -- Up-to-date: /home/quentin/Bureau/roomba_virtuel/install/custom_interfaces/lib/python3.12/site-packages/custom_interfaces/msg/_roomba_state.py
[0.453s] -- Up-to-date: /home/quentin/Bureau/roomba_virtuel/install/custom_interfaces/lib/python3.12/site-packages/custom_interfaces/custom_interfaces_s__rosidl_typesupport_fastrtps_c.so
[0.453s] -- Up-to-date: /home/quentin/Bureau/roomba_virtuel/install/custom_interfaces/lib/python3.12/site-packages/custom_interfaces/custom_interfaces_s__rosidl_typesupport_c.so
[0.453s] -- Up-to-date: /home/quentin/Bureau/roomba_virtuel/install/custom_interfaces/lib/python3.12/site-packages/custom_interfaces/_custom_interfaces_s.ep.rosidl_typesupport_c.c
[0.453s] -- Up-to-date: /home/quentin/Bureau/roomba_virtuel/install/custom_interfaces/lib/python3.12/site-packages/custom_interfaces/_custom_interfaces_s.ep.rosidl_typesupport_introspection_c.c
[0.460s] Listing '/home/quentin/Bureau/roomba_virtuel/install/custom_interfaces/lib/python3.12/site-packages/custom_interfaces'...
[0.461s] Listing '/home/quentin/Bureau/roomba_virtuel/install/custom_interfaces/lib/python3.12/site-packages/custom_interfaces/msg'...
[0.461s] Listing '/home/quentin/Bureau/roomba_virtuel/install/custom_interfaces/lib/python3.12/site-packages/custom_interfaces/srv'...
[0.466s] -- Up-to-date: /home/quentin/Bureau/roomba_virtuel/install/custom_interfaces/lib/python3.12/site-packages/custom_interfaces/custom_interfaces_s__rosidl_typesupport_fastrtps_c.so
[0.467s] -- Up-to-date: /home/quentin/Bureau/roomba_virtuel/install/custom_interfaces/lib/python3.12/site-packages/custom_interfaces/custom_interfaces_s__rosidl_typesupport_introspection_c.so
[0.467s] -- Up-to-date: /home/quentin/Bureau/roomba_virtuel/install/custom_interfaces/lib/python3.12/site-packages/custom_interfaces/custom_interfaces_s__rosidl_typesupport_c.so
[0.467s] -- Up-to-date: /home/quentin/Bureau/roomba_virtuel/install/custom_interfaces/lib/libcustom_interfaces__rosidl_generator_py.so
[0.467s] -- Up-to-date: /home/quentin/Bureau/roomba_virtuel/install/custom_interfaces/share/ament_index/resource_index/rust_packages/custom_interfaces
[0.468s] -- Up-to-date: /home/quentin/Bureau/roomba_virtuel/install/custom_interfaces/share/custom_interfaces/rust
[0.468s] -- Up-to-date: /home/quentin/Bureau/roomba_virtuel/install/custom_interfaces/share/custom_interfaces/rust/src
[0.468s] -- Up-to-date: /home/quentin/Bureau/roomba_virtuel/install/custom_interfaces/share/custom_interfaces/rust/src/msg.rs
[0.468s] -- Up-to-date: /home/quentin/Bureau/roomba_virtuel/install/custom_interfaces/share/custom_interfaces/rust/src/srv
[0.469s] -- Up-to-date: /home/quentin/Bureau/roomba_virtuel/install/custom_interfaces/share/custom_interfaces/rust/src/srv/rmw.rs
[0.469s] -- Up-to-date: /home/quentin/Bureau/roomba_virtuel/install/custom_interfaces/share/custom_interfaces/rust/src/msg
[0.469s] -- Up-to-date: /home/quentin/Bureau/roomba_virtuel/install/custom_interfaces/share/custom_interfaces/rust/src/msg/rmw.rs
[0.469s] -- Up-to-date: /home/quentin/Bureau/roomba_virtuel/install/custom_interfaces/share/custom_interfaces/rust/src/srv.rs
[0.470s] -- Up-to-date: /home/quentin/Bureau/roomba_virtuel/install/custom_interfaces/share/custom_interfaces/rust/src/lib.rs
[0.470s] -- Up-to-date: /home/quentin/Bureau/roomba_virtuel/install/custom_interfaces/share/custom_interfaces/rust/Cargo.toml
[0.470s] -- Up-to-date: /home/quentin/Bureau/roomba_virtuel/install/custom_interfaces/share/custom_interfaces/rust/build.rs
[0.471s] -- Up-to-date: /home/quentin/Bureau/roomba_virtuel/install/custom_interfaces/share/custom_interfaces/msg/RoombaState.idl
[0.471s] -- Up-to-date: /home/quentin/Bureau/roomba_virtuel/install/custom_interfaces/share/custom_interfaces/srv/SetPowerMode.idl
[0.471s] -- Up-to-date: /home/quentin/Bureau/roomba_virtuel/install/custom_interfaces/share/custom_interfaces/srv/ToggleCleaning.idl
[0.471s] -- Up-to-date: /home/quentin/Bureau/roomba_virtuel/install/custom_interfaces/share/custom_interfaces/msg/RoombaState.msg
[0.471s] -- Up-to-date: /home/quentin/Bureau/roomba_virtuel/install/custom_interfaces/share/custom_interfaces/srv/SetPowerMode.srv
[0.471s] -- Up-to-date: /home/quentin/Bureau/roomba_virtuel/install/custom_interfaces/share/custom_interfaces/srv/ToggleCleaning.srv
[0.472s] -- Up-to-date: /home/quentin/Bureau/roomba_virtuel/install/custom_interfaces/share/ament_index/resource_index/package_run_dependencies/custom_interfaces
[0.472s] -- Up-to-date: /home/quentin/Bureau/roomba_virtuel/install/custom_interfaces/share/ament_index/resource_index/parent_prefix_path/custom_interfaces
[0.472s] -- Up-to-date: /home/quentin/Bureau/roomba_virtuel/install/custom_interfaces/share/custom_interfaces/environment/ament_prefix_path.sh
[0.472s] -- Up-to-date: /home/quentin/Bureau/roomba_virtuel/install/custom_interfaces/share/custom_interfaces/environment/ament_prefix_path.dsv
[0.472s] -- Up-to-date: /home/quentin/Bureau/roomba_virtuel/install/custom_interfaces/share/custom_interfaces/environment/path.sh
[0.473s] -- Up-to-date: /home/quentin/Bureau/roomba_virtuel/install/custom_interfaces/share/custom_interfaces/environment/path.dsv
[0.473s] -- Up-to-date: /home/quentin/Bureau/roomba_virtuel/install/custom_interfaces/share/custom_interfaces/local_setup.bash
[0.474s] -- Up-to-date: /home/quentin/Bureau/roomba_virtuel/install/custom_interfaces/share/custom_interfaces/local_setup.sh
[0.474s] -- Up-to-date: /home/quentin/Bureau/roomba_virtuel/install/custom_interfaces/share/custom_interfaces/local_setup.zsh
[0.475s] -- Up-to-date: /home/quentin/Bureau/roomba_virtuel/install/custom_interfaces/share/custom_interfaces/local_setup.dsv
[0.475s] -- Installing: /home/quentin/Bureau/roomba_virtuel/install/custom_interfaces/share/custom_interfaces/package.dsv
[0.476s] -- Up-to-date: /home/quentin/Bureau/roomba_virtuel/install/custom_interfaces/share/ament_index/resource_index/packages/custom_interfaces
[0.477s] -- Up-to-date: /home/quentin/Bureau/roomba_virtuel/install/custom_interfaces/share/custom_interfaces/cmake/export_custom_interfaces__rosidl_generator_cExport.cmake
[0.477s] -- Up-to-date: /home/quentin/Bureau/roomba_virtuel/install/custom_interfaces/share/custom_interfaces/cmake/export_custom_interfaces__rosidl_generator_cExport-noconfig.cmake
[0.478s] -- Up-to-date: /home/quentin/Bureau/roomba_virtuel/install/custom_interfaces/share/custom_interfaces/cmake/export_custom_interfaces__rosidl_typesupport_fastrtps_cExport.cmake
[0.478s] -- Up-to-date: /home/quentin/Bureau/roomba_virtuel/install/custom_interfaces/share/custom_interfaces/cmake/export_custom_interfaces__rosidl_typesupport_fastrtps_cExport-noconfig.cmake
[0.478s] -- Up-to-date: /home/quentin/Bureau/roomba_virtuel/install/custom_interfaces/share/custom_interfaces/cmake/custom_interfaces__rosidl_typesupport_introspection_cExport.cmake
[0.479s] -- Up-to-date: /home/quentin/Bureau/roomba_virtuel/install/custom_interfaces/share/custom_interfaces/cmake/custom_interfaces__rosidl_typesupport_introspection_cExport-noconfig.cmake
[0.479s] -- Up-to-date: /home/quentin/Bureau/roomba_virtuel/install/custom_interfaces/share/custom_interfaces/cmake/custom_interfaces__rosidl_typesupport_cExport.cmake
[0.480s] -- Up-to-date: /home/quentin/Bureau/roomba_virtuel/install/custom_interfaces/share/custom_interfaces/cmake/custom_interfaces__rosidl_typesupport_cExport-noconfig.cmake
[0.480s] -- Up-to-date: /home/quentin/Bureau/roomba_virtuel/install/custom_interfaces/share/custom_interfaces/cmake/export_custom_interfaces__rosidl_generator_cppExport.cmake
[0.481s] -- Up-to-date: /home/quentin/Bureau/roomba_virtuel/install/custom_interfaces/share/custom_interfaces/cmake/export_custom_interfaces__rosidl_typesupport_fastrtps_cppExport.cmake
[0.482s] -- Up-to-date: /home/quentin/Bureau/roomba_virtuel/install/custom_interfaces/share/custom_interfaces/cmake/export_custom_interfaces__rosidl_typesupport_fastrtps_cppExport-noconfig.cmake
[0.482s] -- Up-to-date: /home/quentin/Bureau/roomba_virtuel/install/custom_interfaces/share/custom_interfaces/cmake/custom_interfaces__rosidl_typesupport_introspection_cppExport.cmake
[0.483s] -- Up-to-date: /home/quentin/Bureau/roomba_virtuel/install/custom_interfaces/share/custom_interfaces/cmake/custom_interfaces__rosidl_typesupport_introspection_cppExport-noconfig.cmake
[0.483s] -- Up-to-date: /home/quentin/Bureau/roomba_virtuel/install/custom_interfaces/share/custom_interfaces/cmake/custom_interfaces__rosidl_typesupport_cppExport.cmake
[0.484s] -- Up-to-date: /home/quentin/Bureau/roomba_virtuel/install/custom_interfaces/share/custom_interfaces/cmake/custom_interfaces__rosidl_typesupport_cppExport-noconfig.cmake
[0.484s] -- Up-to-date: /home/quentin/Bureau/roomba_virtuel/install/custom_interfaces/share/custom_interfaces/cmake/export_custom_interfaces__rosidl_generator_pyExport.cmake
[0.484s] -- Up-to-date: /home/quentin/Bureau/roomba_virtuel/install/custom_interfaces/share/custom_interfaces/cmake/export_custom_interfaces__rosidl_generator_pyExport-noconfig.cmake
[0.484s] -- Up-to-date: /home/quentin/Bureau/roomba_virtuel/install/custom_interfaces/share/custom_interfaces/cmake/rosidl_cmake-extras.cmake
[0.485s] -- Up-to-date: /home/quentin/Bureau/roomba_virtuel/install/custom_interfaces/share/custom_interfaces/cmake/ament_cmake_export_dependencies-extras.cmake
[0.485s] -- Up-to-date: /home/quentin/Bureau/roomba_virtuel/install/custom_interfaces/share/custom_interfaces/cmake/ament_cmake_export_include_directories-extras.cmake
[0.485s] -- Up-to-date: /home/quentin/Bureau/roomba_virtuel/install/custom_interfaces/share/custom_interfaces/cmake/ament_cmake_export_libraries-extras.cmake
[0.485s] -- Up-to-date: /home/quentin/Bureau/roomba_virtuel/install/custom_interfaces/share/custom_interfaces/cmake/ament_cmake_export_targets-extras.cmake
[0.486s] -- Up-to-date: /home/quentin/Bureau/roomba_virtuel/install/custom_interfaces/share/custom_interfaces/cmake/rosidl_cmake_export_typesupport_targets-extras.cmake
[0.486s] -- Up-to-date: /home/quentin/Bureau/roomba_virtuel/install/custom_interfaces/share/custom_interfaces/cmake/rosidl_cmake_export_typesupport_libraries-extras.cmake
[0.486s] -- Up-to-date: /home/quentin/Bureau/roomba_virtuel/install/custom_interfaces/share/custom_interfaces/cmake/custom_interfacesConfig.cmake
[0.487s] -- Up-to-date: /home/quentin/Bureau/roomba_virtuel/install/custom_interfaces/share/custom_interfaces/cmake/custom_interfacesConfig-version.cmake
[0.487s] -- Up-to-date: /home/quentin/Bureau/roomba_virtuel/install/custom_interfaces/share/custom_interfaces/package.xml
[0.487s] Invoked command in '/home/quentin/Bureau/roomba_virtuel/build/custom_interfaces' returned '0': CMAKE_PREFIX_PATH=${CMAKE_PREFIX_PATH}:/opt/ros/jazzy DEBUGINFOD_URLS=https://debuginfod.ubuntu.com /usr/bin/cmake --install /home/quentin/Bureau/roomba_virtuel/build/custom_interfaces
